
**** Clean-only build of configuration Nios II for project lab3_bsp ****

make clean 
[BSP clean complete]

**** Build Finished ****

**** Clean-only build of configuration Nios II for project lab3 ****

make clean 
[lab3 clean complete]

**** Build Finished ****

**** Build of configuration Nios II for project lab3 ****

make all 
Info: Building ../lab3_bsp/
make --no-print-directory -C ../lab3_bsp/
Compiling alt_alarm_start.c...
nios2-elf-gcc -xc -MP -MMD -c  -I./HAL/inc -I. -I./drivers/inc -DSYSTEM_BUS_WIDTH=32 -pipe -D__hal__ -DALT_NO_INSTRUCTION_EMULATION -DALT_SINGLE_THREADED    -O0 -g -Wall  -EL -mhw-div -mcustom-fpu-cfg=60-2 -mhw-mul -mno-hw-mulx   -o obj/HAL/src/alt_alarm_start.o HAL/src/alt_alarm_start.c
Compiling alt_busy_sleep.c...
nios2-elf-gcc -xc -MP -MMD -c  -I./HAL/inc -I. -I./drivers/inc -DSYSTEM_BUS_WIDTH=32 -pipe -D__hal__ -DALT_NO_INSTRUCTION_EMULATION -DALT_SINGLE_THREADED    -O0 -g -Wall  -EL -mhw-div -mcustom-fpu-cfg=60-2 -mhw-mul -mno-hw-mulx   -o obj/HAL/src/alt_busy_sleep.o HAL/src/alt_busy_sleep.c
Compiling alt_close.c...
nios2-elf-gcc -xc -MP -MMD -c  -I./HAL/inc -I. -I./drivers/inc -DSYSTEM_BUS_WIDTH=32 -pipe -D__hal__ -DALT_NO_INSTRUCTION_EMULATION -DALT_SINGLE_THREADED    -O0 -g -Wall  -EL -mhw-div -mcustom-fpu-cfg=60-2 -mhw-mul -mno-hw-mulx   -o obj/HAL/src/alt_close.o HAL/src/alt_close.c
Compiling alt_dcache_flush.c...
nios2-elf-gcc -xc -MP -MMD -c  -I./HAL/inc -I. -I./drivers/inc -DSYSTEM_BUS_WIDTH=32 -pipe -D__hal__ -DALT_NO_INSTRUCTION_EMULATION -DALT_SINGLE_THREADED    -O0 -g -Wall  -EL -mhw-div -mcustom-fpu-cfg=60-2 -mhw-mul -mno-hw-mulx   -o obj/HAL/src/alt_dcache_flush.o HAL/src/alt_dcache_flush.c
Compiling alt_dcache_flush_all.c...
nios2-elf-gcc -xc -MP -MMD -c  -I./HAL/inc -I. -I./drivers/inc -DSYSTEM_BUS_WIDTH=32 -pipe -D__hal__ -DALT_NO_INSTRUCTION_EMULATION -DALT_SINGLE_THREADED    -O0 -g -Wall  -EL -mhw-div -mcustom-fpu-cfg=60-2 -mhw-mul -mno-hw-mulx   -o obj/HAL/src/alt_dcache_flush_all.o HAL/src/alt_dcache_flush_all.c
Compiling alt_dcache_flush_no_writeback.c...
nios2-elf-gcc -xc -MP -MMD -c  -I./HAL/inc -I. -I./drivers/inc -DSYSTEM_BUS_WIDTH=32 -pipe -D__hal__ -DALT_NO_INSTRUCTION_EMULATION -DALT_SINGLE_THREADED    -O0 -g -Wall  -EL -mhw-div -mcustom-fpu-cfg=60-2 -mhw-mul -mno-hw-mulx   -o obj/HAL/src/alt_dcache_flush_no_writeback.o HAL/src/alt_dcache_flush_no_writeback.c
Compiling alt_dev.c...
nios2-elf-gcc -xc -MP -MMD -c  -I./HAL/inc -I. -I./drivers/inc -DSYSTEM_BUS_WIDTH=32 -pipe -D__hal__ -DALT_NO_INSTRUCTION_EMULATION -DALT_SINGLE_THREADED    -O0 -g -Wall  -EL -mhw-div -mcustom-fpu-cfg=60-2 -mhw-mul -mno-hw-mulx   -o obj/HAL/src/alt_dev.o HAL/src/alt_dev.c
Compiling alt_dev_llist_insert.c...
nios2-elf-gcc -xc -MP -MMD -c  -I./HAL/inc -I. -I./drivers/inc -DSYSTEM_BUS_WIDTH=32 -pipe -D__hal__ -DALT_NO_INSTRUCTION_EMULATION -DALT_SINGLE_THREADED    -O0 -g -Wall  -EL -mhw-div -mcustom-fpu-cfg=60-2 -mhw-mul -mno-hw-mulx   -o obj/HAL/src/alt_dev_llist_insert.o HAL/src/alt_dev_llist_insert.c
Compiling alt_dma_rxchan_open.c...
nios2-elf-gcc -xc -MP -MMD -c  -I./HAL/inc -I. -I./drivers/inc -DSYSTEM_BUS_WIDTH=32 -pipe -D__hal__ -DALT_NO_INSTRUCTION_EMULATION -DALT_SINGLE_THREADED    -O0 -g -Wall  -EL -mhw-div -mcustom-fpu-cfg=60-2 -mhw-mul -mno-hw-mulx   -o obj/HAL/src/alt_dma_rxchan_open.o HAL/src/alt_dma_rxchan_open.c
Compiling alt_dma_txchan_open.c...
nios2-elf-gcc -xc -MP -MMD -c  -I./HAL/inc -I. -I./drivers/inc -DSYSTEM_BUS_WIDTH=32 -pipe -D__hal__ -DALT_NO_INSTRUCTION_EMULATION -DALT_SINGLE_THREADED    -O0 -g -Wall  -EL -mhw-div -mcustom-fpu-cfg=60-2 -mhw-mul -mno-hw-mulx   -o obj/HAL/src/alt_dma_txchan_open.o HAL/src/alt_dma_txchan_open.c
Compiling alt_do_ctors.c...
nios2-elf-gcc -xc -MP -MMD -c  -I./HAL/inc -I. -I./drivers/inc -DSYSTEM_BUS_WIDTH=32 -pipe -D__hal__ -DALT_NO_INSTRUCTION_EMULATION -DALT_SINGLE_THREADED    -O0 -g -Wall  -EL -mhw-div -mcustom-fpu-cfg=60-2 -mhw-mul -mno-hw-mulx   -o obj/HAL/src/alt_do_ctors.o HAL/src/alt_do_ctors.c
Compiling alt_do_dtors.c...
nios2-elf-gcc -xc -MP -MMD -c  -I./HAL/inc -I. -I./drivers/inc -DSYSTEM_BUS_WIDTH=32 -pipe -D__hal__ -DALT_NO_INSTRUCTION_EMULATION -DALT_SINGLE_THREADED    -O0 -g -Wall  -EL -mhw-div -mcustom-fpu-cfg=60-2 -mhw-mul -mno-hw-mulx   -o obj/HAL/src/alt_do_dtors.o HAL/src/alt_do_dtors.c
Compiling alt_env_lock.c...
nios2-elf-gcc -xc -MP -MMD -c  -I./HAL/inc -I. -I./drivers/inc -DSYSTEM_BUS_WIDTH=32 -pipe -D__hal__ -DALT_NO_INSTRUCTION_EMULATION -DALT_SINGLE_THREADED    -O0 -g -Wall  -EL -mhw-div -mcustom-fpu-cfg=60-2 -mhw-mul -mno-hw-mulx   -o obj/HAL/src/alt_env_lock.o HAL/src/alt_env_lock.c
Compiling alt_environ.c...
nios2-elf-gcc -xc -MP -MMD -c  -I./HAL/inc -I. -I./drivers/inc -DSYSTEM_BUS_WIDTH=32 -pipe -D__hal__ -DALT_NO_INSTRUCTION_EMULATION -DALT_SINGLE_THREADED    -O0 -g -Wall  -EL -mhw-div -mcustom-fpu-cfg=60-2 -mhw-mul -mno-hw-mulx   -o obj/HAL/src/alt_environ.o HAL/src/alt_environ.c
Compiling alt_errno.c...
nios2-elf-gcc -xc -MP -MMD -c  -I./HAL/inc -I. -I./drivers/inc -DSYSTEM_BUS_WIDTH=32 -pipe -D__hal__ -DALT_NO_INSTRUCTION_EMULATION -DALT_SINGLE_THREADED    -O0 -g -Wall  -EL -mhw-div -mcustom-fpu-cfg=60-2 -mhw-mul -mno-hw-mulx   -o obj/HAL/src/alt_errno.o HAL/src/alt_errno.c
Compiling alt_exception_entry.S...
nios2-elf-gcc -MP -MMD -c   -O0 -g -Wall  -EL -mhw-div -mcustom-fpu-cfg=60-2 -mhw-mul -mno-hw-mulx    -I./HAL/inc -I. -I./drivers/inc -DSYSTEM_BUS_WIDTH=32 -pipe -D__hal__ -DALT_NO_INSTRUCTION_EMULATION -DALT_SINGLE_THREADED  -Wa,-gdwarf2  -o obj/HAL/src/alt_exception_entry.o HAL/src/alt_exception_entry.S
Compiling alt_exception_muldiv.S...
nios2-elf-gcc -MP -MMD -c   -O0 -g -Wall  -EL -mhw-div -mcustom-fpu-cfg=60-2 -mhw-mul -mno-hw-mulx    -I./HAL/inc -I. -I./drivers/inc -DSYSTEM_BUS_WIDTH=32 -pipe -D__hal__ -DALT_NO_INSTRUCTION_EMULATION -DALT_SINGLE_THREADED  -Wa,-gdwarf2  -o obj/HAL/src/alt_exception_muldiv.o HAL/src/alt_exception_muldiv.S
Compiling alt_exception_trap.S...
nios2-elf-gcc -MP -MMD -c   -O0 -g -Wall  -EL -mhw-div -mcustom-fpu-cfg=60-2 -mhw-mul -mno-hw-mulx    -I./HAL/inc -I. -I./drivers/inc -DSYSTEM_BUS_WIDTH=32 -pipe -D__hal__ -DALT_NO_INSTRUCTION_EMULATION -DALT_SINGLE_THREADED  -Wa,-gdwarf2  -o obj/HAL/src/alt_exception_trap.o HAL/src/alt_exception_trap.S
Compiling alt_execve.c...
nios2-elf-gcc -xc -MP -MMD -c  -I./HAL/inc -I. -I./drivers/inc -DSYSTEM_BUS_WIDTH=32 -pipe -D__hal__ -DALT_NO_INSTRUCTION_EMULATION -DALT_SINGLE_THREADED    -O0 -g -Wall  -EL -mhw-div -mcustom-fpu-cfg=60-2 -mhw-mul -mno-hw-mulx   -o obj/HAL/src/alt_execve.o HAL/src/alt_execve.c
Compiling alt_exit.c...
nios2-elf-gcc -xc -MP -MMD -c  -I./HAL/inc -I. -I./drivers/inc -DSYSTEM_BUS_WIDTH=32 -pipe -D__hal__ -DALT_NO_INSTRUCTION_EMULATION -DALT_SINGLE_THREADED    -O0 -g -Wall  -EL -mhw-div -mcustom-fpu-cfg=60-2 -mhw-mul -mno-hw-mulx   -o obj/HAL/src/alt_exit.o HAL/src/alt_exit.c
Compiling alt_fcntl.c...
nios2-elf-gcc -xc -MP -MMD -c  -I./HAL/inc -I. -I./drivers/inc -DSYSTEM_BUS_WIDTH=32 -pipe -D__hal__ -DALT_NO_INSTRUCTION_EMULATION -DALT_SINGLE_THREADED    -O0 -g -Wall  -EL -mhw-div -mcustom-fpu-cfg=60-2 -mhw-mul -mno-hw-mulx   -o obj/HAL/src/alt_fcntl.o HAL/src/alt_fcntl.c
Compiling alt_fd_lock.c...
nios2-elf-gcc -xc -MP -MMD -c  -I./HAL/inc -I. -I./drivers/inc -DSYSTEM_BUS_WIDTH=32 -pipe -D__hal__ -DALT_NO_INSTRUCTION_EMULATION -DALT_SINGLE_THREADED    -O0 -g -Wall  -EL -mhw-div -mcustom-fpu-cfg=60-2 -mhw-mul -mno-hw-mulx   -o obj/HAL/src/alt_fd_lock.o HAL/src/alt_fd_lock.c
Compiling alt_fd_unlock.c...
nios2-elf-gcc -xc -MP -MMD -c  -I./HAL/inc -I. -I./drivers/inc -DSYSTEM_BUS_WIDTH=32 -pipe -D__hal__ -DALT_NO_INSTRUCTION_EMULATION -DALT_SINGLE_THREADED    -O0 -g -Wall  -EL -mhw-div -mcustom-fpu-cfg=60-2 -mhw-mul -mno-hw-mulx   -o obj/HAL/src/alt_fd_unlock.o HAL/src/alt_fd_unlock.c
Compiling alt_find_dev.c...
nios2-elf-gcc -xc -MP -MMD -c  -I./HAL/inc -I. -I./drivers/inc -DSYSTEM_BUS_WIDTH=32 -pipe -D__hal__ -DALT_NO_INSTRUCTION_EMULATION -DALT_SINGLE_THREADED    -O0 -g -Wall  -EL -mhw-div -mcustom-fpu-cfg=60-2 -mhw-mul -mno-hw-mulx   -o obj/HAL/src/alt_find_dev.o HAL/src/alt_find_dev.c
Compiling alt_find_file.c...
nios2-elf-gcc -xc -MP -MMD -c  -I./HAL/inc -I. -I./drivers/inc -DSYSTEM_BUS_WIDTH=32 -pipe -D__hal__ -DALT_NO_INSTRUCTION_EMULATION -DALT_SINGLE_THREADED    -O0 -g -Wall  -EL -mhw-div -mcustom-fpu-cfg=60-2 -mhw-mul -mno-hw-mulx   -o obj/HAL/src/alt_find_file.o HAL/src/alt_find_file.c
Compiling alt_flash_dev.c...
nios2-elf-gcc -xc -MP -MMD -c  -I./HAL/inc -I. -I./drivers/inc -DSYSTEM_BUS_WIDTH=32 -pipe -D__hal__ -DALT_NO_INSTRUCTION_EMULATION -DALT_SINGLE_THREADED    -O0 -g -Wall  -EL -mhw-div -mcustom-fpu-cfg=60-2 -mhw-mul -mno-hw-mulx   -o obj/HAL/src/alt_flash_dev.o HAL/src/alt_flash_dev.c
Compiling alt_fork.c...
nios2-elf-gcc -xc -MP -MMD -c  -I./HAL/inc -I. -I./drivers/inc -DSYSTEM_BUS_WIDTH=32 -pipe -D__hal__ -DALT_NO_INSTRUCTION_EMULATION -DALT_SINGLE_THREADED    -O0 -g -Wall  -EL -mhw-div -mcustom-fpu-cfg=60-2 -mhw-mul -mno-hw-mulx   -o obj/HAL/src/alt_fork.o HAL/src/alt_fork.c
Compiling alt_fs_reg.c...
nios2-elf-gcc -xc -MP -MMD -c  -I./HAL/inc -I. -I./drivers/inc -DSYSTEM_BUS_WIDTH=32 -pipe -D__hal__ -DALT_NO_INSTRUCTION_EMULATION -DALT_SINGLE_THREADED    -O0 -g -Wall  -EL -mhw-div -mcustom-fpu-cfg=60-2 -mhw-mul -mno-hw-mulx   -o obj/HAL/src/alt_fs_reg.o HAL/src/alt_fs_reg.c
Compiling alt_fstat.c...
nios2-elf-gcc -xc -MP -MMD -c  -I./HAL/inc -I. -I./drivers/inc -DSYSTEM_BUS_WIDTH=32 -pipe -D__hal__ -DALT_NO_INSTRUCTION_EMULATION -DALT_SINGLE_THREADED    -O0 -g -Wall  -EL -mhw-div -mcustom-fpu-cfg=60-2 -mhw-mul -mno-hw-mulx   -o obj/HAL/src/alt_fstat.o HAL/src/alt_fstat.c
Compiling alt_get_fd.c...
nios2-elf-gcc -xc -MP -MMD -c  -I./HAL/inc -I. -I./drivers/inc -DSYSTEM_BUS_WIDTH=32 -pipe -D__hal__ -DALT_NO_INSTRUCTION_EMULATION -DALT_SINGLE_THREADED    -O0 -g -Wall  -EL -mhw-div -mcustom-fpu-cfg=60-2 -mhw-mul -mno-hw-mulx   -o obj/HAL/src/alt_get_fd.o HAL/src/alt_get_fd.c
Compiling alt_getchar.c...
nios2-elf-gcc -xc -MP -MMD -c  -I./HAL/inc -I. -I./drivers/inc -DSYSTEM_BUS_WIDTH=32 -pipe -D__hal__ -DALT_NO_INSTRUCTION_EMULATION -DALT_SINGLE_THREADED    -O0 -g -Wall  -EL -mhw-div -mcustom-fpu-cfg=60-2 -mhw-mul -mno-hw-mulx   -o obj/HAL/src/alt_getchar.o HAL/src/alt_getchar.c
Compiling alt_getpid.c...
nios2-elf-gcc -xc -MP -MMD -c  -I./HAL/inc -I. -I./drivers/inc -DSYSTEM_BUS_WIDTH=32 -pipe -D__hal__ -DALT_NO_INSTRUCTION_EMULATION -DALT_SINGLE_THREADED    -O0 -g -Wall  -EL -mhw-div -mcustom-fpu-cfg=60-2 -mhw-mul -mno-hw-mulx   -o obj/HAL/src/alt_getpid.o HAL/src/alt_getpid.c
Compiling alt_gettod.c...
nios2-elf-gcc -xc -MP -MMD -c  -I./HAL/inc -I. -I./drivers/inc -DSYSTEM_BUS_WIDTH=32 -pipe -D__hal__ -DALT_NO_INSTRUCTION_EMULATION -DALT_SINGLE_THREADED    -O0 -g -Wall  -EL -mhw-div -mcustom-fpu-cfg=60-2 -mhw-mul -mno-hw-mulx   -o obj/HAL/src/alt_gettod.o HAL/src/alt_gettod.c
Compiling alt_gmon.c...
nios2-elf-gcc -xc -MP -MMD -c  -I./HAL/inc -I. -I./drivers/inc -DSYSTEM_BUS_WIDTH=32 -pipe -D__hal__ -DALT_NO_INSTRUCTION_EMULATION -DALT_SINGLE_THREADED    -O0 -g -Wall  -EL -mhw-div -mcustom-fpu-cfg=60-2 -mhw-mul -mno-hw-mulx   -o obj/HAL/src/alt_gmon.o HAL/src/alt_gmon.c
Compiling alt_icache_flush.c...
nios2-elf-gcc -xc -MP -MMD -c  -I./HAL/inc -I. -I./drivers/inc -DSYSTEM_BUS_WIDTH=32 -pipe -D__hal__ -DALT_NO_INSTRUCTION_EMULATION -DALT_SINGLE_THREADED    -O0 -g -Wall  -EL -mhw-div -mcustom-fpu-cfg=60-2 -mhw-mul -mno-hw-mulx   -o obj/HAL/src/alt_icache_flush.o HAL/src/alt_icache_flush.c
Compiling alt_icache_flush_all.c...
nios2-elf-gcc -xc -MP -MMD -c  -I./HAL/inc -I. -I./drivers/inc -DSYSTEM_BUS_WIDTH=32 -pipe -D__hal__ -DALT_NO_INSTRUCTION_EMULATION -DALT_SINGLE_THREADED    -O0 -g -Wall  -EL -mhw-div -mcustom-fpu-cfg=60-2 -mhw-mul -mno-hw-mulx   -o obj/HAL/src/alt_icache_flush_all.o HAL/src/alt_icache_flush_all.c
Compiling alt_iic.c...
nios2-elf-gcc -xc -MP -MMD -c  -I./HAL/inc -I. -I./drivers/inc -DSYSTEM_BUS_WIDTH=32 -pipe -D__hal__ -DALT_NO_INSTRUCTION_EMULATION -DALT_SINGLE_THREADED    -O0 -g -Wall  -EL -mhw-div -mcustom-fpu-cfg=60-2 -mhw-mul -mno-hw-mulx   -o obj/HAL/src/alt_iic.o HAL/src/alt_iic.c
Compiling alt_iic_isr_register.c...
nios2-elf-gcc -xc -MP -MMD -c  -I./HAL/inc -I. -I./drivers/inc -DSYSTEM_BUS_WIDTH=32 -pipe -D__hal__ -DALT_NO_INSTRUCTION_EMULATION -DALT_SINGLE_THREADED    -O0 -g -Wall  -EL -mhw-div -mcustom-fpu-cfg=60-2 -mhw-mul -mno-hw-mulx   -o obj/HAL/src/alt_iic_isr_register.o HAL/src/alt_iic_isr_register.c
Compiling alt_instruction_exception_entry.c...
nios2-elf-gcc -xc -MP -MMD -c  -I./HAL/inc -I. -I./drivers/inc -DSYSTEM_BUS_WIDTH=32 -pipe -D__hal__ -DALT_NO_INSTRUCTION_EMULATION -DALT_SINGLE_THREADED    -O0 -g -Wall  -EL -mhw-div -mcustom-fpu-cfg=60-2 -mhw-mul -mno-hw-mulx   -o obj/HAL/src/alt_instruction_exception_entry.o HAL/src/alt_instruction_exception_entry.c
Compiling alt_instruction_exception_register.c...
nios2-elf-gcc -xc -MP -MMD -c  -I./HAL/inc -I. -I./drivers/inc -DSYSTEM_BUS_WIDTH=32 -pipe -D__hal__ -DALT_NO_INSTRUCTION_EMULATION -DALT_SINGLE_THREADED    -O0 -g -Wall  -EL -mhw-div -mcustom-fpu-cfg=60-2 -mhw-mul -mno-hw-mulx   -o obj/HAL/src/alt_instruction_exception_register.o HAL/src/alt_instruction_exception_register.c
Compiling alt_io_redirect.c...
nios2-elf-gcc -xc -MP -MMD -c  -I./HAL/inc -I. -I./drivers/inc -DSYSTEM_BUS_WIDTH=32 -pipe -D__hal__ -DALT_NO_INSTRUCTION_EMULATION -DALT_SINGLE_THREADED    -O0 -g -Wall  -EL -mhw-div -mcustom-fpu-cfg=60-2 -mhw-mul -mno-hw-mulx   -o obj/HAL/src/alt_io_redirect.o HAL/src/alt_io_redirect.c
Compiling alt_ioctl.c...
nios2-elf-gcc -xc -MP -MMD -c  -I./HAL/inc -I. -I./drivers/inc -DSYSTEM_BUS_WIDTH=32 -pipe -D__hal__ -DALT_NO_INSTRUCTION_EMULATION -DALT_SINGLE_THREADED    -O0 -g -Wall  -EL -mhw-div -mcustom-fpu-cfg=60-2 -mhw-mul -mno-hw-mulx   -o obj/HAL/src/alt_ioctl.o HAL/src/alt_ioctl.c
Compiling alt_irq_entry.S...
nios2-elf-gcc -MP -MMD -c   -O0 -g -Wall  -EL -mhw-div -mcustom-fpu-cfg=60-2 -mhw-mul -mno-hw-mulx    -I./HAL/inc -I. -I./drivers/inc -DSYSTEM_BUS_WIDTH=32 -pipe -D__hal__ -DALT_NO_INSTRUCTION_EMULATION -DALT_SINGLE_THREADED  -Wa,-gdwarf2  -o obj/HAL/src/alt_irq_entry.o HAL/src/alt_irq_entry.S
Compiling alt_irq_handler.c...
nios2-elf-gcc -xc -MP -MMD -c  -I./HAL/inc -I. -I./drivers/inc -DSYSTEM_BUS_WIDTH=32 -pipe -D__hal__ -DALT_NO_INSTRUCTION_EMULATION -DALT_SINGLE_THREADED    -O0 -g -Wall  -EL -mhw-div -mcustom-fpu-cfg=60-2 -mhw-mul -mno-hw-mulx   -o obj/HAL/src/alt_irq_handler.o HAL/src/alt_irq_handler.c
Compiling alt_irq_register.c...
nios2-elf-gcc -xc -MP -MMD -c  -I./HAL/inc -I. -I./drivers/inc -DSYSTEM_BUS_WIDTH=32 -pipe -D__hal__ -DALT_NO_INSTRUCTION_EMULATION -DALT_SINGLE_THREADED    -O0 -g -Wall  -EL -mhw-div -mcustom-fpu-cfg=60-2 -mhw-mul -mno-hw-mulx   -o obj/HAL/src/alt_irq_register.o HAL/src/alt_irq_register.c
Compiling alt_irq_vars.c...
nios2-elf-gcc -xc -MP -MMD -c  -I./HAL/inc -I. -I./drivers/inc -DSYSTEM_BUS_WIDTH=32 -pipe -D__hal__ -DALT_NO_INSTRUCTION_EMULATION -DALT_SINGLE_THREADED    -O0 -g -Wall  -EL -mhw-div -mcustom-fpu-cfg=60-2 -mhw-mul -mno-hw-mulx   -o obj/HAL/src/alt_irq_vars.o HAL/src/alt_irq_vars.c
Compiling alt_isatty.c...
nios2-elf-gcc -xc -MP -MMD -c  -I./HAL/inc -I. -I./drivers/inc -DSYSTEM_BUS_WIDTH=32 -pipe -D__hal__ -DALT_NO_INSTRUCTION_EMULATION -DALT_SINGLE_THREADED    -O0 -g -Wall  -EL -mhw-div -mcustom-fpu-cfg=60-2 -mhw-mul -mno-hw-mulx   -o obj/HAL/src/alt_isatty.o HAL/src/alt_isatty.c
Compiling alt_kill.c...
nios2-elf-gcc -xc -MP -MMD -c  -I./HAL/inc -I. -I./drivers/inc -DSYSTEM_BUS_WIDTH=32 -pipe -D__hal__ -DALT_NO_INSTRUCTION_EMULATION -DALT_SINGLE_THREADED    -O0 -g -Wall  -EL -mhw-div -mcustom-fpu-cfg=60-2 -mhw-mul -mno-hw-mulx   -o obj/HAL/src/alt_kill.o HAL/src/alt_kill.c
Compiling alt_link.c...
nios2-elf-gcc -xc -MP -MMD -c  -I./HAL/inc -I. -I./drivers/inc -DSYSTEM_BUS_WIDTH=32 -pipe -D__hal__ -DALT_NO_INSTRUCTION_EMULATION -DALT_SINGLE_THREADED    -O0 -g -Wall  -EL -mhw-div -mcustom-fpu-cfg=60-2 -mhw-mul -mno-hw-mulx   -o obj/HAL/src/alt_link.o HAL/src/alt_link.c
Compiling alt_load.c...
nios2-elf-gcc -xc -MP -MMD -c  -I./HAL/inc -I. -I./drivers/inc -DSYSTEM_BUS_WIDTH=32 -pipe -D__hal__ -DALT_NO_INSTRUCTION_EMULATION -DALT_SINGLE_THREADED    -O0 -g -Wall  -EL -mhw-div -mcustom-fpu-cfg=60-2 -mhw-mul -mno-hw-mulx   -o obj/HAL/src/alt_load.o HAL/src/alt_load.c
Compiling alt_log_macro.S...
nios2-elf-gcc -MP -MMD -c   -O0 -g -Wall  -EL -mhw-div -mcustom-fpu-cfg=60-2 -mhw-mul -mno-hw-mulx    -I./HAL/inc -I. -I./drivers/inc -DSYSTEM_BUS_WIDTH=32 -pipe -D__hal__ -DALT_NO_INSTRUCTION_EMULATION -DALT_SINGLE_THREADED  -Wa,-gdwarf2  -o obj/HAL/src/alt_log_macro.o HAL/src/alt_log_macro.S
Compiling alt_log_printf.c...
nios2-elf-gcc -xc -MP -MMD -c  -I./HAL/inc -I. -I./drivers/inc -DSYSTEM_BUS_WIDTH=32 -pipe -D__hal__ -DALT_NO_INSTRUCTION_EMULATION -DALT_SINGLE_THREADED    -O0 -g -Wall  -EL -mhw-div -mcustom-fpu-cfg=60-2 -mhw-mul -mno-hw-mulx   -o obj/HAL/src/alt_log_printf.o HAL/src/alt_log_printf.c
Compiling alt_lseek.c...
nios2-elf-gcc -xc -MP -MMD -c  -I./HAL/inc -I. -I./drivers/inc -DSYSTEM_BUS_WIDTH=32 -pipe -D__hal__ -DALT_NO_INSTRUCTION_EMULATION -DALT_SINGLE_THREADED    -O0 -g -Wall  -EL -mhw-div -mcustom-fpu-cfg=60-2 -mhw-mul -mno-hw-mulx   -o obj/HAL/src/alt_lseek.o HAL/src/alt_lseek.c
Compiling alt_main.c...
nios2-elf-gcc -xc -MP -MMD -c  -I./HAL/inc -I. -I./drivers/inc -DSYSTEM_BUS_WIDTH=32 -pipe -D__hal__ -DALT_NO_INSTRUCTION_EMULATION -DALT_SINGLE_THREADED    -O0 -g -Wall  -EL -mhw-div -mcustom-fpu-cfg=60-2 -mhw-mul -mno-hw-mulx   -o obj/HAL/src/alt_main.o HAL/src/alt_main.c
Compiling alt_malloc_lock.c...
nios2-elf-gcc -xc -MP -MMD -c  -I./HAL/inc -I. -I./drivers/inc -DSYSTEM_BUS_WIDTH=32 -pipe -D__hal__ -DALT_NO_INSTRUCTION_EMULATION -DALT_SINGLE_THREADED    -O0 -g -Wall  -EL -mhw-div -mcustom-fpu-cfg=60-2 -mhw-mul -mno-hw-mulx   -o obj/HAL/src/alt_malloc_lock.o HAL/src/alt_malloc_lock.c
Compiling alt_mcount.S...
nios2-elf-gcc -MP -MMD -c   -O0 -g -Wall  -EL -mhw-div -mcustom-fpu-cfg=60-2 -mhw-mul -mno-hw-mulx    -I./HAL/inc -I. -I./drivers/inc -DSYSTEM_BUS_WIDTH=32 -pipe -D__hal__ -DALT_NO_INSTRUCTION_EMULATION -DALT_SINGLE_THREADED  -Wa,-gdwarf2  -o obj/HAL/src/alt_mcount.o HAL/src/alt_mcount.S
Compiling alt_open.c...
nios2-elf-gcc -xc -MP -MMD -c  -I./HAL/inc -I. -I./drivers/inc -DSYSTEM_BUS_WIDTH=32 -pipe -D__hal__ -DALT_NO_INSTRUCTION_EMULATION -DALT_SINGLE_THREADED    -O0 -g -Wall  -EL -mhw-div -mcustom-fpu-cfg=60-2 -mhw-mul -mno-hw-mulx   -o obj/HAL/src/alt_open.o HAL/src/alt_open.c
Compiling alt_printf.c...
nios2-elf-gcc -xc -MP -MMD -c  -I./HAL/inc -I. -I./drivers/inc -DSYSTEM_BUS_WIDTH=32 -pipe -D__hal__ -DALT_NO_INSTRUCTION_EMULATION -DALT_SINGLE_THREADED    -O0 -g -Wall  -EL -mhw-div -mcustom-fpu-cfg=60-2 -mhw-mul -mno-hw-mulx   -o obj/HAL/src/alt_printf.o HAL/src/alt_printf.c
Compiling alt_putchar.c...
nios2-elf-gcc -xc -MP -MMD -c  -I./HAL/inc -I. -I./drivers/inc -DSYSTEM_BUS_WIDTH=32 -pipe -D__hal__ -DALT_NO_INSTRUCTION_EMULATION -DALT_SINGLE_THREADED    -O0 -g -Wall  -EL -mhw-div -mcustom-fpu-cfg=60-2 -mhw-mul -mno-hw-mulx   -o obj/HAL/src/alt_putchar.o HAL/src/alt_putchar.c
Compiling alt_putstr.c...
nios2-elf-gcc -xc -MP -MMD -c  -I./HAL/inc -I. -I./drivers/inc -DSYSTEM_BUS_WIDTH=32 -pipe -D__hal__ -DALT_NO_INSTRUCTION_EMULATION -DALT_SINGLE_THREADED    -O0 -g -Wall  -EL -mhw-div -mcustom-fpu-cfg=60-2 -mhw-mul -mno-hw-mulx   -o obj/HAL/src/alt_putstr.o HAL/src/alt_putstr.c
Compiling alt_read.c...
nios2-elf-gcc -xc -MP -MMD -c  -I./HAL/inc -I. -I./drivers/inc -DSYSTEM_BUS_WIDTH=32 -pipe -D__hal__ -DALT_NO_INSTRUCTION_EMULATION -DALT_SINGLE_THREADED    -O0 -g -Wall  -EL -mhw-div -mcustom-fpu-cfg=60-2 -mhw-mul -mno-hw-mulx   -o obj/HAL/src/alt_read.o HAL/src/alt_read.c
Compiling alt_release_fd.c...
nios2-elf-gcc -xc -MP -MMD -c  -I./HAL/inc -I. -I./drivers/inc -DSYSTEM_BUS_WIDTH=32 -pipe -D__hal__ -DALT_NO_INSTRUCTION_EMULATION -DALT_SINGLE_THREADED    -O0 -g -Wall  -EL -mhw-div -mcustom-fpu-cfg=60-2 -mhw-mul -mno-hw-mulx   -o obj/HAL/src/alt_release_fd.o HAL/src/alt_release_fd.c
Compiling alt_remap_cached.c...
nios2-elf-gcc -xc -MP -MMD -c  -I./HAL/inc -I. -I./drivers/inc -DSYSTEM_BUS_WIDTH=32 -pipe -D__hal__ -DALT_NO_INSTRUCTION_EMULATION -DALT_SINGLE_THREADED    -O0 -g -Wall  -EL -mhw-div -mcustom-fpu-cfg=60-2 -mhw-mul -mno-hw-mulx   -o obj/HAL/src/alt_remap_cached.o HAL/src/alt_remap_cached.c
Compiling alt_remap_uncached.c...
nios2-elf-gcc -xc -MP -MMD -c  -I./HAL/inc -I. -I./drivers/inc -DSYSTEM_BUS_WIDTH=32 -pipe -D__hal__ -DALT_NO_INSTRUCTION_EMULATION -DALT_SINGLE_THREADED    -O0 -g -Wall  -EL -mhw-div -mcustom-fpu-cfg=60-2 -mhw-mul -mno-hw-mulx   -o obj/HAL/src/alt_remap_uncached.o HAL/src/alt_remap_uncached.c
Compiling alt_rename.c...
nios2-elf-gcc -xc -MP -MMD -c  -I./HAL/inc -I. -I./drivers/inc -DSYSTEM_BUS_WIDTH=32 -pipe -D__hal__ -DALT_NO_INSTRUCTION_EMULATION -DALT_SINGLE_THREADED    -O0 -g -Wall  -EL -mhw-div -mcustom-fpu-cfg=60-2 -mhw-mul -mno-hw-mulx   -o obj/HAL/src/alt_rename.o HAL/src/alt_rename.c
Compiling alt_sbrk.c...
nios2-elf-gcc -xc -MP -MMD -c  -I./HAL/inc -I. -I./drivers/inc -DSYSTEM_BUS_WIDTH=32 -pipe -D__hal__ -DALT_NO_INSTRUCTION_EMULATION -DALT_SINGLE_THREADED    -O0 -g -Wall  -EL -mhw-div -mcustom-fpu-cfg=60-2 -mhw-mul -mno-hw-mulx   -o obj/HAL/src/alt_sbrk.o HAL/src/alt_sbrk.c
Compiling alt_settod.c...
nios2-elf-gcc -xc -MP -MMD -c  -I./HAL/inc -I. -I./drivers/inc -DSYSTEM_BUS_WIDTH=32 -pipe -D__hal__ -DALT_NO_INSTRUCTION_EMULATION -DALT_SINGLE_THREADED    -O0 -g -Wall  -EL -mhw-div -mcustom-fpu-cfg=60-2 -mhw-mul -mno-hw-mulx   -o obj/HAL/src/alt_settod.o HAL/src/alt_settod.c
Compiling alt_software_exception.S...
nios2-elf-gcc -MP -MMD -c   -O0 -g -Wall  -EL -mhw-div -mcustom-fpu-cfg=60-2 -mhw-mul -mno-hw-mulx    -I./HAL/inc -I. -I./drivers/inc -DSYSTEM_BUS_WIDTH=32 -pipe -D__hal__ -DALT_NO_INSTRUCTION_EMULATION -DALT_SINGLE_THREADED  -Wa,-gdwarf2  -o obj/HAL/src/alt_software_exception.o HAL/src/alt_software_exception.S
Compiling alt_stat.c...
nios2-elf-gcc -xc -MP -MMD -c  -I./HAL/inc -I. -I./drivers/inc -DSYSTEM_BUS_WIDTH=32 -pipe -D__hal__ -DALT_NO_INSTRUCTION_EMULATION -DALT_SINGLE_THREADED    -O0 -g -Wall  -EL -mhw-div -mcustom-fpu-cfg=60-2 -mhw-mul -mno-hw-mulx   -o obj/HAL/src/alt_stat.o HAL/src/alt_stat.c
Compiling alt_tick.c...
nios2-elf-gcc -xc -MP -MMD -c  -I./HAL/inc -I. -I./drivers/inc -DSYSTEM_BUS_WIDTH=32 -pipe -D__hal__ -DALT_NO_INSTRUCTION_EMULATION -DALT_SINGLE_THREADED    -O0 -g -Wall  -EL -mhw-div -mcustom-fpu-cfg=60-2 -mhw-mul -mno-hw-mulx   -o obj/HAL/src/alt_tick.o HAL/src/alt_tick.c
Compiling alt_times.c...
nios2-elf-gcc -xc -MP -MMD -c  -I./HAL/inc -I. -I./drivers/inc -DSYSTEM_BUS_WIDTH=32 -pipe -D__hal__ -DALT_NO_INSTRUCTION_EMULATION -DALT_SINGLE_THREADED    -O0 -g -Wall  -EL -mhw-div -mcustom-fpu-cfg=60-2 -mhw-mul -mno-hw-mulx   -o obj/HAL/src/alt_times.o HAL/src/alt_times.c
Compiling alt_uncached_free.c...
nios2-elf-gcc -xc -MP -MMD -c  -I./HAL/inc -I. -I./drivers/inc -DSYSTEM_BUS_WIDTH=32 -pipe -D__hal__ -DALT_NO_INSTRUCTION_EMULATION -DALT_SINGLE_THREADED    -O0 -g -Wall  -EL -mhw-div -mcustom-fpu-cfg=60-2 -mhw-mul -mno-hw-mulx   -o obj/HAL/src/alt_uncached_free.o HAL/src/alt_uncached_free.c
Compiling alt_uncached_malloc.c...
nios2-elf-gcc -xc -MP -MMD -c  -I./HAL/inc -I. -I./drivers/inc -DSYSTEM_BUS_WIDTH=32 -pipe -D__hal__ -DALT_NO_INSTRUCTION_EMULATION -DALT_SINGLE_THREADED    -O0 -g -Wall  -EL -mhw-div -mcustom-fpu-cfg=60-2 -mhw-mul -mno-hw-mulx   -o obj/HAL/src/alt_uncached_malloc.o HAL/src/alt_uncached_malloc.c
Compiling alt_unlink.c...
nios2-elf-gcc -xc -MP -MMD -c  -I./HAL/inc -I. -I./drivers/inc -DSYSTEM_BUS_WIDTH=32 -pipe -D__hal__ -DALT_NO_INSTRUCTION_EMULATION -DALT_SINGLE_THREADED    -O0 -g -Wall  -EL -mhw-div -mcustom-fpu-cfg=60-2 -mhw-mul -mno-hw-mulx   -o obj/HAL/src/alt_unlink.o HAL/src/alt_unlink.c
Compiling alt_usleep.c...
nios2-elf-gcc -xc -MP -MMD -c  -I./HAL/inc -I. -I./drivers/inc -DSYSTEM_BUS_WIDTH=32 -pipe -D__hal__ -DALT_NO_INSTRUCTION_EMULATION -DALT_SINGLE_THREADED    -O0 -g -Wall  -EL -mhw-div -mcustom-fpu-cfg=60-2 -mhw-mul -mno-hw-mulx   -o obj/HAL/src/alt_usleep.o HAL/src/alt_usleep.c
Compiling alt_wait.c...
nios2-elf-gcc -xc -MP -MMD -c  -I./HAL/inc -I. -I./drivers/inc -DSYSTEM_BUS_WIDTH=32 -pipe -D__hal__ -DALT_NO_INSTRUCTION_EMULATION -DALT_SINGLE_THREADED    -O0 -g -Wall  -EL -mhw-div -mcustom-fpu-cfg=60-2 -mhw-mul -mno-hw-mulx   -o obj/HAL/src/alt_wait.o HAL/src/alt_wait.c
Compiling alt_write.c...
nios2-elf-gcc -xc -MP -MMD -c  -I./HAL/inc -I. -I./drivers/inc -DSYSTEM_BUS_WIDTH=32 -pipe -D__hal__ -DALT_NO_INSTRUCTION_EMULATION -DALT_SINGLE_THREADED    -O0 -g -Wall  -EL -mhw-div -mcustom-fpu-cfg=60-2 -mhw-mul -mno-hw-mulx   -o obj/HAL/src/alt_write.o HAL/src/alt_write.c
Compiling altera_nios2_qsys_irq.c...
nios2-elf-gcc -xc -MP -MMD -c  -I./HAL/inc -I. -I./drivers/inc -DSYSTEM_BUS_WIDTH=32 -pipe -D__hal__ -DALT_NO_INSTRUCTION_EMULATION -DALT_SINGLE_THREADED    -O0 -g -Wall  -EL -mhw-div -mcustom-fpu-cfg=60-2 -mhw-mul -mno-hw-mulx   -o obj/HAL/src/altera_nios2_qsys_irq.o HAL/src/altera_nios2_qsys_irq.c
Compiling crt0.S...
nios2-elf-gcc -MP -MMD -c   -O0 -g -Wall  -EL -mhw-div -mcustom-fpu-cfg=60-2 -mhw-mul -mno-hw-mulx    -I./HAL/inc -I. -I./drivers/inc -DSYSTEM_BUS_WIDTH=32 -pipe -D__hal__ -DALT_NO_INSTRUCTION_EMULATION -DALT_SINGLE_THREADED  -Wa,-gdwarf2  -o obj/HAL/src/crt0.o HAL/src/crt0.S
Compiling alt_sys_init.c...
nios2-elf-gcc -xc -MP -MMD -c  -I./HAL/inc -I. -I./drivers/inc -DSYSTEM_BUS_WIDTH=32 -pipe -D__hal__ -DALT_NO_INSTRUCTION_EMULATION -DALT_SINGLE_THREADED    -O0 -g -Wall  -EL -mhw-div -mcustom-fpu-cfg=60-2 -mhw-mul -mno-hw-mulx   -o obj/alt_sys_init.o alt_sys_init.c
Compiling Altera_UP_SD_Card_Avalon_Interface.c...
nios2-elf-gcc -xc -MP -MMD -c  -I./HAL/inc -I. -I./drivers/inc -DSYSTEM_BUS_WIDTH=32 -pipe -D__hal__ -DALT_NO_INSTRUCTION_EMULATION -DALT_SINGLE_THREADED    -O0 -g -Wall  -EL -mhw-div -mcustom-fpu-cfg=60-2 -mhw-mul -mno-hw-mulx   -o obj/drivers/src/Altera_UP_SD_Card_Avalon_Interface.o drivers/src/Altera_UP_SD_Card_Avalon_Interface.c
drivers/src/Altera_UP_SD_Card_Avalon_Interface.c: In function 'find_first_empty_record_in_a_subdirectory':
drivers/src/Altera_UP_SD_Card_Avalon_Interface.c:1071: warning: pointer targets in passing argument 1 of 'find_first_empty_cluster' differ in signedness
drivers/src/Altera_UP_SD_Card_Avalon_Interface.c: In function 'create_file':
drivers/src/Altera_UP_SD_Card_Avalon_Interface.c:1200: warning: pointer targets in passing argument 2 of 'convert_filename_to_name_extension' differ in signedness
drivers/src/Altera_UP_SD_Card_Avalon_Interface.c:1200: warning: pointer targets in passing argument 3 of 'convert_filename_to_name_extension' differ in signedness
drivers/src/Altera_UP_SD_Card_Avalon_Interface.c: In function 'alt_up_sd_card_find_next':
drivers/src/Altera_UP_SD_Card_Avalon_Interface.c:1511: warning: pointer targets in passing argument 2 of 'get_cluster_flag' differ in signedness
drivers/src/Altera_UP_SD_Card_Avalon_Interface.c: In function 'alt_up_sd_card_fopen':
drivers/src/Altera_UP_SD_Card_Avalon_Interface.c:1570: warning: pointer targets in passing argument 2 of 'get_home_directory_cluster_for_file' differ in signedness
Compiling altera_avalon_jtag_uart_fd.c...
nios2-elf-gcc -xc -MP -MMD -c  -I./HAL/inc -I. -I./drivers/inc -DSYSTEM_BUS_WIDTH=32 -pipe -D__hal__ -DALT_NO_INSTRUCTION_EMULATION -DALT_SINGLE_THREADED    -O0 -g -Wall  -EL -mhw-div -mcustom-fpu-cfg=60-2 -mhw-mul -mno-hw-mulx   -o obj/drivers/src/altera_avalon_jtag_uart_fd.o drivers/src/altera_avalon_jtag_uart_fd.c
Compiling altera_avalon_jtag_uart_init.c...
nios2-elf-gcc -xc -MP -MMD -c  -I./HAL/inc -I. -I./drivers/inc -DSYSTEM_BUS_WIDTH=32 -pipe -D__hal__ -DALT_NO_INSTRUCTION_EMULATION -DALT_SINGLE_THREADED    -O0 -g -Wall  -EL -mhw-div -mcustom-fpu-cfg=60-2 -mhw-mul -mno-hw-mulx   -o obj/drivers/src/altera_avalon_jtag_uart_init.o drivers/src/altera_avalon_jtag_uart_init.c
Compiling altera_avalon_jtag_uart_ioctl.c...
nios2-elf-gcc -xc -MP -MMD -c  -I./HAL/inc -I. -I./drivers/inc -DSYSTEM_BUS_WIDTH=32 -pipe -D__hal__ -DALT_NO_INSTRUCTION_EMULATION -DALT_SINGLE_THREADED    -O0 -g -Wall  -EL -mhw-div -mcustom-fpu-cfg=60-2 -mhw-mul -mno-hw-mulx   -o obj/drivers/src/altera_avalon_jtag_uart_ioctl.o drivers/src/altera_avalon_jtag_uart_ioctl.c
Compiling altera_avalon_jtag_uart_read.c...
nios2-elf-gcc -xc -MP -MMD -c  -I./HAL/inc -I. -I./drivers/inc -DSYSTEM_BUS_WIDTH=32 -pipe -D__hal__ -DALT_NO_INSTRUCTION_EMULATION -DALT_SINGLE_THREADED    -O0 -g -Wall  -EL -mhw-div -mcustom-fpu-cfg=60-2 -mhw-mul -mno-hw-mulx   -o obj/drivers/src/altera_avalon_jtag_uart_read.o drivers/src/altera_avalon_jtag_uart_read.c
Compiling altera_avalon_jtag_uart_write.c...
nios2-elf-gcc -xc -MP -MMD -c  -I./HAL/inc -I. -I./drivers/inc -DSYSTEM_BUS_WIDTH=32 -pipe -D__hal__ -DALT_NO_INSTRUCTION_EMULATION -DALT_SINGLE_THREADED    -O0 -g -Wall  -EL -mhw-div -mcustom-fpu-cfg=60-2 -mhw-mul -mno-hw-mulx   -o obj/drivers/src/altera_avalon_jtag_uart_write.o drivers/src/altera_avalon_jtag_uart_write.c
Compiling altera_avalon_sysid_qsys.c...
nios2-elf-gcc -xc -MP -MMD -c  -I./HAL/inc -I. -I./drivers/inc -DSYSTEM_BUS_WIDTH=32 -pipe -D__hal__ -DALT_NO_INSTRUCTION_EMULATION -DALT_SINGLE_THREADED    -O0 -g -Wall  -EL -mhw-div -mcustom-fpu-cfg=60-2 -mhw-mul -mno-hw-mulx   -o obj/drivers/src/altera_avalon_sysid_qsys.o drivers/src/altera_avalon_sysid_qsys.c
Compiling altera_avalon_timer_sc.c...
nios2-elf-gcc -xc -MP -MMD -c  -I./HAL/inc -I. -I./drivers/inc -DSYSTEM_BUS_WIDTH=32 -pipe -D__hal__ -DALT_NO_INSTRUCTION_EMULATION -DALT_SINGLE_THREADED    -O0 -g -Wall  -EL -mhw-div -mcustom-fpu-cfg=60-2 -mhw-mul -mno-hw-mulx   -o obj/drivers/src/altera_avalon_timer_sc.o drivers/src/altera_avalon_timer_sc.c
Compiling altera_avalon_timer_ts.c...
nios2-elf-gcc -xc -MP -MMD -c  -I./HAL/inc -I. -I./drivers/inc -DSYSTEM_BUS_WIDTH=32 -pipe -D__hal__ -DALT_NO_INSTRUCTION_EMULATION -DALT_SINGLE_THREADED    -O0 -g -Wall  -EL -mhw-div -mcustom-fpu-cfg=60-2 -mhw-mul -mno-hw-mulx   -o obj/drivers/src/altera_avalon_timer_ts.o drivers/src/altera_avalon_timer_ts.c
Compiling altera_avalon_timer_vars.c...
nios2-elf-gcc -xc -MP -MMD -c  -I./HAL/inc -I. -I./drivers/inc -DSYSTEM_BUS_WIDTH=32 -pipe -D__hal__ -DALT_NO_INSTRUCTION_EMULATION -DALT_SINGLE_THREADED    -O0 -g -Wall  -EL -mhw-div -mcustom-fpu-cfg=60-2 -mhw-mul -mno-hw-mulx   -o obj/drivers/src/altera_avalon_timer_vars.o drivers/src/altera_avalon_timer_vars.c
Compiling altera_up_avalon_audio.c...
nios2-elf-gcc -xc -MP -MMD -c  -I./HAL/inc -I. -I./drivers/inc -DSYSTEM_BUS_WIDTH=32 -pipe -D__hal__ -DALT_NO_INSTRUCTION_EMULATION -DALT_SINGLE_THREADED    -O0 -g -Wall  -EL -mhw-div -mcustom-fpu-cfg=60-2 -mhw-mul -mno-hw-mulx   -o obj/drivers/src/altera_up_avalon_audio.o drivers/src/altera_up_avalon_audio.c
Compiling altera_up_avalon_audio_and_video_config.c...
nios2-elf-gcc -xc -MP -MMD -c  -I./HAL/inc -I. -I./drivers/inc -DSYSTEM_BUS_WIDTH=32 -pipe -D__hal__ -DALT_NO_INSTRUCTION_EMULATION -DALT_SINGLE_THREADED    -O0 -g -Wall  -EL -mhw-div -mcustom-fpu-cfg=60-2 -mhw-mul -mno-hw-mulx   -o obj/drivers/src/altera_up_avalon_audio_and_video_config.o drivers/src/altera_up_avalon_audio_and_video_config.c
Compiling altera_up_avalon_character_lcd.c...
nios2-elf-gcc -xc -MP -MMD -c  -I./HAL/inc -I. -I./drivers/inc -DSYSTEM_BUS_WIDTH=32 -pipe -D__hal__ -DALT_NO_INSTRUCTION_EMULATION -DALT_SINGLE_THREADED    -O0 -g -Wall  -EL -mhw-div -mcustom-fpu-cfg=60-2 -mhw-mul -mno-hw-mulx   -o obj/drivers/src/altera_up_avalon_character_lcd.o drivers/src/altera_up_avalon_character_lcd.c
Compiling altera_up_avalon_ethernet.c...
nios2-elf-gcc -xc -MP -MMD -c  -I./HAL/inc -I. -I./drivers/inc -DSYSTEM_BUS_WIDTH=32 -pipe -D__hal__ -DALT_NO_INSTRUCTION_EMULATION -DALT_SINGLE_THREADED    -O0 -g -Wall  -EL -mhw-div -mcustom-fpu-cfg=60-2 -mhw-mul -mno-hw-mulx   -o obj/drivers/src/altera_up_avalon_ethernet.o drivers/src/altera_up_avalon_ethernet.c
Compiling altera_up_avalon_ethernet_high_level_driver.c...
nios2-elf-gcc -xc -MP -MMD -c  -I./HAL/inc -I. -I./drivers/inc -DSYSTEM_BUS_WIDTH=32 -pipe -D__hal__ -DALT_NO_INSTRUCTION_EMULATION -DALT_SINGLE_THREADED    -O0 -g -Wall  -EL -mhw-div -mcustom-fpu-cfg=60-2 -mhw-mul -mno-hw-mulx   -o obj/drivers/src/altera_up_avalon_ethernet_high_level_driver.o drivers/src/altera_up_avalon_ethernet_high_level_driver.c
Compiling altera_up_avalon_ethernet_low_level_driver.c...
nios2-elf-gcc -xc -MP -MMD -c  -I./HAL/inc -I. -I./drivers/inc -DSYSTEM_BUS_WIDTH=32 -pipe -D__hal__ -DALT_NO_INSTRUCTION_EMULATION -DALT_SINGLE_THREADED    -O0 -g -Wall  -EL -mhw-div -mcustom-fpu-cfg=60-2 -mhw-mul -mno-hw-mulx   -o obj/drivers/src/altera_up_avalon_ethernet_low_level_driver.o drivers/src/altera_up_avalon_ethernet_low_level_driver.c
Compiling altera_up_avalon_irda.c...
nios2-elf-gcc -xc -MP -MMD -c  -I./HAL/inc -I. -I./drivers/inc -DSYSTEM_BUS_WIDTH=32 -pipe -D__hal__ -DALT_NO_INSTRUCTION_EMULATION -DALT_SINGLE_THREADED    -O0 -g -Wall  -EL -mhw-div -mcustom-fpu-cfg=60-2 -mhw-mul -mno-hw-mulx   -o obj/drivers/src/altera_up_avalon_irda.o drivers/src/altera_up_avalon_irda.c
drivers/src/altera_up_avalon_irda.c: In function 'alt_up_irda_read_fd':
drivers/src/altera_up_avalon_irda.c:110: warning: pointer targets in passing argument 2 of 'alt_up_irda_read_data' differ in signedness
drivers/src/altera_up_avalon_irda.c: In function 'alt_up_irda_write_fd':
drivers/src/altera_up_avalon_irda.c:124: warning: passing argument 2 of 'alt_up_irda_write_data' makes integer from pointer without a cast
Compiling altera_up_avalon_parallel_port.c...
nios2-elf-gcc -xc -MP -MMD -c  -I./HAL/inc -I. -I./drivers/inc -DSYSTEM_BUS_WIDTH=32 -pipe -D__hal__ -DALT_NO_INSTRUCTION_EMULATION -DALT_SINGLE_THREADED    -O0 -g -Wall  -EL -mhw-div -mcustom-fpu-cfg=60-2 -mhw-mul -mno-hw-mulx   -o obj/drivers/src/altera_up_avalon_parallel_port.o drivers/src/altera_up_avalon_parallel_port.c
Compiling altera_up_avalon_ps2.c...
nios2-elf-gcc -xc -MP -MMD -c  -I./HAL/inc -I. -I./drivers/inc -DSYSTEM_BUS_WIDTH=32 -pipe -D__hal__ -DALT_NO_INSTRUCTION_EMULATION -DALT_SINGLE_THREADED    -O0 -g -Wall  -EL -mhw-div -mcustom-fpu-cfg=60-2 -mhw-mul -mno-hw-mulx   -o obj/drivers/src/altera_up_avalon_ps2.o drivers/src/altera_up_avalon_ps2.c
drivers/src/altera_up_avalon_ps2.c: In function 'alt_up_ps2_read_fd':
drivers/src/altera_up_avalon_ps2.c:233: warning: pointer targets in passing argument 2 of 'alt_up_ps2_read_data_byte_timeout' differ in signedness
Compiling altera_up_avalon_rs232.c...
nios2-elf-gcc -xc -MP -MMD -c  -I./HAL/inc -I. -I./drivers/inc -DSYSTEM_BUS_WIDTH=32 -pipe -D__hal__ -DALT_NO_INSTRUCTION_EMULATION -DALT_SINGLE_THREADED    -O0 -g -Wall  -EL -mhw-div -mcustom-fpu-cfg=60-2 -mhw-mul -mno-hw-mulx   -o obj/drivers/src/altera_up_avalon_rs232.o drivers/src/altera_up_avalon_rs232.c
drivers/src/altera_up_avalon_rs232.c: In function 'alt_up_rs232_read_fd':
drivers/src/altera_up_avalon_rs232.c:110: warning: pointer targets in passing argument 2 of 'alt_up_rs232_read_data' differ in signedness
Compiling altera_up_avalon_usb.c...
nios2-elf-gcc -xc -MP -MMD -c  -I./HAL/inc -I. -I./drivers/inc -DSYSTEM_BUS_WIDTH=32 -pipe -D__hal__ -DALT_NO_INSTRUCTION_EMULATION -DALT_SINGLE_THREADED    -O0 -g -Wall  -EL -mhw-div -mcustom-fpu-cfg=60-2 -mhw-mul -mno-hw-mulx   -o obj/drivers/src/altera_up_avalon_usb.o drivers/src/altera_up_avalon_usb.c
Compiling altera_up_avalon_usb_high_level_driver.c...
nios2-elf-gcc -xc -MP -MMD -c  -I./HAL/inc -I. -I./drivers/inc -DSYSTEM_BUS_WIDTH=32 -pipe -D__hal__ -DALT_NO_INSTRUCTION_EMULATION -DALT_SINGLE_THREADED    -O0 -g -Wall  -EL -mhw-div -mcustom-fpu-cfg=60-2 -mhw-mul -mno-hw-mulx   -o obj/drivers/src/altera_up_avalon_usb_high_level_driver.o drivers/src/altera_up_avalon_usb_high_level_driver.c
Compiling altera_up_avalon_usb_low_level_driver.c...
nios2-elf-gcc -xc -MP -MMD -c  -I./HAL/inc -I. -I./drivers/inc -DSYSTEM_BUS_WIDTH=32 -pipe -D__hal__ -DALT_NO_INSTRUCTION_EMULATION -DALT_SINGLE_THREADED    -O0 -g -Wall  -EL -mhw-div -mcustom-fpu-cfg=60-2 -mhw-mul -mno-hw-mulx   -o obj/drivers/src/altera_up_avalon_usb_low_level_driver.o drivers/src/altera_up_avalon_usb_low_level_driver.c
Compiling altera_up_avalon_usb_mouse_driver.c...
nios2-elf-gcc -xc -MP -MMD -c  -I./HAL/inc -I. -I./drivers/inc -DSYSTEM_BUS_WIDTH=32 -pipe -D__hal__ -DALT_NO_INSTRUCTION_EMULATION -DALT_SINGLE_THREADED    -O0 -g -Wall  -EL -mhw-div -mcustom-fpu-cfg=60-2 -mhw-mul -mno-hw-mulx   -o obj/drivers/src/altera_up_avalon_usb_mouse_driver.o drivers/src/altera_up_avalon_usb_mouse_driver.c
Compiling altera_up_avalon_usb_ptd.c...
nios2-elf-gcc -xc -MP -MMD -c  -I./HAL/inc -I. -I./drivers/inc -DSYSTEM_BUS_WIDTH=32 -pipe -D__hal__ -DALT_NO_INSTRUCTION_EMULATION -DALT_SINGLE_THREADED    -O0 -g -Wall  -EL -mhw-div -mcustom-fpu-cfg=60-2 -mhw-mul -mno-hw-mulx   -o obj/drivers/src/altera_up_avalon_usb_ptd.o drivers/src/altera_up_avalon_usb_ptd.c
Compiling altera_up_avalon_video_character_buffer_with_dma.c...
nios2-elf-gcc -xc -MP -MMD -c  -I./HAL/inc -I. -I./drivers/inc -DSYSTEM_BUS_WIDTH=32 -pipe -D__hal__ -DALT_NO_INSTRUCTION_EMULATION -DALT_SINGLE_THREADED    -O0 -g -Wall  -EL -mhw-div -mcustom-fpu-cfg=60-2 -mhw-mul -mno-hw-mulx   -o obj/drivers/src/altera_up_avalon_video_character_buffer_with_dma.o drivers/src/altera_up_avalon_video_character_buffer_with_dma.c
Compiling altera_up_avalon_video_pixel_buffer_dma.c...
nios2-elf-gcc -xc -MP -MMD -c  -I./HAL/inc -I. -I./drivers/inc -DSYSTEM_BUS_WIDTH=32 -pipe -D__hal__ -DALT_NO_INSTRUCTION_EMULATION -DALT_SINGLE_THREADED    -O0 -g -Wall  -EL -mhw-div -mcustom-fpu-cfg=60-2 -mhw-mul -mno-hw-mulx   -o obj/drivers/src/altera_up_avalon_video_pixel_buffer_dma.o drivers/src/altera_up_avalon_video_pixel_buffer_dma.c
Compiling altera_up_ps2_keyboard.c...
nios2-elf-gcc -xc -MP -MMD -c  -I./HAL/inc -I. -I./drivers/inc -DSYSTEM_BUS_WIDTH=32 -pipe -D__hal__ -DALT_NO_INSTRUCTION_EMULATION -DALT_SINGLE_THREADED    -O0 -g -Wall  -EL -mhw-div -mcustom-fpu-cfg=60-2 -mhw-mul -mno-hw-mulx   -o obj/drivers/src/altera_up_ps2_keyboard.o drivers/src/altera_up_ps2_keyboard.c
Compiling altera_up_ps2_mouse.c...
nios2-elf-gcc -xc -MP -MMD -c  -I./HAL/inc -I. -I./drivers/inc -DSYSTEM_BUS_WIDTH=32 -pipe -D__hal__ -DALT_NO_INSTRUCTION_EMULATION -DALT_SINGLE_THREADED    -O0 -g -Wall  -EL -mhw-div -mcustom-fpu-cfg=60-2 -mhw-mul -mno-hw-mulx   -o obj/drivers/src/altera_up_ps2_mouse.o drivers/src/altera_up_ps2_mouse.c
Creating libhal_bsp.a...
rm -f -f libhal_bsp.a
nios2-elf-ar -src libhal_bsp.a obj/HAL/src/alt_alarm_start.o obj/HAL/src/alt_busy_sleep.o obj/HAL/src/alt_close.o obj/HAL/src/alt_dcache_flush.o obj/HAL/src/alt_dcache_flush_all.o obj/HAL/src/alt_dcache_flush_no_writeback.o obj/HAL/src/alt_dev.o obj/HAL/src/alt_dev_llist_insert.o obj/HAL/src/alt_dma_rxchan_open.o obj/HAL/src/alt_dma_txchan_open.o obj/HAL/src/alt_do_ctors.o obj/HAL/src/alt_do_dtors.o obj/HAL/src/alt_env_lock.o obj/HAL/src/alt_environ.o obj/HAL/src/alt_errno.o obj/HAL/src/alt_exception_entry.o obj/HAL/src/alt_exception_muldiv.o obj/HAL/src/alt_exception_trap.o obj/HAL/src/alt_execve.o obj/HAL/src/alt_exit.o obj/HAL/src/alt_fcntl.o obj/HAL/src/alt_fd_lock.o obj/HAL/src/alt_fd_unlock.o obj/HAL/src/alt_find_dev.o obj/HAL/src/alt_find_file.o obj/HAL/src/alt_flash_dev.o obj/HAL/src/alt_fork.o obj/HAL/src/alt_fs_reg.o obj/HAL/src/alt_fstat.o obj/HAL/src/alt_get_fd.o obj/HAL/src/alt_getchar.o obj/HAL/src/alt_getpid.o obj/HAL/src/alt_gettod.o obj/HAL/src/alt_gmon.o obj/HAL/src/alt_icache_flush.o obj/HAL/src/alt_icache_flush_all.o obj/HAL/src/alt_iic.o obj/HAL/src/alt_iic_isr_register.o obj/HAL/src/alt_instruction_exception_entry.o obj/HAL/src/alt_instruction_exception_register.o obj/HAL/src/alt_io_redirect.o obj/HAL/src/alt_ioctl.o obj/HAL/src/alt_irq_entry.o obj/HAL/src/alt_irq_handler.o obj/HAL/src/alt_irq_register.o obj/HAL/src/alt_irq_vars.o obj/HAL/src/alt_isatty.o obj/HAL/src/alt_kill.o obj/HAL/src/alt_link.o obj/HAL/src/alt_load.o obj/HAL/src/alt_log_macro.o obj/HAL/src/alt_log_printf.o obj/HAL/src/alt_lseek.o obj/HAL/src/alt_main.o obj/HAL/src/alt_malloc_lock.o obj/HAL/src/alt_mcount.o obj/HAL/src/alt_open.o obj/HAL/src/alt_printf.o obj/HAL/src/alt_putchar.o obj/HAL/src/alt_putstr.o obj/HAL/src/alt_read.o obj/HAL/src/alt_release_fd.o obj/HAL/src/alt_remap_cached.o obj/HAL/src/alt_remap_uncached.o obj/HAL/src/alt_rename.o obj/HAL/src/alt_sbrk.o obj/HAL/src/alt_settod.o obj/HAL/src/alt_software_exception.o obj/HAL/src/alt_stat.o obj/HAL/src/alt_tick.o obj/HAL/src/alt_times.o obj/HAL/src/alt_uncached_free.o obj/HAL/src/alt_uncached_malloc.o obj/HAL/src/alt_unlink.o obj/HAL/src/alt_usleep.o obj/HAL/src/alt_wait.o obj/HAL/src/alt_write.o obj/HAL/src/altera_nios2_qsys_irq.o obj/HAL/src/crt0.o obj/alt_sys_init.o obj/drivers/src/Altera_UP_SD_Card_Avalon_Interface.o obj/drivers/src/altera_avalon_jtag_uart_fd.o obj/drivers/src/altera_avalon_jtag_uart_init.o obj/drivers/src/altera_avalon_jtag_uart_ioctl.o obj/drivers/src/altera_avalon_jtag_uart_read.o obj/drivers/src/altera_avalon_jtag_uart_write.o obj/drivers/src/altera_avalon_sysid_qsys.o obj/drivers/src/altera_avalon_timer_sc.o obj/drivers/src/altera_avalon_timer_ts.o obj/drivers/src/altera_avalon_timer_vars.o obj/drivers/src/altera_up_avalon_audio.o obj/drivers/src/altera_up_avalon_audio_and_video_config.o obj/drivers/src/altera_up_avalon_character_lcd.o obj/drivers/src/altera_up_avalon_ethernet.o obj/drivers/src/altera_up_avalon_ethernet_high_level_driver.o obj/drivers/src/altera_up_avalon_ethernet_low_level_driver.o obj/drivers/src/altera_up_avalon_irda.o obj/drivers/src/altera_up_avalon_parallel_port.o obj/drivers/src/altera_up_avalon_ps2.o obj/drivers/src/altera_up_avalon_rs232.o obj/drivers/src/altera_up_avalon_usb.o obj/drivers/src/altera_up_avalon_usb_high_level_driver.o obj/drivers/src/altera_up_avalon_usb_low_level_driver.o obj/drivers/src/altera_up_avalon_usb_mouse_driver.o obj/drivers/src/altera_up_avalon_usb_ptd.o obj/drivers/src/altera_up_avalon_video_character_buffer_with_dma.o obj/drivers/src/altera_up_avalon_video_pixel_buffer_dma.o obj/drivers/src/altera_up_ps2_keyboard.o obj/drivers/src/altera_up_ps2_mouse.o
[BSP build complete]
Info: Compiling PS2_ISR.c to obj/default/PS2_ISR.o
nios2-elf-gcc -xc -MP -MMD -c -I../lab3_bsp//HAL/inc -I../lab3_bsp/ -I../lab3_bsp//drivers/inc  -DSYSTEM_BUS_WIDTH=32 -pipe -D__hal__ -DALT_NO_INSTRUCTION_EMULATION -DALT_SINGLE_THREADED    -O0 -g -Wall   -EL -mhw-div -mcustom-fpu-cfg=60-2 -mhw-mul -mno-hw-mulx  -o obj/default/PS2_ISR.o PS2_ISR.c
Info: Compiling audio_ISR.c to obj/default/audio_ISR.o
nios2-elf-gcc -xc -MP -MMD -c -I../lab3_bsp//HAL/inc -I../lab3_bsp/ -I../lab3_bsp//drivers/inc  -DSYSTEM_BUS_WIDTH=32 -pipe -D__hal__ -DALT_NO_INSTRUCTION_EMULATION -DALT_SINGLE_THREADED    -O0 -g -Wall   -EL -mhw-div -mcustom-fpu-cfg=60-2 -mhw-mul -mno-hw-mulx  -o obj/default/audio_ISR.o audio_ISR.c
audio_ISR.c: In function 'audio_ISR':
audio_ISR.c:18: warning: unused variable 'fifospace'
Info: Compiling globals.c to obj/default/globals.o
nios2-elf-gcc -xc -MP -MMD -c -I../lab3_bsp//HAL/inc -I../lab3_bsp/ -I../lab3_bsp//drivers/inc  -DSYSTEM_BUS_WIDTH=32 -pipe -D__hal__ -DALT_NO_INSTRUCTION_EMULATION -DALT_SINGLE_THREADED    -O0 -g -Wall   -EL -mhw-div -mcustom-fpu-cfg=60-2 -mhw-mul -mno-hw-mulx  -o obj/default/globals.o globals.c
Info: Compiling interval_timer_ISR.c to obj/default/interval_timer_ISR.o
nios2-elf-gcc -xc -MP -MMD -c -I../lab3_bsp//HAL/inc -I../lab3_bsp/ -I../lab3_bsp//drivers/inc  -DSYSTEM_BUS_WIDTH=32 -pipe -D__hal__ -DALT_NO_INSTRUCTION_EMULATION -DALT_SINGLE_THREADED    -O0 -g -Wall   -EL -mhw-div -mcustom-fpu-cfg=60-2 -mhw-mul -mno-hw-mulx  -o obj/default/interval_timer_ISR.o interval_timer_ISR.c
Info: Compiling media_interrupt_HAL.c to obj/default/media_interrupt_HAL.o
nios2-elf-gcc -xc -MP -MMD -c -I../lab3_bsp//HAL/inc -I../lab3_bsp/ -I../lab3_bsp//drivers/inc  -DSYSTEM_BUS_WIDTH=32 -pipe -D__hal__ -DALT_NO_INSTRUCTION_EMULATION -DALT_SINGLE_THREADED    -O0 -g -Wall   -EL -mhw-div -mcustom-fpu-cfg=60-2 -mhw-mul -mno-hw-mulx  -o obj/default/media_interrupt_HAL.o media_interrupt_HAL.c
Info: Compiling pushbutton_ISR.c to obj/default/pushbutton_ISR.o
nios2-elf-gcc -xc -MP -MMD -c -I../lab3_bsp//HAL/inc -I../lab3_bsp/ -I../lab3_bsp//drivers/inc  -DSYSTEM_BUS_WIDTH=32 -pipe -D__hal__ -DALT_NO_INSTRUCTION_EMULATION -DALT_SINGLE_THREADED    -O0 -g -Wall   -EL -mhw-div -mcustom-fpu-cfg=60-2 -mhw-mul -mno-hw-mulx  -o obj/default/pushbutton_ISR.o pushbutton_ISR.c
Info: Linking lab3.elf
nios2-elf-g++  -T'../lab3_bsp//linker.x' -msys-crt0='../lab3_bsp//obj/HAL/src/crt0.o' -msys-lib=hal_bsp -L../lab3_bsp/  -mcustom-fpu-cfg=60-2  -Wl,-Map=lab3.map   -O0 -g -Wall   -EL -mhw-div -mcustom-fpu-cfg=60-2 -mhw-mul -mno-hw-mulx  -o lab3.elf obj/default/PS2_ISR.o obj/default/audio_ISR.o obj/default/globals.o obj/default/interval_timer_ISR.o obj/default/media_interrupt_HAL.o obj/default/pushbutton_ISR.o -lm 
nios2-elf-insert lab3.elf --thread_model hal --cpu_name CPU --qsys true --simulation_enabled false --id 0 --sidp 0x10002020 --timestamp 1371501013 --stderr_dev JTAG_UART --stdin_dev JTAG_UART --stdout_dev JTAG_UART --sopc_system_name nios_system --quartus_project_dir "C:/Users/MATRIX/Desktop/fpga_lab3" --jdi C:/Users/MATRIX/Desktop/fpga_lab3/DE2_Media_Computer.jdi --sopcinfo C:/Users/MATRIX/Desktop/fpga_lab3/nios_system.sopcinfo
Info: (lab3.elf) 3954 KBytes program size (code + initialized data).
Info:            4231 KBytes free for stack + heap.
Info: Creating lab3.objdump
nios2-elf-objdump --disassemble --syms --all-header --source lab3.elf >lab3.objdump
[lab3 build complete]

**** Build Finished ****

**** Build of configuration Nios II for project lab3 ****

make all 
Info: Building ../lab3_bsp/
make --no-print-directory -C ../lab3_bsp/
[BSP build complete]
Info: Compiling PS2_ISR.c to obj/default/PS2_ISR.o
nios2-elf-gcc -xc -MP -MMD -c -I../lab3_bsp//HAL/inc -I../lab3_bsp/ -I../lab3_bsp//drivers/inc  -DSYSTEM_BUS_WIDTH=32 -pipe -D__hal__ -DALT_NO_INSTRUCTION_EMULATION -DALT_SINGLE_THREADED    -O0 -g -Wall   -EL -mhw-div -mcustom-fpu-cfg=60-2 -mhw-mul -mno-hw-mulx  -o obj/default/PS2_ISR.o PS2_ISR.c
Info: Compiling audio_ISR.c to obj/default/audio_ISR.o
nios2-elf-gcc -xc -MP -MMD -c -I../lab3_bsp//HAL/inc -I../lab3_bsp/ -I../lab3_bsp//drivers/inc  -DSYSTEM_BUS_WIDTH=32 -pipe -D__hal__ -DALT_NO_INSTRUCTION_EMULATION -DALT_SINGLE_THREADED    -O0 -g -Wall   -EL -mhw-div -mcustom-fpu-cfg=60-2 -mhw-mul -mno-hw-mulx  -o obj/default/audio_ISR.o audio_ISR.c
audio_ISR.c: In function 'audio_ISR':
audio_ISR.c:20: warning: unused variable 'fifospace'
Info: Compiling globals.c to obj/default/globals.o
nios2-elf-gcc -xc -MP -MMD -c -I../lab3_bsp//HAL/inc -I../lab3_bsp/ -I../lab3_bsp//drivers/inc  -DSYSTEM_BUS_WIDTH=32 -pipe -D__hal__ -DALT_NO_INSTRUCTION_EMULATION -DALT_SINGLE_THREADED    -O0 -g -Wall   -EL -mhw-div -mcustom-fpu-cfg=60-2 -mhw-mul -mno-hw-mulx  -o obj/default/globals.o globals.c
Info: Compiling interval_timer_ISR.c to obj/default/interval_timer_ISR.o
nios2-elf-gcc -xc -MP -MMD -c -I../lab3_bsp//HAL/inc -I../lab3_bsp/ -I../lab3_bsp//drivers/inc  -DSYSTEM_BUS_WIDTH=32 -pipe -D__hal__ -DALT_NO_INSTRUCTION_EMULATION -DALT_SINGLE_THREADED    -O0 -g -Wall   -EL -mhw-div -mcustom-fpu-cfg=60-2 -mhw-mul -mno-hw-mulx  -o obj/default/interval_timer_ISR.o interval_timer_ISR.c
Info: Compiling media_interrupt_HAL.c to obj/default/media_interrupt_HAL.o
nios2-elf-gcc -xc -MP -MMD -c -I../lab3_bsp//HAL/inc -I../lab3_bsp/ -I../lab3_bsp//drivers/inc  -DSYSTEM_BUS_WIDTH=32 -pipe -D__hal__ -DALT_NO_INSTRUCTION_EMULATION -DALT_SINGLE_THREADED    -O0 -g -Wall   -EL -mhw-div -mcustom-fpu-cfg=60-2 -mhw-mul -mno-hw-mulx  -o obj/default/media_interrupt_HAL.o media_interrupt_HAL.c
media_interrupt_HAL.c: In function 'main':
media_interrupt_HAL.c:79: error: 'j' undeclared (first use in this function)
media_interrupt_HAL.c:79: error: (Each undeclared identifier is reported only once
media_interrupt_HAL.c:79: error: for each function it appears in.)
media_interrupt_HAL.c:239: warning: implicit declaration of function 'printf'
media_interrupt_HAL.c:239: warning: incompatible implicit declaration of built-in function 'printf'
media_interrupt_HAL.c:184: warning: unused variable 'text_erase'
make: *** [obj/default/media_interrupt_HAL.o] Error 1

**** Build Finished ****

**** Build of configuration Nios II for project lab3 ****

make all 
Info: Building ../lab3_bsp/
make --no-print-directory -C ../lab3_bsp/
[BSP build complete]
Info: Compiling PS2_ISR.c to obj/default/PS2_ISR.o
nios2-elf-gcc -xc -MP -MMD -c -I../lab3_bsp//HAL/inc -I../lab3_bsp/ -I../lab3_bsp//drivers/inc  -DSYSTEM_BUS_WIDTH=32 -pipe -D__hal__ -DALT_NO_INSTRUCTION_EMULATION -DALT_SINGLE_THREADED    -O0 -g -Wall   -EL -mhw-div -mcustom-fpu-cfg=60-2 -mhw-mul -mno-hw-mulx  -o obj/default/PS2_ISR.o PS2_ISR.c
Info: Compiling audio_ISR.c to obj/default/audio_ISR.o
nios2-elf-gcc -xc -MP -MMD -c -I../lab3_bsp//HAL/inc -I../lab3_bsp/ -I../lab3_bsp//drivers/inc  -DSYSTEM_BUS_WIDTH=32 -pipe -D__hal__ -DALT_NO_INSTRUCTION_EMULATION -DALT_SINGLE_THREADED    -O0 -g -Wall   -EL -mhw-div -mcustom-fpu-cfg=60-2 -mhw-mul -mno-hw-mulx  -o obj/default/audio_ISR.o audio_ISR.c
audio_ISR.c: In function 'audio_ISR':
audio_ISR.c:20: warning: unused variable 'fifospace'
Info: Compiling globals.c to obj/default/globals.o
nios2-elf-gcc -xc -MP -MMD -c -I../lab3_bsp//HAL/inc -I../lab3_bsp/ -I../lab3_bsp//drivers/inc  -DSYSTEM_BUS_WIDTH=32 -pipe -D__hal__ -DALT_NO_INSTRUCTION_EMULATION -DALT_SINGLE_THREADED    -O0 -g -Wall   -EL -mhw-div -mcustom-fpu-cfg=60-2 -mhw-mul -mno-hw-mulx  -o obj/default/globals.o globals.c
Info: Compiling interval_timer_ISR.c to obj/default/interval_timer_ISR.o
nios2-elf-gcc -xc -MP -MMD -c -I../lab3_bsp//HAL/inc -I../lab3_bsp/ -I../lab3_bsp//drivers/inc  -DSYSTEM_BUS_WIDTH=32 -pipe -D__hal__ -DALT_NO_INSTRUCTION_EMULATION -DALT_SINGLE_THREADED    -O0 -g -Wall   -EL -mhw-div -mcustom-fpu-cfg=60-2 -mhw-mul -mno-hw-mulx  -o obj/default/interval_timer_ISR.o interval_timer_ISR.c
Info: Compiling media_interrupt_HAL.c to obj/default/media_interrupt_HAL.o
nios2-elf-gcc -xc -MP -MMD -c -I../lab3_bsp//HAL/inc -I../lab3_bsp/ -I../lab3_bsp//drivers/inc  -DSYSTEM_BUS_WIDTH=32 -pipe -D__hal__ -DALT_NO_INSTRUCTION_EMULATION -DALT_SINGLE_THREADED    -O0 -g -Wall   -EL -mhw-div -mcustom-fpu-cfg=60-2 -mhw-mul -mno-hw-mulx  -o obj/default/media_interrupt_HAL.o media_interrupt_HAL.c
media_interrupt_HAL.c: In function 'main':
media_interrupt_HAL.c:235: warning: implicit declaration of function 'printf'
media_interrupt_HAL.c:235: warning: incompatible implicit declaration of built-in function 'printf'
media_interrupt_HAL.c:185: warning: unused variable 'text_erase'
Info: Compiling pushbutton_ISR.c to obj/default/pushbutton_ISR.o
nios2-elf-gcc -xc -MP -MMD -c -I../lab3_bsp//HAL/inc -I../lab3_bsp/ -I../lab3_bsp//drivers/inc  -DSYSTEM_BUS_WIDTH=32 -pipe -D__hal__ -DALT_NO_INSTRUCTION_EMULATION -DALT_SINGLE_THREADED    -O0 -g -Wall   -EL -mhw-div -mcustom-fpu-cfg=60-2 -mhw-mul -mno-hw-mulx  -o obj/default/pushbutton_ISR.o pushbutton_ISR.c
Info: Linking lab3.elf
nios2-elf-g++  -T'../lab3_bsp//linker.x' -msys-crt0='../lab3_bsp//obj/HAL/src/crt0.o' -msys-lib=hal_bsp -L../lab3_bsp/  -mcustom-fpu-cfg=60-2  -Wl,-Map=lab3.map   -O0 -g -Wall   -EL -mhw-div -mcustom-fpu-cfg=60-2 -mhw-mul -mno-hw-mulx  -o lab3.elf obj/default/PS2_ISR.o obj/default/audio_ISR.o obj/default/globals.o obj/default/interval_timer_ISR.o obj/default/media_interrupt_HAL.o obj/default/pushbutton_ISR.o -lm 
nios2-elf-insert lab3.elf --thread_model hal --cpu_name CPU --qsys true --simulation_enabled false --id 0 --sidp 0x10002020 --timestamp 1371501013 --stderr_dev JTAG_UART --stdin_dev JTAG_UART --stdout_dev JTAG_UART --sopc_system_name nios_system --quartus_project_dir "C:/Users/MATRIX/Desktop/fpga_lab3" --jdi C:/Users/MATRIX/Desktop/fpga_lab3/DE2_Media_Computer.jdi --sopcinfo C:/Users/MATRIX/Desktop/fpga_lab3/nios_system.sopcinfo
Info: (lab3.elf) 3988 KBytes program size (code + initialized data).
Info:            4196 KBytes free for stack + heap.
Info: Creating lab3.objdump
nios2-elf-objdump --disassemble --syms --all-header --source lab3.elf >lab3.objdump
[lab3 build complete]

**** Build Finished ****

**** Build of configuration Nios II for project lab3 ****

make all 
Info: Building ../lab3_bsp/
make --no-print-directory -C ../lab3_bsp/
[BSP build complete]
Info: Compiling audio_ISR.c to obj/default/audio_ISR.o
nios2-elf-gcc -xc -MP -MMD -c -I../lab3_bsp//HAL/inc -I../lab3_bsp/ -I../lab3_bsp//drivers/inc  -DSYSTEM_BUS_WIDTH=32 -pipe -D__hal__ -DALT_NO_INSTRUCTION_EMULATION -DALT_SINGLE_THREADED    -O0 -g -Wall   -EL -mhw-div -mcustom-fpu-cfg=60-2 -mhw-mul -mno-hw-mulx  -o obj/default/audio_ISR.o audio_ISR.c
audio_ISR.c:5: error: conflicting types for 'l_buf'
globals.h:14: error: previous declaration of 'l_buf' was here
audio_ISR.c:6: error: conflicting types for 'r_buf'
globals.h:15: error: previous declaration of 'r_buf' was here
audio_ISR.c:7: error: conflicting type qualifiers for 'flag'
globals.h:13: error: previous declaration of 'flag' was here
audio_ISR.c: In function 'audio_ISR':
audio_ISR.c:30: warning: passing argument 2 of 'alt_up_audio_record_r' discards qualifiers from pointer target type
audio_ISR.c:33: warning: passing argument 2 of 'alt_up_audio_record_l' discards qualifiers from pointer target type
audio_ISR.c:52: warning: passing argument 2 of 'alt_up_audio_play_r' discards qualifiers from pointer target type
audio_ISR.c:55: warning: passing argument 2 of 'alt_up_audio_play_l' discards qualifiers from pointer target type
audio_ISR.c:20: warning: unused variable 'fifospace'
make: *** [obj/default/audio_ISR.o] Error 1

**** Build Finished ****

**** Build of configuration Nios II for project lab3 ****

make all 
Info: Building ../lab3_bsp/
make --no-print-directory -C ../lab3_bsp/
[BSP build complete]
Info: Compiling PS2_ISR.c to obj/default/PS2_ISR.o
nios2-elf-gcc -xc -MP -MMD -c -I../lab3_bsp//HAL/inc -I../lab3_bsp/ -I../lab3_bsp//drivers/inc  -DSYSTEM_BUS_WIDTH=32 -pipe -D__hal__ -DALT_NO_INSTRUCTION_EMULATION -DALT_SINGLE_THREADED    -O0 -g -Wall   -EL -mhw-div -mcustom-fpu-cfg=60-2 -mhw-mul -mno-hw-mulx  -o obj/default/PS2_ISR.o PS2_ISR.c
Info: Compiling audio_ISR.c to obj/default/audio_ISR.o
nios2-elf-gcc -xc -MP -MMD -c -I../lab3_bsp//HAL/inc -I../lab3_bsp/ -I../lab3_bsp//drivers/inc  -DSYSTEM_BUS_WIDTH=32 -pipe -D__hal__ -DALT_NO_INSTRUCTION_EMULATION -DALT_SINGLE_THREADED    -O0 -g -Wall   -EL -mhw-div -mcustom-fpu-cfg=60-2 -mhw-mul -mno-hw-mulx  -o obj/default/audio_ISR.o audio_ISR.c
audio_ISR.c: In function 'audio_ISR':
audio_ISR.c:30: warning: passing argument 2 of 'alt_up_audio_record_r' discards qualifiers from pointer target type
audio_ISR.c:33: warning: passing argument 2 of 'alt_up_audio_record_l' discards qualifiers from pointer target type
audio_ISR.c:52: warning: passing argument 2 of 'alt_up_audio_play_r' discards qualifiers from pointer target type
audio_ISR.c:55: warning: passing argument 2 of 'alt_up_audio_play_l' discards qualifiers from pointer target type
audio_ISR.c:20: warning: unused variable 'fifospace'
Info: Compiling globals.c to obj/default/globals.o
nios2-elf-gcc -xc -MP -MMD -c -I../lab3_bsp//HAL/inc -I../lab3_bsp/ -I../lab3_bsp//drivers/inc  -DSYSTEM_BUS_WIDTH=32 -pipe -D__hal__ -DALT_NO_INSTRUCTION_EMULATION -DALT_SINGLE_THREADED    -O0 -g -Wall   -EL -mhw-div -mcustom-fpu-cfg=60-2 -mhw-mul -mno-hw-mulx  -o obj/default/globals.o globals.c
Info: Compiling interval_timer_ISR.c to obj/default/interval_timer_ISR.o
nios2-elf-gcc -xc -MP -MMD -c -I../lab3_bsp//HAL/inc -I../lab3_bsp/ -I../lab3_bsp//drivers/inc  -DSYSTEM_BUS_WIDTH=32 -pipe -D__hal__ -DALT_NO_INSTRUCTION_EMULATION -DALT_SINGLE_THREADED    -O0 -g -Wall   -EL -mhw-div -mcustom-fpu-cfg=60-2 -mhw-mul -mno-hw-mulx  -o obj/default/interval_timer_ISR.o interval_timer_ISR.c
Info: Compiling media_interrupt_HAL.c to obj/default/media_interrupt_HAL.o
nios2-elf-gcc -xc -MP -MMD -c -I../lab3_bsp//HAL/inc -I../lab3_bsp/ -I../lab3_bsp//drivers/inc  -DSYSTEM_BUS_WIDTH=32 -pipe -D__hal__ -DALT_NO_INSTRUCTION_EMULATION -DALT_SINGLE_THREADED    -O0 -g -Wall   -EL -mhw-div -mcustom-fpu-cfg=60-2 -mhw-mul -mno-hw-mulx  -o obj/default/media_interrupt_HAL.o media_interrupt_HAL.c
media_interrupt_HAL.c: In function 'main':
media_interrupt_HAL.c:235: warning: implicit declaration of function 'printf'
media_interrupt_HAL.c:235: warning: incompatible implicit declaration of built-in function 'printf'
media_interrupt_HAL.c:185: warning: unused variable 'text_erase'
Info: Compiling pushbutton_ISR.c to obj/default/pushbutton_ISR.o
nios2-elf-gcc -xc -MP -MMD -c -I../lab3_bsp//HAL/inc -I../lab3_bsp/ -I../lab3_bsp//drivers/inc  -DSYSTEM_BUS_WIDTH=32 -pipe -D__hal__ -DALT_NO_INSTRUCTION_EMULATION -DALT_SINGLE_THREADED    -O0 -g -Wall   -EL -mhw-div -mcustom-fpu-cfg=60-2 -mhw-mul -mno-hw-mulx  -o obj/default/pushbutton_ISR.o pushbutton_ISR.c
Info: Linking lab3.elf
nios2-elf-g++  -T'../lab3_bsp//linker.x' -msys-crt0='../lab3_bsp//obj/HAL/src/crt0.o' -msys-lib=hal_bsp -L../lab3_bsp/  -mcustom-fpu-cfg=60-2  -Wl,-Map=lab3.map   -O0 -g -Wall   -EL -mhw-div -mcustom-fpu-cfg=60-2 -mhw-mul -mno-hw-mulx  -o lab3.elf obj/default/PS2_ISR.o obj/default/audio_ISR.o obj/default/globals.o obj/default/interval_timer_ISR.o obj/default/media_interrupt_HAL.o obj/default/pushbutton_ISR.o -lm 
nios2-elf-insert lab3.elf --thread_model hal --cpu_name CPU --qsys true --simulation_enabled false --id 0 --sidp 0x10002020 --timestamp 1371501013 --stderr_dev JTAG_UART --stdin_dev JTAG_UART --stdout_dev JTAG_UART --sopc_system_name nios_system --quartus_project_dir "C:/Users/MATRIX/Desktop/fpga_lab3" --jdi C:/Users/MATRIX/Desktop/fpga_lab3/DE2_Media_Computer.jdi --sopcinfo C:/Users/MATRIX/Desktop/fpga_lab3/nios_system.sopcinfo
Info: (lab3.elf) 3988 KBytes program size (code + initialized data).
Info:            4196 KBytes free for stack + heap.
Info: Creating lab3.objdump
nios2-elf-objdump --disassemble --syms --all-header --source lab3.elf >lab3.objdump
[lab3 build complete]

**** Build Finished ****

**** Build of configuration Nios II for project lab3 ****

make all 
Info: Building ../lab3_bsp/
make --no-print-directory -C ../lab3_bsp/
[BSP build complete]
[lab3 build complete]

**** Build Finished ****

**** Build of configuration Nios II for project lab3 ****

make all 
Info: Building ../lab3_bsp/
make --no-print-directory -C ../lab3_bsp/
[BSP build complete]
[lab3 build complete]

**** Build Finished ****

**** Build of configuration Nios II for project lab3 ****

make all 
Info: Building ../lab3_bsp/
make --no-print-directory -C ../lab3_bsp/
[BSP build complete]
Info: Compiling media_interrupt_HAL.c to obj/default/media_interrupt_HAL.o
nios2-elf-gcc -xc -MP -MMD -c -I../lab3_bsp//HAL/inc -I../lab3_bsp/ -I../lab3_bsp//drivers/inc  -DSYSTEM_BUS_WIDTH=32 -pipe -D__hal__ -DALT_NO_INSTRUCTION_EMULATION -DALT_SINGLE_THREADED    -O0 -g -Wall   -EL -mhw-div -mcustom-fpu-cfg=60-2 -mhw-mul -mno-hw-mulx  -o obj/default/media_interrupt_HAL.o media_interrupt_HAL.c
media_interrupt_HAL.c: In function 'main':
Info: Linking lab3.elf
nios2-elf-g++  -T'../lab3_bsp//linker.x' -msys-crt0='../lab3_bsp//obj/HAL/src/crt0.o' -msys-lib=hal_bsp -L../lab3_bsp/  -mcustom-fpu-cfg=60-2  -Wl,-Map=lab3.map   -O0 -g -Wall   -EL -mhw-div -mcustom-fpu-cfg=60-2 -mhw-mul -mno-hw-mulx  -o lab3.elf obj/default/PS2_ISR.o obj/default/audio_ISR.o obj/default/globals.o obj/default/interval_timer_ISR.o obj/default/media_interrupt_HAL.o obj/default/pushbutton_ISR.o -lm 
media_interrupt_HAL.c:235: warning: implicit declaration of function 'printf'
media_interrupt_HAL.c:235: warning: incompatible implicit declaration of built-in function 'printf'
nios2-elf-insert lab3.elf --thread_model hal --cpu_name CPU --qsys true --simulation_enabled false --id 0 --sidp 0x10002020 --timestamp 1371501013 --stderr_dev JTAG_UART --stdin_dev JTAG_UART --stdout_dev JTAG_UART --sopc_system_name nios_system --quartus_project_dir "C:/Users/MATRIX/Desktop/fpga_lab3" --jdi C:/Users/MATRIX/Desktop/fpga_lab3/DE2_Media_Computer.jdi --sopcinfo C:/Users/MATRIX/Desktop/fpga_lab3/nios_system.sopcinfo
media_interrupt_HAL.c:185: warning: unused variable 'text_erase'
Info: (lab3.elf) 3988 KBytes program size (code + initialized data).
Info:            4196 KBytes free for stack + heap.
Info: Creating lab3.objdump
nios2-elf-objdump --disassemble --syms --all-header --source lab3.elf >lab3.objdump
[lab3 build complete]

**** Build Finished ****

**** Build of configuration Nios II for project lab3 ****

make all 
Info: Building ../lab3_bsp/
make --no-print-directory -C ../lab3_bsp/
[BSP build complete]
Info: Compiling PS2_ISR.c to obj/default/PS2_ISR.o
nios2-elf-gcc -xc -MP -MMD -c -I../lab3_bsp//HAL/inc -I../lab3_bsp/ -I../lab3_bsp//drivers/inc  -DSYSTEM_BUS_WIDTH=32 -pipe -D__hal__ -DALT_NO_INSTRUCTION_EMULATION -DALT_SINGLE_THREADED    -O0 -g -Wall   -EL -mhw-div -mcustom-fpu-cfg=60-2 -mhw-mul -mno-hw-mulx  -o obj/default/PS2_ISR.o PS2_ISR.c
Info: Compiling audio_ISR.c to obj/default/audio_ISR.o
nios2-elf-gcc -xc -MP -MMD -c -I../lab3_bsp//HAL/inc -I../lab3_bsp/ -I../lab3_bsp//drivers/inc  -DSYSTEM_BUS_WIDTH=32 -pipe -D__hal__ -DALT_NO_INSTRUCTION_EMULATION -DALT_SINGLE_THREADED    -O0 -g -Wall   -EL -mhw-div -mcustom-fpu-cfg=60-2 -mhw-mul -mno-hw-mulx  -o obj/default/audio_ISR.o audio_ISR.c
audio_ISR.c: In function 'audio_ISR':
audio_ISR.c:30: warning: passing argument 2 of 'alt_up_audio_record_r' discards qualifiers from pointer target type
audio_ISR.c:33: warning: passing argument 2 of 'alt_up_audio_record_l' discards qualifiers from pointer target type
audio_ISR.c:52: warning: passing argument 2 of 'alt_up_audio_play_r' discards qualifiers from pointer target type
audio_ISR.c:55: warning: passing argument 2 of 'alt_up_audio_play_l' discards qualifiers from pointer target type
audio_ISR.c:20: warning: unused variable 'fifospace'
Info: Compiling globals.c to obj/default/globals.o
nios2-elf-gcc -xc -MP -MMD -c -I../lab3_bsp//HAL/inc -I../lab3_bsp/ -I../lab3_bsp//drivers/inc  -DSYSTEM_BUS_WIDTH=32 -pipe -D__hal__ -DALT_NO_INSTRUCTION_EMULATION -DALT_SINGLE_THREADED    -O0 -g -Wall   -EL -mhw-div -mcustom-fpu-cfg=60-2 -mhw-mul -mno-hw-mulx  -o obj/default/globals.o globals.c
Info: Compiling interval_timer_ISR.c to obj/default/interval_timer_ISR.o
nios2-elf-gcc -xc -MP -MMD -c -I../lab3_bsp//HAL/inc -I../lab3_bsp/ -I../lab3_bsp//drivers/inc  -DSYSTEM_BUS_WIDTH=32 -pipe -D__hal__ -DALT_NO_INSTRUCTION_EMULATION -DALT_SINGLE_THREADED    -O0 -g -Wall   -EL -mhw-div -mcustom-fpu-cfg=60-2 -mhw-mul -mno-hw-mulx  -o obj/default/interval_timer_ISR.o interval_timer_ISR.c
Info: Compiling media_interrupt_HAL.c to obj/default/media_interrupt_HAL.o
nios2-elf-gcc -xc -MP -MMD -c -I../lab3_bsp//HAL/inc -I../lab3_bsp/ -I../lab3_bsp//drivers/inc  -DSYSTEM_BUS_WIDTH=32 -pipe -D__hal__ -DALT_NO_INSTRUCTION_EMULATION -DALT_SINGLE_THREADED    -O0 -g -Wall   -EL -mhw-div -mcustom-fpu-cfg=60-2 -mhw-mul -mno-hw-mulx  -o obj/default/media_interrupt_HAL.o media_interrupt_HAL.c
media_interrupt_HAL.c: In function 'main':
media_interrupt_HAL.c:235: warning: implicit declaration of function 'printf'
media_interrupt_HAL.c:235: warning: incompatible implicit declaration of built-in function 'printf'
media_interrupt_HAL.c:235: error: 'flag' undeclared (first use in this function)
media_interrupt_HAL.c:235: error: (Each undeclared identifier is reported only once
media_interrupt_HAL.c:235: error: for each function it appears in.)
media_interrupt_HAL.c:185: warning: unused variable 'text_erase'
make: *** [obj/default/media_interrupt_HAL.o] Error 1

**** Build Finished ****

**** Build of configuration Nios II for project lab3 ****

make all 
Info: Building ../lab3_bsp/
make --no-print-directory -C ../lab3_bsp/
[BSP build complete]
Info: Compiling media_interrupt_HAL.c to obj/default/media_interrupt_HAL.o
nios2-elf-gcc -xc -MP -MMD -c -I../lab3_bsp//HAL/inc -I../lab3_bsp/ -I../lab3_bsp//drivers/inc  -DSYSTEM_BUS_WIDTH=32 -pipe -D__hal__ -DALT_NO_INSTRUCTION_EMULATION -DALT_SINGLE_THREADED    -O0 -g -Wall   -EL -mhw-div -mcustom-fpu-cfg=60-2 -mhw-mul -mno-hw-mulx  -o obj/default/media_interrupt_HAL.o media_interrupt_HAL.c
media_interrupt_HAL.c: In function 'main':
media_interrupt_HAL.c:241: warning: implicit declaration of function 'printf'
media_interrupt_HAL.c:241: warning: incompatible implicit declaration of built-in function 'printf'
media_interrupt_HAL.c:241: error: 'flag' undeclared (first use in this function)
media_interrupt_HAL.c:241: error: (Each undeclared identifier is reported only once
media_interrupt_HAL.c:241: error: for each function it appears in.)
media_interrupt_HAL.c:185: warning: unused variable 'text_erase'
make: *** [obj/default/media_interrupt_HAL.o] Error 1

**** Build Finished ****

**** Build of configuration Nios II for project lab3 ****

make all 
Info: Building ../lab3_bsp/
make --no-print-directory -C ../lab3_bsp/
[BSP build complete]
Info: Compiling media_interrupt_HAL.c to obj/default/media_interrupt_HAL.o
nios2-elf-gcc -xc -MP -MMD -c -I../lab3_bsp//HAL/inc -I../lab3_bsp/ -I../lab3_bsp//drivers/inc  -DSYSTEM_BUS_WIDTH=32 -pipe -D__hal__ -DALT_NO_INSTRUCTION_EMULATION -DALT_SINGLE_THREADED    -O0 -g -Wall   -EL -mhw-div -mcustom-fpu-cfg=60-2 -mhw-mul -mno-hw-mulx  -o obj/default/media_interrupt_HAL.o media_interrupt_HAL.c
media_interrupt_HAL.c: In function 'main':
media_interrupt_HAL.c:185: warning: unused variable 'text_erase'
Info: Compiling pushbutton_ISR.c to obj/default/pushbutton_ISR.o
nios2-elf-gcc -xc -MP -MMD -c -I../lab3_bsp//HAL/inc -I../lab3_bsp/ -I../lab3_bsp//drivers/inc  -DSYSTEM_BUS_WIDTH=32 -pipe -D__hal__ -DALT_NO_INSTRUCTION_EMULATION -DALT_SINGLE_THREADED    -O0 -g -Wall   -EL -mhw-div -mcustom-fpu-cfg=60-2 -mhw-mul -mno-hw-mulx  -o obj/default/pushbutton_ISR.o pushbutton_ISR.c
Info: Linking lab3.elf
nios2-elf-g++  -T'../lab3_bsp//linker.x' -msys-crt0='../lab3_bsp//obj/HAL/src/crt0.o' -msys-lib=hal_bsp -L../lab3_bsp/  -mcustom-fpu-cfg=60-2  -Wl,-Map=lab3.map   -O0 -g -Wall   -EL -mhw-div -mcustom-fpu-cfg=60-2 -mhw-mul -mno-hw-mulx  -o lab3.elf obj/default/PS2_ISR.o obj/default/audio_ISR.o obj/default/globals.o obj/default/interval_timer_ISR.o obj/default/media_interrupt_HAL.o obj/default/pushbutton_ISR.o -lm 
obj/default/audio_ISR.o: In function `audio_ISR':
C:\Users\MATRIX\Desktop\fpga_lab3\software\lab3/audio_ISR.c:25: undefined reference to `flag'
C:\Users\MATRIX\Desktop\fpga_lab3\software\lab3/audio_ISR.c:25: undefined reference to `flag'
collect2: ld returned 1 exit status
make: *** [lab3.elf] Error 1

**** Build Finished ****

**** Build of configuration Nios II for project lab3 ****

make all 
Info: Building ../lab3_bsp/
make --no-print-directory -C ../lab3_bsp/
[BSP build complete]
Info: Compiling audio_ISR.c to obj/default/audio_ISR.o
nios2-elf-gcc -xc -MP -MMD -c -I../lab3_bsp//HAL/inc -I../lab3_bsp/ -I../lab3_bsp//drivers/inc  -DSYSTEM_BUS_WIDTH=32 -pipe -D__hal__ -DALT_NO_INSTRUCTION_EMULATION -DALT_SINGLE_THREADED    -O0 -g -Wall   -EL -mhw-div -mcustom-fpu-cfg=60-2 -mhw-mul -mno-hw-mulx  -o obj/default/audio_ISR.o audio_ISR.c
audio_ISR.c: In function 'audio_ISR':
audio_ISR.c:30: warning: passing argument 2 of 'alt_up_audio_record_r' discards qualifiers from pointer target type
audio_ISR.c:33: warning: passing argument 2 of 'alt_up_audio_record_l' discards qualifiers from pointer target type
audio_ISR.c:52: warning: passing argument 2 of 'alt_up_audio_play_r' discards qualifiers from pointer target type
audio_ISR.c:55: warning: passing argument 2 of 'alt_up_audio_play_l' discards qualifiers from pointer target type
audio_ISR.c:20: warning: unused variable 'fifospace'
Info: Linking lab3.elf
nios2-elf-g++  -T'../lab3_bsp//linker.x' -msys-crt0='../lab3_bsp//obj/HAL/src/crt0.o' -msys-lib=hal_bsp -L../lab3_bsp/  -mcustom-fpu-cfg=60-2  -Wl,-Map=lab3.map   -O0 -g -Wall   -EL -mhw-div -mcustom-fpu-cfg=60-2 -mhw-mul -mno-hw-mulx  -o lab3.elf obj/default/PS2_ISR.o obj/default/audio_ISR.o obj/default/globals.o obj/default/interval_timer_ISR.o obj/default/media_interrupt_HAL.o obj/default/pushbutton_ISR.o -lm 
nios2-elf-insert lab3.elf --thread_model hal --cpu_name CPU --qsys true --simulation_enabled false --id 0 --sidp 0x10002020 --timestamp 1371501013 --stderr_dev JTAG_UART --stdin_dev JTAG_UART --stdout_dev JTAG_UART --sopc_system_name nios_system --quartus_project_dir "C:/Users/MATRIX/Desktop/fpga_lab3" --jdi C:/Users/MATRIX/Desktop/fpga_lab3/DE2_Media_Computer.jdi --sopcinfo C:/Users/MATRIX/Desktop/fpga_lab3/nios_system.sopcinfo
Info: (lab3.elf) 3957 KBytes program size (code + initialized data).
Info:            4227 KBytes free for stack + heap.
Info: Creating lab3.objdump
nios2-elf-objdump --disassemble --syms --all-header --source lab3.elf >lab3.objdump
[lab3 build complete]

**** Build Finished ****

**** Build of configuration Nios II for project lab3 ****

make all 
Info: Building ../lab3_bsp/
make --no-print-directory -C ../lab3_bsp/
[BSP build complete]
[lab3 build complete]

**** Build Finished ****

**** Build of configuration Nios II for project lab3 ****

make all 
Info: Building ../lab3_bsp/
make --no-print-directory -C ../lab3_bsp/
[BSP build complete]
[lab3 build complete]

**** Build Finished ****

**** Build of configuration Nios II for project lab3 ****

make all 
Info: Building ../lab3_bsp/
make --no-print-directory -C ../lab3_bsp/
[BSP build complete]
[lab3 build complete]

**** Build Finished ****

**** Build of configuration Nios II for project lab3 ****

make all 
Info: Building ../lab3_bsp/
make --no-print-directory -C ../lab3_bsp/
[BSP build complete]
Info: Compiling audio_ISR.c to obj/default/audio_ISR.o
nios2-elf-gcc -xc -MP -MMD -c -I../lab3_bsp//HAL/inc -I../lab3_bsp/ -I../lab3_bsp//drivers/inc  -DSYSTEM_BUS_WIDTH=32 -pipe -D__hal__ -DALT_NO_INSTRUCTION_EMULATION -DALT_SINGLE_THREADED    -O0 -g -Wall   -EL -mhw-div -mcustom-fpu-cfg=60-2 -mhw-mul -mno-hw-mulx  -o obj/default/audio_ISR.o audio_ISR.c
audio_ISR.c: In function 'audio_ISR':
audio_ISR.c:29: warning: passing argument 2 of 'alt_up_audio_record_r' discards qualifiers from pointer target type
audio_ISR.c:32: warning: passing argument 2 of 'alt_up_audio_record_l' discards qualifiers from pointer target type
audio_ISR.c:51: warning: passing argument 2 of 'alt_up_audio_play_r' discards qualifiers from pointer target type
audio_ISR.c:54: warning: passing argument 2 of 'alt_up_audio_play_l' discards qualifiers from pointer target type
audio_ISR.c:20: warning: unused variable 'fifospace'
Info: Compiling media_interrupt_HAL.c to obj/default/media_interrupt_HAL.o
nios2-elf-gcc -xc -MP -MMD -c -I../lab3_bsp//HAL/inc -I../lab3_bsp/ -I../lab3_bsp//drivers/inc  -DSYSTEM_BUS_WIDTH=32 -pipe -D__hal__ -DALT_NO_INSTRUCTION_EMULATION -DALT_SINGLE_THREADED    -O0 -g -Wall   -EL -mhw-div -mcustom-fpu-cfg=60-2 -mhw-mul -mno-hw-mulx  -o obj/default/media_interrupt_HAL.o media_interrupt_HAL.c
media_interrupt_HAL.c: In function 'main':
media_interrupt_HAL.c:250: error: expected expression before '/' token
media_interrupt_HAL.c:186: warning: unused variable 'text_erase'
make: *** [obj/default/media_interrupt_HAL.o] Error 1

**** Build Finished ****

**** Build of configuration Nios II for project lab3 ****

make all 
Info: Building ../lab3_bsp/
make --no-print-directory -C ../lab3_bsp/
[BSP build complete]
Info: Compiling media_interrupt_HAL.c to obj/default/media_interrupt_HAL.o
nios2-elf-gcc -xc -MP -MMD -c -I../lab3_bsp//HAL/inc -I../lab3_bsp/ -I../lab3_bsp//drivers/inc  -DSYSTEM_BUS_WIDTH=32 -pipe -D__hal__ -DALT_NO_INSTRUCTION_EMULATION -DALT_SINGLE_THREADED    -O0 -g -Wall   -EL -mhw-div -mcustom-fpu-cfg=60-2 -mhw-mul -mno-hw-mulx  -o obj/default/media_interrupt_HAL.o media_interrupt_HAL.c
media_interrupt_HAL.c: In function 'main':
media_interrupt_HAL.c:186: warning: unused variable 'text_erase'
Info: Linking lab3.elf
nios2-elf-g++  -T'../lab3_bsp//linker.x' -msys-crt0='../lab3_bsp//obj/HAL/src/crt0.o' -msys-lib=hal_bsp -L../lab3_bsp/  -mcustom-fpu-cfg=60-2  -Wl,-Map=lab3.map   -O0 -g -Wall   -EL -mhw-div -mcustom-fpu-cfg=60-2 -mhw-mul -mno-hw-mulx  -o lab3.elf obj/default/PS2_ISR.o obj/default/audio_ISR.o obj/default/globals.o obj/default/interval_timer_ISR.o obj/default/media_interrupt_HAL.o obj/default/pushbutton_ISR.o -lm 
obj/default/media_interrupt_HAL.o: In function `main':
C:\Users\MATRIX\Desktop\fpga_lab3\software\lab3/media_interrupt_HAL.c:57: undefined reference to `flag'
C:\Users\MATRIX\Desktop\fpga_lab3\software\lab3/media_interrupt_HAL.c:57: undefined reference to `flag'
C:\Users\MATRIX\Desktop\fpga_lab3\software\lab3/media_interrupt_HAL.c:234: undefined reference to `flag'
C:\Users\MATRIX\Desktop\fpga_lab3\software\lab3/media_interrupt_HAL.c:234: undefined reference to `flag'
collect2: ld returned 1 exit status
make: *** [lab3.elf] Error 1

**** Build Finished ****

**** Build of configuration Nios II for project lab3 ****

make all 
Info: Building ../lab3_bsp/
make --no-print-directory -C ../lab3_bsp/
[BSP build complete]
Info: Compiling PS2_ISR.c to obj/default/PS2_ISR.o
nios2-elf-gcc -xc -MP -MMD -c -I../lab3_bsp//HAL/inc -I../lab3_bsp/ -I../lab3_bsp//drivers/inc  -DSYSTEM_BUS_WIDTH=32 -pipe -D__hal__ -DALT_NO_INSTRUCTION_EMULATION -DALT_SINGLE_THREADED    -O0 -g -Wall   -EL -mhw-div -mcustom-fpu-cfg=60-2 -mhw-mul -mno-hw-mulx  -o obj/default/PS2_ISR.o PS2_ISR.c
Info: Compiling audio_ISR.c to obj/default/audio_ISR.o
nios2-elf-gcc -xc -MP -MMD -c -I../lab3_bsp//HAL/inc -I../lab3_bsp/ -I../lab3_bsp//drivers/inc  -DSYSTEM_BUS_WIDTH=32 -pipe -D__hal__ -DALT_NO_INSTRUCTION_EMULATION -DALT_SINGLE_THREADED    -O0 -g -Wall   -EL -mhw-div -mcustom-fpu-cfg=60-2 -mhw-mul -mno-hw-mulx  -o obj/default/audio_ISR.o audio_ISR.c
audio_ISR.c:7: error: conflicting type qualifiers for 'flag'
globals.h:13: error: previous declaration of 'flag' was here
audio_ISR.c: In function 'audio_ISR':
audio_ISR.c:29: warning: passing argument 2 of 'alt_up_audio_record_r' discards qualifiers from pointer target type
audio_ISR.c:32: warning: passing argument 2 of 'alt_up_audio_record_l' discards qualifiers from pointer target type
audio_ISR.c:51: warning: passing argument 2 of 'alt_up_audio_play_r' discards qualifiers from pointer target type
audio_ISR.c:54: warning: passing argument 2 of 'alt_up_audio_play_l' discards qualifiers from pointer target type
audio_ISR.c:20: warning: unused variable 'fifospace'
make: *** [obj/default/audio_ISR.o] Error 1

**** Build Finished ****

**** Build of configuration Nios II for project lab3 ****

make all 
Info: Building ../lab3_bsp/
make --no-print-directory -C ../lab3_bsp/
[BSP build complete]
Info: Compiling audio_ISR.c to obj/default/audio_ISR.o
nios2-elf-gcc -xc -MP -MMD -c -I../lab3_bsp//HAL/inc -I../lab3_bsp/ -I../lab3_bsp//drivers/inc  -DSYSTEM_BUS_WIDTH=32 -pipe -D__hal__ -DALT_NO_INSTRUCTION_EMULATION -DALT_SINGLE_THREADED    -O0 -g -Wall   -EL -mhw-div -mcustom-fpu-cfg=60-2 -mhw-mul -mno-hw-mulx  -o obj/default/audio_ISR.o audio_ISR.c
audio_ISR.c: In function 'audio_ISR':
audio_ISR.c:29: warning: passing argument 2 of 'alt_up_audio_record_r' discards qualifiers from pointer target type
audio_ISR.c:32: warning: passing argument 2 of 'alt_up_audio_record_l' discards qualifiers from pointer target type
audio_ISR.c:51: warning: passing argument 2 of 'alt_up_audio_play_r' discards qualifiers from pointer target type
audio_ISR.c:54: warning: passing argument 2 of 'alt_up_audio_play_l' discards qualifiers from pointer target type
audio_ISR.c:20: warning: unused variable 'fifospace'
Info: Compiling globals.c to obj/default/globals.o
nios2-elf-gcc -xc -MP -MMD -c -I../lab3_bsp//HAL/inc -I../lab3_bsp/ -I../lab3_bsp//drivers/inc  -DSYSTEM_BUS_WIDTH=32 -pipe -D__hal__ -DALT_NO_INSTRUCTION_EMULATION -DALT_SINGLE_THREADED    -O0 -g -Wall   -EL -mhw-div -mcustom-fpu-cfg=60-2 -mhw-mul -mno-hw-mulx  -o obj/default/globals.o globals.c
Info: Compiling interval_timer_ISR.c to obj/default/interval_timer_ISR.o
nios2-elf-gcc -xc -MP -MMD -c -I../lab3_bsp//HAL/inc -I../lab3_bsp/ -I../lab3_bsp//drivers/inc  -DSYSTEM_BUS_WIDTH=32 -pipe -D__hal__ -DALT_NO_INSTRUCTION_EMULATION -DALT_SINGLE_THREADED    -O0 -g -Wall   -EL -mhw-div -mcustom-fpu-cfg=60-2 -mhw-mul -mno-hw-mulx  -o obj/default/interval_timer_ISR.o interval_timer_ISR.c
Info: Compiling media_interrupt_HAL.c to obj/default/media_interrupt_HAL.o
nios2-elf-gcc -xc -MP -MMD -c -I../lab3_bsp//HAL/inc -I../lab3_bsp/ -I../lab3_bsp//drivers/inc  -DSYSTEM_BUS_WIDTH=32 -pipe -D__hal__ -DALT_NO_INSTRUCTION_EMULATION -DALT_SINGLE_THREADED    -O0 -g -Wall   -EL -mhw-div -mcustom-fpu-cfg=60-2 -mhw-mul -mno-hw-mulx  -o obj/default/media_interrupt_HAL.o media_interrupt_HAL.c
media_interrupt_HAL.c: In function 'main':
media_interrupt_HAL.c:186: warning: unused variable 'text_erase'
Info: Compiling pushbutton_ISR.c to obj/default/pushbutton_ISR.o
nios2-elf-gcc -xc -MP -MMD -c -I../lab3_bsp//HAL/inc -I../lab3_bsp/ -I../lab3_bsp//drivers/inc  -DSYSTEM_BUS_WIDTH=32 -pipe -D__hal__ -DALT_NO_INSTRUCTION_EMULATION -DALT_SINGLE_THREADED    -O0 -g -Wall   -EL -mhw-div -mcustom-fpu-cfg=60-2 -mhw-mul -mno-hw-mulx  -o obj/default/pushbutton_ISR.o pushbutton_ISR.c
Info: Linking lab3.elf
nios2-elf-g++  -T'../lab3_bsp//linker.x' -msys-crt0='../lab3_bsp//obj/HAL/src/crt0.o' -msys-lib=hal_bsp -L../lab3_bsp/  -mcustom-fpu-cfg=60-2  -Wl,-Map=lab3.map   -O0 -g -Wall   -EL -mhw-div -mcustom-fpu-cfg=60-2 -mhw-mul -mno-hw-mulx  -o lab3.elf obj/default/PS2_ISR.o obj/default/audio_ISR.o obj/default/globals.o obj/default/interval_timer_ISR.o obj/default/media_interrupt_HAL.o obj/default/pushbutton_ISR.o -lm 
nios2-elf-insert lab3.elf --thread_model hal --cpu_name CPU --qsys true --simulation_enabled false --id 0 --sidp 0x10002020 --timestamp 1371501013 --stderr_dev JTAG_UART --stdin_dev JTAG_UART --stdout_dev JTAG_UART --sopc_system_name nios_system --quartus_project_dir "C:/Users/MATRIX/Desktop/fpga_lab3" --jdi C:/Users/MATRIX/Desktop/fpga_lab3/DE2_Media_Computer.jdi --sopcinfo C:/Users/MATRIX/Desktop/fpga_lab3/nios_system.sopcinfo
Info: (lab3.elf) 3957 KBytes program size (code + initialized data).
Info:            4227 KBytes free for stack + heap.
Info: Creating lab3.objdump
nios2-elf-objdump --disassemble --syms --all-header --source lab3.elf >lab3.objdump
[lab3 build complete]

**** Build Finished ****

**** Build of configuration Nios II for project lab3 ****

make all 
Info: Building ../lab3_bsp/
make --no-print-directory -C ../lab3_bsp/
[BSP build complete]
Info: Compiling media_interrupt_HAL.c to obj/default/media_interrupt_HAL.o
nios2-elf-gcc -xc -MP -MMD -c -I../lab3_bsp//HAL/inc -I../lab3_bsp/ -I../lab3_bsp//drivers/inc  -DSYSTEM_BUS_WIDTH=32 -pipe -D__hal__ -DALT_NO_INSTRUCTION_EMULATION -DALT_SINGLE_THREADED    -O0 -g -Wall   -EL -mhw-div -mcustom-fpu-cfg=60-2 -mhw-mul -mno-hw-mulx  -o obj/default/media_interrupt_HAL.o media_interrupt_HAL.c
media_interrupt_HAL.c: In function 'main':
media_interrupt_HAL.c:186: warning: unused variable 'text_erase'
Info: Linking lab3.elf
nios2-elf-g++  -T'../lab3_bsp//linker.x' -msys-crt0='../lab3_bsp//obj/HAL/src/crt0.o' -msys-lib=hal_bsp -L../lab3_bsp/  -mcustom-fpu-cfg=60-2  -Wl,-Map=lab3.map   -O0 -g -Wall   -EL -mhw-div -mcustom-fpu-cfg=60-2 -mhw-mul -mno-hw-mulx  -o lab3.elf obj/default/PS2_ISR.o obj/default/audio_ISR.o obj/default/globals.o obj/default/interval_timer_ISR.o obj/default/media_interrupt_HAL.o obj/default/pushbutton_ISR.o -lm 
nios2-elf-insert lab3.elf --thread_model hal --cpu_name CPU --qsys true --simulation_enabled false --id 0 --sidp 0x10002020 --timestamp 1371501013 --stderr_dev JTAG_UART --stdin_dev JTAG_UART --stdout_dev JTAG_UART --sopc_system_name nios_system --quartus_project_dir "C:/Users/MATRIX/Desktop/fpga_lab3" --jdi C:/Users/MATRIX/Desktop/fpga_lab3/DE2_Media_Computer.jdi --sopcinfo C:/Users/MATRIX/Desktop/fpga_lab3/nios_system.sopcinfo
Info: (lab3.elf) 3957 KBytes program size (code + initialized data).
Info:            4227 KBytes free for stack + heap.
Info: Creating lab3.objdump
nios2-elf-objdump --disassemble --syms --all-header --source lab3.elf >lab3.objdump
[lab3 build complete]

**** Build Finished ****

**** Build of configuration Nios II for project lab3 ****

make all 
Info: Building ../lab3_bsp/
make --no-print-directory -C ../lab3_bsp/
[BSP build complete]
[lab3 build complete]

**** Build Finished ****

**** Build of configuration Nios II for project lab3 ****

make all 
Info: Building ../lab3_bsp/
make --no-print-directory -C ../lab3_bsp/
[BSP build complete]
Info: Compiling PS2_ISR.c to obj/default/PS2_ISR.o
nios2-elf-gcc -xc -MP -MMD -c -I../lab3_bsp//HAL/inc -I../lab3_bsp/ -I../lab3_bsp//drivers/inc  -DSYSTEM_BUS_WIDTH=32 -pipe -D__hal__ -DALT_NO_INSTRUCTION_EMULATION -DALT_SINGLE_THREADED    -O0 -g -Wall   -EL -mhw-div -mcustom-fpu-cfg=60-2 -mhw-mul -mno-hw-mulx  -o obj/default/PS2_ISR.o PS2_ISR.c
Info: Compiling audio_ISR.c to obj/default/audio_ISR.o
nios2-elf-gcc -xc -MP -MMD -c -I../lab3_bsp//HAL/inc -I../lab3_bsp/ -I../lab3_bsp//drivers/inc  -DSYSTEM_BUS_WIDTH=32 -pipe -D__hal__ -DALT_NO_INSTRUCTION_EMULATION -DALT_SINGLE_THREADED    -O0 -g -Wall   -EL -mhw-div -mcustom-fpu-cfg=60-2 -mhw-mul -mno-hw-mulx  -o obj/default/audio_ISR.o audio_ISR.c
audio_ISR.c: In function 'audio_ISR':
audio_ISR.c:32: warning: pointer targets in passing argument 2 of 'alt_up_audio_record_r' differ in signedness
audio_ISR.c:35: warning: pointer targets in passing argument 2 of 'alt_up_audio_record_l' differ in signedness
audio_ISR.c:55: warning: pointer targets in passing argument 2 of 'alt_up_audio_play_r' differ in signedness
audio_ISR.c:58: warning: pointer targets in passing argument 2 of 'alt_up_audio_play_l' differ in signedness
audio_ISR.c:22: warning: unused variable 'fifospace'
Info: Compiling globals.c to obj/default/globals.o
nios2-elf-gcc -xc -MP -MMD -c -I../lab3_bsp//HAL/inc -I../lab3_bsp/ -I../lab3_bsp//drivers/inc  -DSYSTEM_BUS_WIDTH=32 -pipe -D__hal__ -DALT_NO_INSTRUCTION_EMULATION -DALT_SINGLE_THREADED    -O0 -g -Wall   -EL -mhw-div -mcustom-fpu-cfg=60-2 -mhw-mul -mno-hw-mulx  -o obj/default/globals.o globals.c
Info: Compiling interval_timer_ISR.c to obj/default/interval_timer_ISR.o
nios2-elf-gcc -xc -MP -MMD -c -I../lab3_bsp//HAL/inc -I../lab3_bsp/ -I../lab3_bsp//drivers/inc  -DSYSTEM_BUS_WIDTH=32 -pipe -D__hal__ -DALT_NO_INSTRUCTION_EMULATION -DALT_SINGLE_THREADED    -O0 -g -Wall   -EL -mhw-div -mcustom-fpu-cfg=60-2 -mhw-mul -mno-hw-mulx  -o obj/default/interval_timer_ISR.o interval_timer_ISR.c
Info: Compiling media_interrupt_HAL.c to obj/default/media_interrupt_HAL.o
nios2-elf-gcc -xc -MP -MMD -c -I../lab3_bsp//HAL/inc -I../lab3_bsp/ -I../lab3_bsp//drivers/inc  -DSYSTEM_BUS_WIDTH=32 -pipe -D__hal__ -DALT_NO_INSTRUCTION_EMULATION -DALT_SINGLE_THREADED    -O0 -g -Wall   -EL -mhw-div -mcustom-fpu-cfg=60-2 -mhw-mul -mno-hw-mulx  -o obj/default/media_interrupt_HAL.o media_interrupt_HAL.c
media_interrupt_HAL.c: In function 'main':
media_interrupt_HAL.c:285: warning: implicit declaration of function 'printf'
media_interrupt_HAL.c:285: warning: incompatible implicit declaration of built-in function 'printf'
media_interrupt_HAL.c:235: warning: unused variable 'text_erase'
Info: Compiling pushbutton_ISR.c to obj/default/pushbutton_ISR.o
nios2-elf-gcc -xc -MP -MMD -c -I../lab3_bsp//HAL/inc -I../lab3_bsp/ -I../lab3_bsp//drivers/inc  -DSYSTEM_BUS_WIDTH=32 -pipe -D__hal__ -DALT_NO_INSTRUCTION_EMULATION -DALT_SINGLE_THREADED    -O0 -g -Wall   -EL -mhw-div -mcustom-fpu-cfg=60-2 -mhw-mul -mno-hw-mulx  -o obj/default/pushbutton_ISR.o pushbutton_ISR.c
Info: Linking lab3.elf
nios2-elf-g++  -T'../lab3_bsp//linker.x' -msys-crt0='../lab3_bsp//obj/HAL/src/crt0.o' -msys-lib=hal_bsp -L../lab3_bsp/  -mcustom-fpu-cfg=60-2  -Wl,-Map=lab3.map   -O0 -g -Wall   -EL -mhw-div -mcustom-fpu-cfg=60-2 -mhw-mul -mno-hw-mulx  -o lab3.elf obj/default/PS2_ISR.o obj/default/audio_ISR.o obj/default/globals.o obj/default/interval_timer_ISR.o obj/default/media_interrupt_HAL.o obj/default/pushbutton_ISR.o -lm 
nios2-elf-insert lab3.elf --thread_model hal --cpu_name CPU --qsys true --simulation_enabled false --id 0 --sidp 0x10002020 --timestamp 1371501013 --stderr_dev JTAG_UART --stdin_dev JTAG_UART --stdout_dev JTAG_UART --sopc_system_name nios_system --quartus_project_dir "C:/Users/MATRIX/Desktop/fpga_lab3" --jdi C:/Users/MATRIX/Desktop/fpga_lab3/DE2_Media_Computer.jdi --sopcinfo C:/Users/MATRIX/Desktop/fpga_lab3/nios_system.sopcinfo
Info: (lab3.elf) 3988 KBytes program size (code + initialized data).
Info:            4196 KBytes free for stack + heap.
Info: Creating lab3.objdump
nios2-elf-objdump --disassemble --syms --all-header --source lab3.elf >lab3.objdump
[lab3 build complete]

**** Build Finished ****

**** Build of configuration Nios II for project lab3 ****

make all 
Info: Building ../lab3_bsp/
make --no-print-directory -C ../lab3_bsp/
[BSP build complete]
[lab3 build complete]

**** Build Finished ****
