
**** Build of configuration Nios II for project fgaweg ****

make all 
Info: Building ../fgaweg_bsp/
make --no-print-directory -C ../fgaweg_bsp/
[BSP build complete]
Info: Compiling PS2_ISR.c to obj/default/PS2_ISR.o
nios2-elf-gcc -xc -MP -MMD -c -I../fgaweg_bsp//HAL/inc -I../fgaweg_bsp/ -I../fgaweg_bsp//drivers/inc  -DSYSTEM_BUS_WIDTH=32 -pipe -D__hal__ -DALT_NO_INSTRUCTION_EMULATION -DALT_SINGLE_THREADED    -O0 -g -Wall   -EL -mhw-div -mcustom-fpu-cfg=60-2 -mhw-mul -mno-hw-mulx  -o obj/default/PS2_ISR.o PS2_ISR.c
Info: Compiling audio_ISR.c to obj/default/audio_ISR.o
nios2-elf-gcc -xc -MP -MMD -c -I../fgaweg_bsp//HAL/inc -I../fgaweg_bsp/ -I../fgaweg_bsp//drivers/inc  -DSYSTEM_BUS_WIDTH=32 -pipe -D__hal__ -DALT_NO_INSTRUCTION_EMULATION -DALT_SINGLE_THREADED    -O0 -g -Wall   -EL -mhw-div -mcustom-fpu-cfg=60-2 -mhw-mul -mno-hw-mulx  -o obj/default/audio_ISR.o audio_ISR.c
audio_ISR.c: In function 'audio_ISR':
audio_ISR.c:31: warning: pointer targets in passing argument 2 of 'alt_up_audio_record_r' differ in signedness
audio_ISR.c:34: warning: pointer targets in passing argument 2 of 'alt_up_audio_record_l' differ in signedness
audio_ISR.c:56: warning: pointer targets in passing argument 2 of 'alt_up_audio_play_r' differ in signedness
audio_ISR.c:59: warning: pointer targets in passing argument 2 of 'alt_up_audio_play_l' differ in signedness
audio_ISR.c:20: warning: unused variable 'fifospace'
Info: Compiling globals.c to obj/default/globals.o
nios2-elf-gcc -xc -MP -MMD -c -I../fgaweg_bsp//HAL/inc -I../fgaweg_bsp/ -I../fgaweg_bsp//drivers/inc  -DSYSTEM_BUS_WIDTH=32 -pipe -D__hal__ -DALT_NO_INSTRUCTION_EMULATION -DALT_SINGLE_THREADED    -O0 -g -Wall   -EL -mhw-div -mcustom-fpu-cfg=60-2 -mhw-mul -mno-hw-mulx  -o obj/default/globals.o globals.c
Info: Compiling interval_timer_ISR.c to obj/default/interval_timer_ISR.o
nios2-elf-gcc -xc -MP -MMD -c -I../fgaweg_bsp//HAL/inc -I../fgaweg_bsp/ -I../fgaweg_bsp//drivers/inc  -DSYSTEM_BUS_WIDTH=32 -pipe -D__hal__ -DALT_NO_INSTRUCTION_EMULATION -DALT_SINGLE_THREADED    -O0 -g -Wall   -EL -mhw-div -mcustom-fpu-cfg=60-2 -mhw-mul -mno-hw-mulx  -o obj/default/interval_timer_ISR.o interval_timer_ISR.c
Info: Compiling media_interrupt_HAL.c to obj/default/media_interrupt_HAL.o
nios2-elf-gcc -xc -MP -MMD -c -I../fgaweg_bsp//HAL/inc -I../fgaweg_bsp/ -I../fgaweg_bsp//drivers/inc  -DSYSTEM_BUS_WIDTH=32 -pipe -D__hal__ -DALT_NO_INSTRUCTION_EMULATION -DALT_SINGLE_THREADED    -O0 -g -Wall   -EL -mhw-div -mcustom-fpu-cfg=60-2 -mhw-mul -mno-hw-mulx  -o obj/default/media_interrupt_HAL.o media_interrupt_HAL.c
media_interrupt_HAL.c: In function 'main':
media_interrupt_HAL.c:214: warning: passing argument 2 of '__builtin_stwio' makes integer from pointer without a cast
media_interrupt_HAL.c:215: warning: passing argument 2 of '__builtin_stwio' makes integer from pointer without a cast
media_interrupt_HAL.c:216: warning: passing argument 2 of '__builtin_stwio' makes integer from pointer without a cast
media_interrupt_HAL.c:218: warning: implicit declaration of function 'printf'
media_interrupt_HAL.c:218: warning: incompatible implicit declaration of built-in function 'printf'
media_interrupt_HAL.c:165: warning: unused variable 'text_erase'
media_interrupt_HAL.c:164: warning: unused variable 'text_ALTERA'
media_interrupt_HAL.c:163: warning: unused variable 'text_bottom_VGA'
media_interrupt_HAL.c:162: warning: unused variable 'text_top_VGA'
media_interrupt_HAL.c:69: warning: unused variable 'char_buffer_y'
media_interrupt_HAL.c:69: warning: unused variable 'char_buffer_x'
media_interrupt_HAL.c:67: warning: unused variable 'ALT_inc_y'
media_interrupt_HAL.c:67: warning: unused variable 'ALT_inc_x'
media_interrupt_HAL.c:66: warning: unused variable 'ALT_y'
media_interrupt_HAL.c:66: warning: unused variable 'ALT_x2'
media_interrupt_HAL.c:66: warning: unused variable 'ALT_x1'
media_interrupt_HAL.c:56: warning: unused variable 'i'
Info: Compiling pushbutton_ISR.c to obj/default/pushbutton_ISR.o
nios2-elf-gcc -xc -MP -MMD -c -I../fgaweg_bsp//HAL/inc -I../fgaweg_bsp/ -I../fgaweg_bsp//drivers/inc  -DSYSTEM_BUS_WIDTH=32 -pipe -D__hal__ -DALT_NO_INSTRUCTION_EMULATION -DALT_SINGLE_THREADED    -O0 -g -Wall   -EL -mhw-div -mcustom-fpu-cfg=60-2 -mhw-mul -mno-hw-mulx  -o obj/default/pushbutton_ISR.o pushbutton_ISR.c
Info: Linking fgaweg.elf
nios2-elf-g++  -T'../fgaweg_bsp//linker.x' -msys-crt0='../fgaweg_bsp//obj/HAL/src/crt0.o' -msys-lib=hal_bsp -L../fgaweg_bsp/  -mcustom-fpu-cfg=60-2  -Wl,-Map=fgaweg.map   -O0 -g -Wall   -EL -mhw-div -mcustom-fpu-cfg=60-2 -mhw-mul -mno-hw-mulx  -o fgaweg.elf obj/default/PS2_ISR.o obj/default/audio_ISR.o obj/default/globals.o obj/default/interval_timer_ISR.o obj/default/media_interrupt_HAL.o obj/default/pushbutton_ISR.o -lm 
nios2-elf-insert fgaweg.elf --thread_model hal --cpu_name CPU --qsys true --simulation_enabled false --id 0 --sidp 0x10002020 --timestamp 1483182349 --stderr_dev JTAG_UART --stdin_dev JTAG_UART --stdout_dev JTAG_UART --sopc_system_name nios_system --quartus_project_dir "C:/Users/MATRIX/Desktop/khaste" --jdi C:/Users/MATRIX/Desktop/khaste/DE2_Media_Computer.jdi --sopcinfo C:/Users/MATRIX/Desktop/khaste/nios_system.sopcinfo
Info: (fgaweg.elf) 3985 KBytes program size (code + initialized data).
Info:              4199 KBytes free for stack + heap.
Info: Creating fgaweg.objdump
nios2-elf-objdump --disassemble --syms --all-header --source fgaweg.elf >fgaweg.objdump
[fgaweg build complete]

**** Build Finished ****
