
**** Build of configuration Nios II for project fgaweg ****

make all 
      1 [main] sh 15088 find_fast_cwd: WARNING: Couldn't compute FAST_CWD pointer.  Please report this problem to
the public mailing list cygwin@cygwin.com
      1 [main] sh 2920 find_fast_cwd: WARNING: Couldn't compute FAST_CWD pointer.  Please report this problem to
the public mailing list cygwin@cygwin.com
      1 [main] echo 12552 find_fast_cwd: WARNING: Couldn't compute FAST_CWD pointer.  Please report this problem to
the public mailing list cygwin@cygwin.com
Info: Building ../fgaweg_bsp/
make --no-print-directory -C ../fgaweg_bsp/
      1 [main] pwd 944 find_fast_cwd: WARNING: Couldn't compute FAST_CWD pointer.  Please report this problem to
the public mailing list cygwin@cygwin.com
      1 [main] sh 21060 find_fast_cwd: WARNING: Couldn't compute FAST_CWD pointer.  Please report this problem to
the public mailing list cygwin@cygwin.com
makefile:650: Warning: SOPC File C:/Users/MATRIX/Desktop/khaste/nios_system.sopcinfo could not be found.
      3 [main] sh 21304 find_fast_cwd: WARNING: Couldn't compute FAST_CWD pointer.  Please report this problem to
the public mailing list cygwin@cygwin.com
[BSP build complete]
      1 [main] true 22712 find_fast_cwd: WARNING: Couldn't compute FAST_CWD pointer.  Please report this problem to
the public mailing list cygwin@cygwin.com
      2 [main] sh 10260 find_fast_cwd: WARNING: Couldn't compute FAST_CWD pointer.  Please report this problem to
the public mailing list cygwin@cygwin.com
[fgaweg build complete]

**** Build Finished ****

**** Build of configuration Nios II for project fgaweg ****

make all 
      4 [main] sh 15240 find_fast_cwd: WARNING: Couldn't compute FAST_CWD pointer.  Please report this problem to
the public mailing list cygwin@cygwin.com
      1 [main] sh 19716 find_fast_cwd: WARNING: Couldn't compute FAST_CWD pointer.  Please report this problem to
the public mailing list cygwin@cygwin.com
      1 [main] echo 20044 find_fast_cwd: WARNING: Couldn't compute FAST_CWD pointer.  Please report this problem to
the public mailing list cygwin@cygwin.com
Info: Building ../fgaweg_bsp/
make --no-print-directory -C ../fgaweg_bsp/
      1 [main] pwd 21460 find_fast_cwd: WARNING: Couldn't compute FAST_CWD pointer.  Please report this problem to
the public mailing list cygwin@cygwin.com
      1 [main] sh 22052 find_fast_cwd: WARNING: Couldn't compute FAST_CWD pointer.  Please report this problem to
the public mailing list cygwin@cygwin.com
makefile:650: Warning: SOPC File C:/Users/MATRIX/Desktop/khaste/nios_system.sopcinfo could not be found.
      1 [main] sh 17072 find_fast_cwd: WARNING: Couldn't compute FAST_CWD pointer.  Please report this problem to
the public mailing list cygwin@cygwin.com
[BSP build complete]
      1 [main] true 21512 find_fast_cwd: WARNING: Couldn't compute FAST_CWD pointer.  Please report this problem to
the public mailing list cygwin@cygwin.com
      1 [main] sh 9032 find_fast_cwd: WARNING: Couldn't compute FAST_CWD pointer.  Please report this problem to
the public mailing list cygwin@cygwin.com
[fgaweg build complete]

**** Build Finished ****

**** Build of configuration Nios II for project fgaweg ****

make all 
      1 [main] sh 17076 find_fast_cwd: WARNING: Couldn't compute FAST_CWD pointer.  Please report this problem to
the public mailing list cygwin@cygwin.com
      1 [main] sh 4752 find_fast_cwd: WARNING: Couldn't compute FAST_CWD pointer.  Please report this problem to
the public mailing list cygwin@cygwin.com
      1 [main] echo 18928 find_fast_cwd: WARNING: Couldn't compute FAST_CWD pointer.  Please report this problem to
the public mailing list cygwin@cygwin.com
Info: Building ../fgaweg_bsp/
make --no-print-directory -C ../fgaweg_bsp/
      2 [main] pwd 12020 find_fast_cwd: WARNING: Couldn't compute FAST_CWD pointer.  Please report this problem to
the public mailing list cygwin@cygwin.com
      1 [main] sh 17416 find_fast_cwd: WARNING: Couldn't compute FAST_CWD pointer.  Please report this problem to
the public mailing list cygwin@cygwin.com
makefile:650: Warning: SOPC File C:/Users/MATRIX/Desktop/khaste/nios_system.sopcinfo could not be found.
      3 [main] sh 14568 find_fast_cwd: WARNING: Couldn't compute FAST_CWD pointer.  Please report this problem to
the public mailing list cygwin@cygwin.com
[BSP build complete]
      2 [main] echo 8452 find_fast_cwd: WARNING: Couldn't compute FAST_CWD pointer.  Please report this problem to
the public mailing list cygwin@cygwin.com
Info: Compiling media_interrupt_HAL.c to obj/default/media_interrupt_HAL.o
    119 [main] mkdir 13316 find_fast_cwd: WARNING: Couldn't compute FAST_CWD pointer.  Please report this problem to
the public mailing list cygwin@cygwin.com
nios2-elf-gcc -xc -MP -MMD -c -I../fgaweg_bsp//HAL/inc -I../fgaweg_bsp/ -I../fgaweg_bsp//drivers/inc  -DSYSTEM_BUS_WIDTH=32 -pipe -D__hal__ -DALT_NO_INSTRUCTION_EMULATION -DALT_SINGLE_THREADED    -O0 -g -Wall   -EL -mhw-div -mcustom-fpu-cfg=60-2 -mhw-mul -mno-hw-mulx  -o obj/default/media_interrupt_HAL.o media_interrupt_HAL.c
media_interrupt_HAL.c: In function 'main':
media_interrupt_HAL.c:214: warning: passing argument 2 of '__builtin_stwio' makes integer from pointer without a cast
media_interrupt_HAL.c:215: warning: passing argument 2 of '__builtin_stwio' makes integer from pointer without a cast
media_interrupt_HAL.c:216: warning: passing argument 2 of '__builtin_stwio' makes integer from pointer without a cast
media_interrupt_HAL.c:218: warning: implicit declaration of function 'printf'
media_interrupt_HAL.c:218: warning: incompatible implicit declaration of built-in function 'printf'
media_interrupt_HAL.c:165: warning: unused variable 'text_erase'
media_interrupt_HAL.c:164: warning: unused variable 'text_ALTERA'
media_interrupt_HAL.c:163: warning: unused variable 'text_bottom_VGA'
media_interrupt_HAL.c:162: warning: unused variable 'text_top_VGA'
media_interrupt_HAL.c:69: warning: unused variable 'char_buffer_y'
media_interrupt_HAL.c:69: warning: unused variable 'char_buffer_x'
media_interrupt_HAL.c:67: warning: unused variable 'ALT_inc_y'
media_interrupt_HAL.c:67: warning: unused variable 'ALT_inc_x'
media_interrupt_HAL.c:66: warning: unused variable 'ALT_y'
media_interrupt_HAL.c:66: warning: unused variable 'ALT_x2'
media_interrupt_HAL.c:66: warning: unused variable 'ALT_x1'
media_interrupt_HAL.c:56: warning: unused variable 'i'
      2 [main] true 20228 find_fast_cwd: WARNING: Couldn't compute FAST_CWD pointer.  Please report this problem to
the public mailing list cygwin@cygwin.com
      1 [main] echo 9348 find_fast_cwd: WARNING: Couldn't compute FAST_CWD pointer.  Please report this problem to
Info: Linking fgaweg.elf
the public mailing list cygwin@cygwin.com
nios2-elf-g++  -T'../fgaweg_bsp//linker.x' -msys-crt0='../fgaweg_bsp//obj/HAL/src/crt0.o' -msys-lib=hal_bsp -L../fgaweg_bsp/  -mcustom-fpu-cfg=60-2  -Wl,-Map=fgaweg.map   -O0 -g -Wall   -EL -mhw-div -mcustom-fpu-cfg=60-2 -mhw-mul -mno-hw-mulx  -o fgaweg.elf obj/default/PS2_ISR.o obj/default/audio_ISR.o obj/default/globals.o obj/default/interval_timer_ISR.o obj/default/media_interrupt_HAL.o obj/default/pushbutton_ISR.o -lm 
      2 [main] sh 14168 find_fast_cwd: WARNING: Couldn't compute FAST_CWD pointer.  Please report this problem to
nios2-elf-insert fgaweg.elf --thread_model hal --cpu_name CPU --qsys true --simulation_enabled false --id 0 --sidp 0x10002020 --timestamp 1483182349 --stderr_dev JTAG_UART --stdin_dev JTAG_UART --stdout_dev JTAG_UART --sopc_system_name nios_system --quartus_project_dir "C:/Users/microsoft/Documents/UT/FPGA/Lab4/lab4/lab4_hardware"
the public mailing list cygwin@cygwin.com
      1 [main] uname 20148 find_fast_cwd: WARNING: Couldn't compute FAST_CWD pointer.  Please report this problem to
the public mailing list cygwin@cygwin.com
      1 [main] sh 8328 find_fast_cwd: WARNING: Couldn't compute FAST_CWD pointer.  Please report this problem to
the public mailing list cygwin@cygwin.com
Info: (fgaweg.elf) 3985 KBytes program size (code + initialized data).
Info:              4199 KBytes free for stack + heap.
      4 [main] echo 5336 find_fast_cwd: WARNING: Couldn't compute FAST_CWD pointer.  Please report this problem to
the public mailing list cygwin@cygwin.com
Info: Creating fgaweg.objdump
nios2-elf-objdump --disassemble --syms --all-header --source fgaweg.elf >fgaweg.objdump
      1 [main] sh 12820 find_fast_cwd: WARNING: Couldn't compute FAST_CWD pointer.  Please report this problem to
the public mailing list cygwin@cygwin.com
      3 [main] sh 21728 find_fast_cwd: WARNING: Couldn't compute FAST_CWD pointer.  Please report this problem to
the public mailing list cygwin@cygwin.com
[fgaweg build complete]

**** Build Finished ****

**** Build of configuration Nios II for project fgaweg ****

make all 
      2 [main] sh 20704 find_fast_cwd: WARNING: Couldn't compute FAST_CWD pointer.  Please report this problem to
the public mailing list cygwin@cygwin.com
      2 [main] sh 9656 find_fast_cwd: WARNING: Couldn't compute FAST_CWD pointer.  Please report this problem to
the public mailing list cygwin@cygwin.com
      2 [main] echo 18008 find_fast_cwd: WARNING: Couldn't compute FAST_CWD pointer.  Please report this problem to
Info: Building ../fgaweg_bsp/
the public mailing list cygwin@cygwin.com
make --no-print-directory -C ../fgaweg_bsp/
      2 [main] pwd 23252 find_fast_cwd: WARNING: Couldn't compute FAST_CWD pointer.  Please report this problem to
the public mailing list cygwin@cygwin.com
      2 [main] sh 20544 find_fast_cwd: WARNING: Couldn't compute FAST_CWD pointer.  Please report this problem to
the public mailing list cygwin@cygwin.com
makefile:650: Warning: SOPC File C:/Users/MATRIX/Desktop/khaste/nios_system.sopcinfo could not be found.
      3 [main] sh 8276 find_fast_cwd: WARNING: Couldn't compute FAST_CWD pointer.  Please report this problem to
the public mailing list cygwin@cygwin.com
[BSP build complete]
      2 [main] echo 14704 find_fast_cwd: WARNING: Couldn't compute FAST_CWD pointer.  Please report this problem to
Info: Compiling media_interrupt_HAL.c to obj/default/media_interrupt_HAL.o
the public mailing list cygwin@cygwin.com
    191 [main] mkdir 17788 find_fast_cwd: WARNING: Couldn't compute FAST_CWD pointer.  Please report this problem to
the public mailing list cygwin@cygwin.com
nios2-elf-gcc -xc -MP -MMD -c -I../fgaweg_bsp//HAL/inc -I../fgaweg_bsp/ -I../fgaweg_bsp//drivers/inc  -DSYSTEM_BUS_WIDTH=32 -pipe -D__hal__ -DALT_NO_INSTRUCTION_EMULATION -DALT_SINGLE_THREADED    -O0 -g -Wall   -EL -mhw-div -mcustom-fpu-cfg=60-2 -mhw-mul -mno-hw-mulx  -o obj/default/media_interrupt_HAL.o media_interrupt_HAL.c
media_interrupt_HAL.c: In function 'main':
media_interrupt_HAL.c:214: warning: passing argument 2 of '__builtin_stwio' makes integer from pointer without a cast
media_interrupt_HAL.c:215: warning: passing argument 2 of '__builtin_stwio' makes integer from pointer without a cast
media_interrupt_HAL.c:216: warning: passing argument 2 of '__builtin_stwio' makes integer from pointer without a cast
media_interrupt_HAL.c:218: warning: implicit declaration of function 'printf'
media_interrupt_HAL.c:218: warning: incompatible implicit declaration of built-in function 'printf'
media_interrupt_HAL.c:221: warning: implicit declaration of function 'alt_uppixel_buffer_dma_draw_box'
media_interrupt_HAL.c:165: warning: unused variable 'text_erase'
media_interrupt_HAL.c:164: warning: unused variable 'text_ALTERA'
media_interrupt_HAL.c:163: warning: unused variable 'text_bottom_VGA'
media_interrupt_HAL.c:162: warning: unused variable 'text_top_VGA'
media_interrupt_HAL.c:69: warning: unused variable 'char_buffer_y'
media_interrupt_HAL.c:69: warning: unused variable 'char_buffer_x'
media_interrupt_HAL.c:67: warning: unused variable 'ALT_inc_y'
media_interrupt_HAL.c:67: warning: unused variable 'ALT_inc_x'
media_interrupt_HAL.c:66: warning: unused variable 'ALT_y'
media_interrupt_HAL.c:66: warning: unused variable 'ALT_x2'
media_interrupt_HAL.c:66: warning: unused variable 'ALT_x1'
media_interrupt_HAL.c:56: warning: unused variable 'i'
      2 [main] true 6700 find_fast_cwd: WARNING: Couldn't compute FAST_CWD pointer.  Please report this problem to
the public mailing list cygwin@cygwin.com
      6 [main] echo 17996 find_fast_cwd: WARNING: Couldn't compute FAST_CWD pointer.  Please report this problem to
Info: Linking fgaweg.elf
the public mailing list cygwin@cygwin.com
nios2-elf-g++  -T'../fgaweg_bsp//linker.x' -msys-crt0='../fgaweg_bsp//obj/HAL/src/crt0.o' -msys-lib=hal_bsp -L../fgaweg_bsp/  -mcustom-fpu-cfg=60-2  -Wl,-Map=fgaweg.map   -O0 -g -Wall   -EL -mhw-div -mcustom-fpu-cfg=60-2 -mhw-mul -mno-hw-mulx  -o fgaweg.elf obj/default/PS2_ISR.o obj/default/audio_ISR.o obj/default/globals.o obj/default/interval_timer_ISR.o obj/default/media_interrupt_HAL.o obj/default/pushbutton_ISR.o -lm 
obj/default/media_interrupt_HAL.o: In function `main':
C:\Users\microsoft\Documents\UT\FPGA\Lab4\lab4\lab4_hardware\software\fgaweg/media_interrupt_HAL.c:221: undefined reference to `alt_uppixel_buffer_dma_draw_box'
collect2: ld returned 1 exit status
make: *** [fgaweg.elf] Error 1

**** Build Finished ****

**** Build of configuration Nios II for project fgaweg ****

make all 
      2 [main] sh 6212 find_fast_cwd: WARNING: Couldn't compute FAST_CWD pointer.  Please report this problem to
the public mailing list cygwin@cygwin.com
      1 [main] sh 76 find_fast_cwd: WARNING: Couldn't compute FAST_CWD pointer.  Please report this problem to
the public mailing list cygwin@cygwin.com
      1 [main] echo 8188 find_fast_cwd: WARNING: Couldn't compute FAST_CWD pointer.  Please report this problem to
Info: Building ../fgaweg_bsp/
the public mailing list cygwin@cygwin.com
make --no-print-directory -C ../fgaweg_bsp/
      1 [main] pwd 20352 find_fast_cwd: WARNING: Couldn't compute FAST_CWD pointer.  Please report this problem to
the public mailing list cygwin@cygwin.com
      1 [main] sh 8244 find_fast_cwd: WARNING: Couldn't compute FAST_CWD pointer.  Please report this problem to
the public mailing list cygwin@cygwin.com
makefile:650: Warning: SOPC File C:/Users/MATRIX/Desktop/khaste/nios_system.sopcinfo could not be found.
      1 [main] sh 13516 find_fast_cwd: WARNING: Couldn't compute FAST_CWD pointer.  Please report this problem to
the public mailing list cygwin@cygwin.com
[BSP build complete]
      1 [main] echo 9276 find_fast_cwd: WARNING: Couldn't compute FAST_CWD pointer.  Please report this problem to
Info: Compiling media_interrupt_HAL.c to obj/default/media_interrupt_HAL.o
the public mailing list cygwin@cygwin.com
      3 [main] mkdir 14436 find_fast_cwd: WARNING: Couldn't compute FAST_CWD pointer.  Please report this problem to
nios2-elf-gcc -xc -MP -MMD -c -I../fgaweg_bsp//HAL/inc -I../fgaweg_bsp/ -I../fgaweg_bsp//drivers/inc  -DSYSTEM_BUS_WIDTH=32 -pipe -D__hal__ -DALT_NO_INSTRUCTION_EMULATION -DALT_SINGLE_THREADED    -O0 -g -Wall   -EL -mhw-div -mcustom-fpu-cfg=60-2 -mhw-mul -mno-hw-mulx  -o obj/default/media_interrupt_HAL.o media_interrupt_HAL.c
the public mailing list cygwin@cygwin.com
media_interrupt_HAL.c: In function 'main':
media_interrupt_HAL.c:214: warning: passing argument 2 of '__builtin_stwio' makes integer from pointer without a cast
media_interrupt_HAL.c:215: warning: passing argument 2 of '__builtin_stwio' makes integer from pointer without a cast
media_interrupt_HAL.c:216: warning: passing argument 2 of '__builtin_stwio' makes integer from pointer without a cast
media_interrupt_HAL.c:218: warning: implicit declaration of function 'printf'
media_interrupt_HAL.c:218: warning: incompatible implicit declaration of built-in function 'printf'
media_interrupt_HAL.c:165: warning: unused variable 'text_erase'
media_interrupt_HAL.c:164: warning: unused variable 'text_ALTERA'
media_interrupt_HAL.c:163: warning: unused variable 'text_bottom_VGA'
media_interrupt_HAL.c:162: warning: unused variable 'text_top_VGA'
media_interrupt_HAL.c:69: warning: unused variable 'char_buffer_y'
media_interrupt_HAL.c:69: warning: unused variable 'char_buffer_x'
media_interrupt_HAL.c:67: warning: unused variable 'ALT_inc_y'
media_interrupt_HAL.c:67: warning: unused variable 'ALT_inc_x'
media_interrupt_HAL.c:66: warning: unused variable 'ALT_y'
media_interrupt_HAL.c:66: warning: unused variable 'ALT_x2'
media_interrupt_HAL.c:66: warning: unused variable 'ALT_x1'
media_interrupt_HAL.c:56: warning: unused variable 'i'
      1 [main] true 17488 find_fast_cwd: WARNING: Couldn't compute FAST_CWD pointer.  Please report this problem to
the public mailing list cygwin@cygwin.com
      1 [main] echo 19252 find_fast_cwd: WARNING: Couldn't compute FAST_CWD pointer.  Please report this problem to
the public mailing list cygwin@cygwin.com
Info: Linking fgaweg.elf
nios2-elf-g++  -T'../fgaweg_bsp//linker.x' -msys-crt0='../fgaweg_bsp//obj/HAL/src/crt0.o' -msys-lib=hal_bsp -L../fgaweg_bsp/  -mcustom-fpu-cfg=60-2  -Wl,-Map=fgaweg.map   -O0 -g -Wall   -EL -mhw-div -mcustom-fpu-cfg=60-2 -mhw-mul -mno-hw-mulx  -o fgaweg.elf obj/default/PS2_ISR.o obj/default/audio_ISR.o obj/default/globals.o obj/default/interval_timer_ISR.o obj/default/media_interrupt_HAL.o obj/default/pushbutton_ISR.o -lm 
nios2-elf-insert fgaweg.elf --thread_model hal --cpu_name CPU --qsys true --simulation_enabled false --id 0 --sidp 0x10002020 --timestamp 1483182349 --stderr_dev JTAG_UART --stdin_dev JTAG_UART --stdout_dev JTAG_UART --sopc_system_name nios_system --quartus_project_dir "C:/Users/microsoft/Documents/UT/FPGA/Lab4/lab4/lab4_hardware"
      1 [main] sh 21228 find_fast_cwd: WARNING: Couldn't compute FAST_CWD pointer.  Please report this problem to
the public mailing list cygwin@cygwin.com
      1 [main] uname 13212 find_fast_cwd: WARNING: Couldn't compute FAST_CWD pointer.  Please report this problem to
the public mailing list cygwin@cygwin.com
      1 [main] sh 22268 find_fast_cwd: WARNING: Couldn't compute FAST_CWD pointer.  Please report this problem to
the public mailing list cygwin@cygwin.com
Info: (fgaweg.elf) 3985 KBytes program size (code + initialized data).
Info:              4199 KBytes free for stack + heap.
      1 [main] echo 4508 find_fast_cwd: WARNING: Couldn't compute FAST_CWD pointer.  Please report this problem to
the public mailing list cygwin@cygwin.com
Info: Creating fgaweg.objdump
nios2-elf-objdump --disassemble --syms --all-header --source fgaweg.elf >fgaweg.objdump
      1 [main] sh 12448 find_fast_cwd: WARNING: Couldn't compute FAST_CWD pointer.  Please report this problem to
the public mailing list cygwin@cygwin.com
      1 [main] sh 18520 find_fast_cwd: WARNING: Couldn't compute FAST_CWD pointer.  Please report this problem to
the public mailing list cygwin@cygwin.com
[fgaweg build complete]

**** Build Finished ****

**** Build of configuration Nios II for project fgaweg ****

make all 
      1 [main] sh 10068 find_fast_cwd: WARNING: Couldn't compute FAST_CWD pointer.  Please report this problem to
the public mailing list cygwin@cygwin.com
      1 [main] sh 18652 find_fast_cwd: WARNING: Couldn't compute FAST_CWD pointer.  Please report this problem to
the public mailing list cygwin@cygwin.com
      1 [main] echo 19804 find_fast_cwd: WARNING: Couldn't compute FAST_CWD pointer.  Please report this problem to
Info: Building ../fgaweg_bsp/
the public mailing list cygwin@cygwin.com
make --no-print-directory -C ../fgaweg_bsp/
      1 [main] pwd 23124 find_fast_cwd: WARNING: Couldn't compute FAST_CWD pointer.  Please report this problem to
the public mailing list cygwin@cygwin.com
      1 [main] sh 13932 find_fast_cwd: WARNING: Couldn't compute FAST_CWD pointer.  Please report this problem to
the public mailing list cygwin@cygwin.com
makefile:650: Warning: SOPC File C:/Users/MATRIX/Desktop/khaste/nios_system.sopcinfo could not be found.
      1 [main] sh 5948 find_fast_cwd: WARNING: Couldn't compute FAST_CWD pointer.  Please report this problem to
the public mailing list cygwin@cygwin.com
[BSP build complete]
      1 [main] echo 19348 find_fast_cwd: WARNING: Couldn't compute FAST_CWD pointer.  Please report this problem to
Info: Compiling media_interrupt_HAL.c to obj/default/media_interrupt_HAL.o
the public mailing list cygwin@cygwin.com
      1 [main] mkdir 17216 find_fast_cwd: WARNING: Couldn't compute FAST_CWD pointer.  Please report this problem to
the public mailing list cygwin@cygwin.com
nios2-elf-gcc -xc -MP -MMD -c -I../fgaweg_bsp//HAL/inc -I../fgaweg_bsp/ -I../fgaweg_bsp//drivers/inc  -DSYSTEM_BUS_WIDTH=32 -pipe -D__hal__ -DALT_NO_INSTRUCTION_EMULATION -DALT_SINGLE_THREADED    -O0 -g -Wall   -EL -mhw-div -mcustom-fpu-cfg=60-2 -mhw-mul -mno-hw-mulx  -o obj/default/media_interrupt_HAL.o media_interrupt_HAL.c
media_interrupt_HAL.c:22: warning: 'mouse_isr_flag' initialized and declared 'extern'
media_interrupt_HAL.c:34: error: conflicting types for 'average'
globals.h:13: error: previous declaration of 'average' was here
media_interrupt_HAL.c: In function 'main':
media_interrupt_HAL.c:135: error: 'struct alt_up_dev' has no member named 'red_LEDs_dev'
media_interrupt_HAL.c:149: error: void value not ignored as it ought to be
media_interrupt_HAL.c:275: warning: passing argument 2 of '__builtin_stwio' makes integer from pointer without a cast
media_interrupt_HAL.c:276: warning: passing argument 2 of '__builtin_stwio' makes integer from pointer without a cast
media_interrupt_HAL.c:277: warning: passing argument 2 of '__builtin_stwio' makes integer from pointer without a cast
media_interrupt_HAL.c:279: warning: implicit declaration of function 'printf'
media_interrupt_HAL.c:279: warning: incompatible implicit declaration of built-in function 'printf'
media_interrupt_HAL.c:290: warning: implicit declaration of function 'drawings'
media_interrupt_HAL.c:309: warning: incompatible implicit declaration of built-in function 'printf'
media_interrupt_HAL.c:323: warning: implicit declaration of function 'getMouseChange'
media_interrupt_HAL.c:324: warning: implicit declaration of function 'mouse_movment'
media_interrupt_HAL.c:325: warning: implicit declaration of function 'mouse_click'
media_interrupt_HAL.c:326: warning: implicit declaration of function 'setMouseBounds'
media_interrupt_HAL.c:327: warning: implicit declaration of function 'mouse_click_actoin'
media_interrupt_HAL.c:200: warning: unused variable 'text_erase'
media_interrupt_HAL.c:196: warning: unused variable 'text_ALTERA'
media_interrupt_HAL.c:86: warning: unused variable 'char_buffer_y'
media_interrupt_HAL.c:86: warning: unused variable 'char_buffer_x'
media_interrupt_HAL.c:84: warning: unused variable 'ALT_inc_y'
media_interrupt_HAL.c:84: warning: unused variable 'ALT_inc_x'
media_interrupt_HAL.c:83: warning: unused variable 'ALT_y'
media_interrupt_HAL.c:83: warning: unused variable 'ALT_x2'
media_interrupt_HAL.c:83: warning: unused variable 'ALT_x1'
media_interrupt_HAL.c:71: warning: unused variable 'i'
media_interrupt_HAL.c: At top level:
media_interrupt_HAL.c:362: warning: conflicting types for 'drawings'
media_interrupt_HAL.c:290: warning: previous implicit declaration of 'drawings' was here
media_interrupt_HAL.c:390: warning: conflicting types for 'getMouseChange'
media_interrupt_HAL.c:323: warning: previous implicit declaration of 'getMouseChange' was here
media_interrupt_HAL.c: In function 'getMouseChange':
media_interrupt_HAL.c:393: error: 'struct alt_up_dev' has no member named 'red_LEDs_dev'
media_interrupt_HAL.c: At top level:
media_interrupt_HAL.c:407: warning: conflicting types for 'setMouseBounds'
media_interrupt_HAL.c:326: warning: previous implicit declaration of 'setMouseBounds' was here
media_interrupt_HAL.c:429: warning: conflicting types for 'mouse_movment'
media_interrupt_HAL.c:324: warning: previous implicit declaration of 'mouse_movment' was here
media_interrupt_HAL.c: In function 'mouse_movment':
media_interrupt_HAL.c:467: warning: incompatible implicit declaration of built-in function 'printf'
media_interrupt_HAL.c:490: warning: incompatible implicit declaration of built-in function 'printf'
media_interrupt_HAL.c: At top level:
media_interrupt_HAL.c:496: warning: conflicting types for 'mouse_click'
media_interrupt_HAL.c:325: warning: previous implicit declaration of 'mouse_click' was here
media_interrupt_HAL.c:504: warning: conflicting types for 'mouse_click_actoin'
media_interrupt_HAL.c:327: warning: previous implicit declaration of 'mouse_click_actoin' was here
make: *** [obj/default/media_interrupt_HAL.o] Error 1

**** Build Finished ****

**** Build of configuration Nios II for project fgaweg ****

make all 
      2 [main] sh 23192 find_fast_cwd: WARNING: Couldn't compute FAST_CWD pointer.  Please report this problem to
the public mailing list cygwin@cygwin.com
      2 [main] sh 23160 find_fast_cwd: WARNING: Couldn't compute FAST_CWD pointer.  Please report this problem to
the public mailing list cygwin@cygwin.com
      1 [main] echo 17312 find_fast_cwd: WARNING: Couldn't compute FAST_CWD pointer.  Please report this problem to
the public mailing list cygwin@cygwin.com
Info: Building ../fgaweg_bsp/
make --no-print-directory -C ../fgaweg_bsp/
      1 [main] pwd 4784 find_fast_cwd: WARNING: Couldn't compute FAST_CWD pointer.  Please report this problem to
the public mailing list cygwin@cygwin.com
      1 [main] sh 22956 find_fast_cwd: WARNING: Couldn't compute FAST_CWD pointer.  Please report this problem to
the public mailing list cygwin@cygwin.com
makefile:650: Warning: SOPC File C:/Users/MATRIX/Desktop/khaste/nios_system.sopcinfo could not be found.
      1 [main] sh 17648 find_fast_cwd: WARNING: Couldn't compute FAST_CWD pointer.  Please report this problem to
the public mailing list cygwin@cygwin.com
[BSP build complete]
      1 [main] echo 7884 find_fast_cwd: WARNING: Couldn't compute FAST_CWD pointer.  Please report this problem to
Info: Compiling PS2_ISR.c to obj/default/PS2_ISR.o
the public mailing list cygwin@cygwin.com
      1 [main] mkdir 22000 find_fast_cwd: WARNING: Couldn't compute FAST_CWD pointer.  Please report this problem to
nios2-elf-gcc -xc -MP -MMD -c -I../fgaweg_bsp//HAL/inc -I../fgaweg_bsp/ -I../fgaweg_bsp//drivers/inc  -DSYSTEM_BUS_WIDTH=32 -pipe -D__hal__ -DALT_NO_INSTRUCTION_EMULATION -DALT_SINGLE_THREADED    -O0 -g -Wall   -EL -mhw-div -mcustom-fpu-cfg=60-2 -mhw-mul -mno-hw-mulx  -o obj/default/PS2_ISR.o PS2_ISR.c
the public mailing list cygwin@cygwin.com
Info: Compiling audio_ISR.c to obj/default/audio_ISR.o
      1 [main] echo 22576 find_fast_cwd: WARNING: Couldn't compute FAST_CWD pointer.  Please report this problem to
nios2-elf-gcc -xc -MP -MMD -c -I../fgaweg_bsp//HAL/inc -I../fgaweg_bsp/ -I../fgaweg_bsp//drivers/inc  -DSYSTEM_BUS_WIDTH=32 -pipe -D__hal__ -DALT_NO_INSTRUCTION_EMULATION -DALT_SINGLE_THREADED    -O0 -g -Wall   -EL -mhw-div -mcustom-fpu-cfg=60-2 -mhw-mul -mno-hw-mulx  -o obj/default/audio_ISR.o audio_ISR.c
the public mailing list cygwin@cygwin.com
      1 [main] mkdir 12484 find_fast_cwd: WARNING: Couldn't compute FAST_CWD pointer.  Please report this problem to
the public mailing list cygwin@cygwin.com
audio_ISR.c: In function 'audio_ISR':
audio_ISR.c:31: warning: pointer targets in passing argument 2 of 'alt_up_audio_record_r' differ in signedness
audio_ISR.c:34: warning: pointer targets in passing argument 2 of 'alt_up_audio_record_l' differ in signedness
audio_ISR.c:56: warning: pointer targets in passing argument 2 of 'alt_up_audio_play_r' differ in signedness
audio_ISR.c:59: warning: pointer targets in passing argument 2 of 'alt_up_audio_play_l' differ in signedness
audio_ISR.c:20: warning: unused variable 'fifospace'
     24 [main] echo 14284 find_fast_cwd: WARNING: Couldn't compute FAST_CWD pointer.  Please report this problem to
Info: Compiling globals.c to obj/default/globals.o
the public mailing list cygwin@cygwin.com
      1 [main] mkdir 8516 find_fast_cwd: WARNING: Couldn't compute FAST_CWD pointer.  Please report this problem to
nios2-elf-gcc -xc -MP -MMD -c -I../fgaweg_bsp//HAL/inc -I../fgaweg_bsp/ -I../fgaweg_bsp//drivers/inc  -DSYSTEM_BUS_WIDTH=32 -pipe -D__hal__ -DALT_NO_INSTRUCTION_EMULATION -DALT_SINGLE_THREADED    -O0 -g -Wall   -EL -mhw-div -mcustom-fpu-cfg=60-2 -mhw-mul -mno-hw-mulx  -o obj/default/globals.o globals.c
the public mailing list cygwin@cygwin.com
Info: Compiling interval_timer_ISR.c to obj/default/interval_timer_ISR.o
      2 [main] echo 11292 find_fast_cwd: WARNING: Couldn't compute FAST_CWD pointer.  Please report this problem to
nios2-elf-gcc -xc -MP -MMD -c -I../fgaweg_bsp//HAL/inc -I../fgaweg_bsp/ -I../fgaweg_bsp//drivers/inc  -DSYSTEM_BUS_WIDTH=32 -pipe -D__hal__ -DALT_NO_INSTRUCTION_EMULATION -DALT_SINGLE_THREADED    -O0 -g -Wall   -EL -mhw-div -mcustom-fpu-cfg=60-2 -mhw-mul -mno-hw-mulx  -o obj/default/interval_timer_ISR.o interval_timer_ISR.c
the public mailing list cygwin@cygwin.com
Info: Compiling media_interrupt_HAL.c to obj/default/media_interrupt_HAL.o
      2 [main] mkdir 23492 find_fast_cwd: WARNING: Couldn't compute FAST_CWD pointer.  Please report this problem to
nios2-elf-gcc -xc -MP -MMD -c -I../fgaweg_bsp//HAL/inc -I../fgaweg_bsp/ -I../fgaweg_bsp//drivers/inc  -DSYSTEM_BUS_WIDTH=32 -pipe -D__hal__ -DALT_NO_INSTRUCTION_EMULATION -DALT_SINGLE_THREADED    -O0 -g -Wall   -EL -mhw-div -mcustom-fpu-cfg=60-2 -mhw-mul -mno-hw-mulx  -o obj/default/media_interrupt_HAL.o media_interrupt_HAL.c
the public mailing list cygwin@cygwin.com
      2 [main] echo 8432 find_fast_cwd: WARNING: Couldn't compute FAST_CWD pointer.  Please report this problem to
the public mailing list cygwin@cygwin.com
      1 [main] mkdir 8044 find_fast_cwd: WARNING: Couldn't compute FAST_CWD pointer.  Please report this problem to
the public mailing list cygwin@cygwin.com
media_interrupt_HAL.c:22: warning: 'mouse_isr_flag' initialized and declared 'extern'
media_interrupt_HAL.c:34: error: conflicting types for 'average'
globals.h:13: error: previous declaration of 'average' was here
media_interrupt_HAL.c: In function 'main':
media_interrupt_HAL.c:149: error: void value not ignored as it ought to be
media_interrupt_HAL.c:275: warning: passing argument 2 of '__builtin_stwio' makes integer from pointer without a cast
media_interrupt_HAL.c:276: warning: passing argument 2 of '__builtin_stwio' makes integer from pointer without a cast
media_interrupt_HAL.c:277: warning: passing argument 2 of '__builtin_stwio' makes integer from pointer without a cast
media_interrupt_HAL.c:279: warning: implicit declaration of function 'printf'
media_interrupt_HAL.c:279: warning: incompatible implicit declaration of built-in function 'printf'
media_interrupt_HAL.c:290: warning: implicit declaration of function 'drawings'
media_interrupt_HAL.c:309: warning: incompatible implicit declaration of built-in function 'printf'
media_interrupt_HAL.c:323: warning: implicit declaration of function 'getMouseChange'
media_interrupt_HAL.c:324: warning: implicit declaration of function 'mouse_movment'
media_interrupt_HAL.c:325: warning: implicit declaration of function 'mouse_click'
media_interrupt_HAL.c:326: warning: implicit declaration of function 'setMouseBounds'
media_interrupt_HAL.c:327: warning: implicit declaration of function 'mouse_click_actoin'
media_interrupt_HAL.c:200: warning: unused variable 'text_erase'
media_interrupt_HAL.c:196: warning: unused variable 'text_ALTERA'
media_interrupt_HAL.c:86: warning: unused variable 'char_buffer_y'
media_interrupt_HAL.c:86: warning: unused variable 'char_buffer_x'
media_interrupt_HAL.c:84: warning: unused variable 'ALT_inc_y'
media_interrupt_HAL.c:84: warning: unused variable 'ALT_inc_x'
media_interrupt_HAL.c:83: warning: unused variable 'ALT_y'
media_interrupt_HAL.c:83: warning: unused variable 'ALT_x2'
media_interrupt_HAL.c:83: warning: unused variable 'ALT_x1'
media_interrupt_HAL.c:71: warning: unused variable 'i'
media_interrupt_HAL.c: At top level:
media_interrupt_HAL.c:362: warning: conflicting types for 'drawings'
media_interrupt_HAL.c:290: warning: previous implicit declaration of 'drawings' was here
media_interrupt_HAL.c:390: warning: conflicting types for 'getMouseChange'
media_interrupt_HAL.c:323: warning: previous implicit declaration of 'getMouseChange' was here
media_interrupt_HAL.c:407: warning: conflicting types for 'setMouseBounds'
media_interrupt_HAL.c:326: warning: previous implicit declaration of 'setMouseBounds' was here
media_interrupt_HAL.c:429: warning: conflicting types for 'mouse_movment'
media_interrupt_HAL.c:324: warning: previous implicit declaration of 'mouse_movment' was here
media_interrupt_HAL.c: In function 'mouse_movment':
media_interrupt_HAL.c:467: warning: incompatible implicit declaration of built-in function 'printf'
media_interrupt_HAL.c:490: warning: incompatible implicit declaration of built-in function 'printf'
media_interrupt_HAL.c: At top level:
media_interrupt_HAL.c:496: warning: conflicting types for 'mouse_click'
media_interrupt_HAL.c:325: warning: previous implicit declaration of 'mouse_click' was here
media_interrupt_HAL.c:504: warning: conflicting types for 'mouse_click_actoin'
media_interrupt_HAL.c:327: warning: previous implicit declaration of 'mouse_click_actoin' was here
make: *** [obj/default/media_interrupt_HAL.o] Error 1

**** Build Finished ****

**** Build of configuration Nios II for project fgaweg ****

make all 
      1 [main] sh 19160 find_fast_cwd: WARNING: Couldn't compute FAST_CWD pointer.  Please report this problem to
the public mailing list cygwin@cygwin.com
      1 [main] sh 10112 find_fast_cwd: WARNING: Couldn't compute FAST_CWD pointer.  Please report this problem to
the public mailing list cygwin@cygwin.com
      1 [main] echo 23508 find_fast_cwd: WARNING: Couldn't compute FAST_CWD pointer.  Please report this problem to
Info: Building ../fgaweg_bsp/
the public mailing list cygwin@cygwin.com
make --no-print-directory -C ../fgaweg_bsp/
      1 [main] pwd 904 find_fast_cwd: WARNING: Couldn't compute FAST_CWD pointer.  Please report this problem to
the public mailing list cygwin@cygwin.com
      1 [main] sh 14084 find_fast_cwd: WARNING: Couldn't compute FAST_CWD pointer.  Please report this problem to
the public mailing list cygwin@cygwin.com
makefile:650: Warning: SOPC File C:/Users/MATRIX/Desktop/khaste/nios_system.sopcinfo could not be found.
      1 [main] sh 22028 find_fast_cwd: WARNING: Couldn't compute FAST_CWD pointer.  Please report this problem to
the public mailing list cygwin@cygwin.com
[BSP build complete]
      1 [main] echo 14876 find_fast_cwd: WARNING: Couldn't compute FAST_CWD pointer.  Please report this problem to
Info: Compiling media_interrupt_HAL.c to obj/default/media_interrupt_HAL.o
the public mailing list cygwin@cygwin.com
      1 [main] mkdir 4656 find_fast_cwd: WARNING: Couldn't compute FAST_CWD pointer.  Please report this problem to
nios2-elf-gcc -xc -MP -MMD -c -I../fgaweg_bsp//HAL/inc -I../fgaweg_bsp/ -I../fgaweg_bsp//drivers/inc  -DSYSTEM_BUS_WIDTH=32 -pipe -D__hal__ -DALT_NO_INSTRUCTION_EMULATION -DALT_SINGLE_THREADED    -O0 -g -Wall   -EL -mhw-div -mcustom-fpu-cfg=60-2 -mhw-mul -mno-hw-mulx  -o obj/default/media_interrupt_HAL.o media_interrupt_HAL.c
the public mailing list cygwin@cygwin.com
media_interrupt_HAL.c:22: warning: 'mouse_isr_flag' initialized and declared 'extern'
media_interrupt_HAL.c:34: error: conflicting types for 'average'
globals.h:13: error: previous declaration of 'average' was here
media_interrupt_HAL.c: In function 'main':
media_interrupt_HAL.c:149: error: void value not ignored as it ought to be
media_interrupt_HAL.c:275: warning: passing argument 2 of '__builtin_stwio' makes integer from pointer without a cast
media_interrupt_HAL.c:276: warning: passing argument 2 of '__builtin_stwio' makes integer from pointer without a cast
media_interrupt_HAL.c:277: warning: passing argument 2 of '__builtin_stwio' makes integer from pointer without a cast
media_interrupt_HAL.c:279: warning: implicit declaration of function 'printf'
media_interrupt_HAL.c:279: warning: incompatible implicit declaration of built-in function 'printf'
media_interrupt_HAL.c:290: warning: implicit declaration of function 'drawings'
media_interrupt_HAL.c:309: warning: incompatible implicit declaration of built-in function 'printf'
media_interrupt_HAL.c:323: warning: implicit declaration of function 'getMouseChange'
media_interrupt_HAL.c:324: warning: implicit declaration of function 'mouse_movment'
media_interrupt_HAL.c:325: warning: implicit declaration of function 'mouse_click'
media_interrupt_HAL.c:326: warning: implicit declaration of function 'setMouseBounds'
media_interrupt_HAL.c:327: warning: implicit declaration of function 'mouse_click_actoin'
media_interrupt_HAL.c:200: warning: unused variable 'text_erase'
media_interrupt_HAL.c:196: warning: unused variable 'text_ALTERA'
media_interrupt_HAL.c:86: warning: unused variable 'char_buffer_y'
media_interrupt_HAL.c:86: warning: unused variable 'char_buffer_x'
media_interrupt_HAL.c:84: warning: unused variable 'ALT_inc_y'
media_interrupt_HAL.c:84: warning: unused variable 'ALT_inc_x'
media_interrupt_HAL.c:83: warning: unused variable 'ALT_y'
media_interrupt_HAL.c:83: warning: unused variable 'ALT_x2'
media_interrupt_HAL.c:83: warning: unused variable 'ALT_x1'
media_interrupt_HAL.c:71: warning: unused variable 'i'
media_interrupt_HAL.c: At top level:
media_interrupt_HAL.c:362: warning: conflicting types for 'drawings'
media_interrupt_HAL.c:290: warning: previous implicit declaration of 'drawings' was here
media_interrupt_HAL.c:390: warning: conflicting types for 'getMouseChange'
media_interrupt_HAL.c:323: warning: previous implicit declaration of 'getMouseChange' was here
media_interrupt_HAL.c:407: warning: conflicting types for 'setMouseBounds'
media_interrupt_HAL.c:326: warning: previous implicit declaration of 'setMouseBounds' was here
media_interrupt_HAL.c:429: warning: conflicting types for 'mouse_movment'
media_interrupt_HAL.c:324: warning: previous implicit declaration of 'mouse_movment' was here
media_interrupt_HAL.c: In function 'mouse_movment':
media_interrupt_HAL.c:467: warning: incompatible implicit declaration of built-in function 'printf'
media_interrupt_HAL.c:490: warning: incompatible implicit declaration of built-in function 'printf'
media_interrupt_HAL.c: At top level:
media_interrupt_HAL.c:496: warning: conflicting types for 'mouse_click'
media_interrupt_HAL.c:325: warning: previous implicit declaration of 'mouse_click' was here
media_interrupt_HAL.c:504: warning: conflicting types for 'mouse_click_actoin'
media_interrupt_HAL.c:327: warning: previous implicit declaration of 'mouse_click_actoin' was here
make: *** [obj/default/media_interrupt_HAL.o] Error 1

**** Build Finished ****

**** Build of configuration Nios II for project fgaweg ****

make all 
      1 [main] sh 19124 find_fast_cwd: WARNING: Couldn't compute FAST_CWD pointer.  Please report this problem to
the public mailing list cygwin@cygwin.com
      1 [main] sh 13200 find_fast_cwd: WARNING: Couldn't compute FAST_CWD pointer.  Please report this problem to
the public mailing list cygwin@cygwin.com
      1 [main] echo 21028 find_fast_cwd: WARNING: Couldn't compute FAST_CWD pointer.  Please report this problem to
the public mailing list cygwin@cygwin.com
Info: Building ../fgaweg_bsp/
make --no-print-directory -C ../fgaweg_bsp/
      1 [main] pwd 12264 find_fast_cwd: WARNING: Couldn't compute FAST_CWD pointer.  Please report this problem to
the public mailing list cygwin@cygwin.com
      1 [main] sh 1012 find_fast_cwd: WARNING: Couldn't compute FAST_CWD pointer.  Please report this problem to
the public mailing list cygwin@cygwin.com
makefile:650: Warning: SOPC File C:/Users/MATRIX/Desktop/khaste/nios_system.sopcinfo could not be found.
      1 [main] sh 10720 find_fast_cwd: WARNING: Couldn't compute FAST_CWD pointer.  Please report this problem to
the public mailing list cygwin@cygwin.com
[BSP build complete]
      1 [main] echo 18160 find_fast_cwd: WARNING: Couldn't compute FAST_CWD pointer.  Please report this problem to
Info: Compiling media_interrupt_HAL.c to obj/default/media_interrupt_HAL.o
the public mailing list cygwin@cygwin.com
      1 [main] mkdir 20540 find_fast_cwd: WARNING: Couldn't compute FAST_CWD pointer.  Please report this problem to
nios2-elf-gcc -xc -MP -MMD -c -I../fgaweg_bsp//HAL/inc -I../fgaweg_bsp/ -I../fgaweg_bsp//drivers/inc  -DSYSTEM_BUS_WIDTH=32 -pipe -D__hal__ -DALT_NO_INSTRUCTION_EMULATION -DALT_SINGLE_THREADED    -O0 -g -Wall   -EL -mhw-div -mcustom-fpu-cfg=60-2 -mhw-mul -mno-hw-mulx  -o obj/default/media_interrupt_HAL.o media_interrupt_HAL.c
the public mailing list cygwin@cygwin.com
media_interrupt_HAL.c:22: warning: 'mouse_isr_flag' initialized and declared 'extern'
media_interrupt_HAL.c: In function 'main':
media_interrupt_HAL.c:149: error: void value not ignored as it ought to be
media_interrupt_HAL.c:275: warning: passing argument 2 of '__builtin_stwio' makes integer from pointer without a cast
media_interrupt_HAL.c:276: warning: passing argument 2 of '__builtin_stwio' makes integer from pointer without a cast
media_interrupt_HAL.c:277: warning: passing argument 2 of '__builtin_stwio' makes integer from pointer without a cast
media_interrupt_HAL.c:279: warning: implicit declaration of function 'printf'
media_interrupt_HAL.c:279: warning: incompatible implicit declaration of built-in function 'printf'
media_interrupt_HAL.c:290: warning: implicit declaration of function 'drawings'
media_interrupt_HAL.c:309: warning: incompatible implicit declaration of built-in function 'printf'
media_interrupt_HAL.c:323: warning: implicit declaration of function 'getMouseChange'
media_interrupt_HAL.c:324: warning: implicit declaration of function 'mouse_movment'
media_interrupt_HAL.c:325: warning: implicit declaration of function 'mouse_click'
media_interrupt_HAL.c:326: warning: implicit declaration of function 'setMouseBounds'
media_interrupt_HAL.c:327: warning: implicit declaration of function 'mouse_click_actoin'
media_interrupt_HAL.c:200: warning: unused variable 'text_erase'
media_interrupt_HAL.c:196: warning: unused variable 'text_ALTERA'
media_interrupt_HAL.c:86: warning: unused variable 'char_buffer_y'
media_interrupt_HAL.c:86: warning: unused variable 'char_buffer_x'
media_interrupt_HAL.c:84: warning: unused variable 'ALT_inc_y'
media_interrupt_HAL.c:84: warning: unused variable 'ALT_inc_x'
media_interrupt_HAL.c:83: warning: unused variable 'ALT_y'
media_interrupt_HAL.c:83: warning: unused variable 'ALT_x2'
media_interrupt_HAL.c:83: warning: unused variable 'ALT_x1'
media_interrupt_HAL.c:71: warning: unused variable 'i'
media_interrupt_HAL.c: At top level:
media_interrupt_HAL.c:362: warning: conflicting types for 'drawings'
media_interrupt_HAL.c:290: warning: previous implicit declaration of 'drawings' was here
media_interrupt_HAL.c:390: warning: conflicting types for 'getMouseChange'
media_interrupt_HAL.c:323: warning: previous implicit declaration of 'getMouseChange' was here
media_interrupt_HAL.c:407: warning: conflicting types for 'setMouseBounds'
media_interrupt_HAL.c:326: warning: previous implicit declaration of 'setMouseBounds' was here
media_interrupt_HAL.c:429: warning: conflicting types for 'mouse_movment'
media_interrupt_HAL.c:324: warning: previous implicit declaration of 'mouse_movment' was here
media_interrupt_HAL.c: In function 'mouse_movment':
media_interrupt_HAL.c:467: warning: incompatible implicit declaration of built-in function 'printf'
media_interrupt_HAL.c:490: warning: incompatible implicit declaration of built-in function 'printf'
media_interrupt_HAL.c: At top level:
media_interrupt_HAL.c:496: warning: conflicting types for 'mouse_click'
media_interrupt_HAL.c:325: warning: previous implicit declaration of 'mouse_click' was here
media_interrupt_HAL.c:504: warning: conflicting types for 'mouse_click_actoin'
media_interrupt_HAL.c:327: warning: previous implicit declaration of 'mouse_click_actoin' was here
make: *** [obj/default/media_interrupt_HAL.o] Error 1

**** Build Finished ****

**** Build of configuration Nios II for project fgaweg ****

make all 
      1 [main] sh 18136 find_fast_cwd: WARNING: Couldn't compute FAST_CWD pointer.  Please report this problem to
the public mailing list cygwin@cygwin.com
      1 [main] sh 8812 find_fast_cwd: WARNING: Couldn't compute FAST_CWD pointer.  Please report this problem to
the public mailing list cygwin@cygwin.com
      1 [main] echo 4508 find_fast_cwd: WARNING: Couldn't compute FAST_CWD pointer.  Please report this problem to
Info: Building ../fgaweg_bsp/
the public mailing list cygwin@cygwin.com
make --no-print-directory -C ../fgaweg_bsp/
      1 [main] pwd 16948 find_fast_cwd: WARNING: Couldn't compute FAST_CWD pointer.  Please report this problem to
the public mailing list cygwin@cygwin.com
      1 [main] sh 20936 find_fast_cwd: WARNING: Couldn't compute FAST_CWD pointer.  Please report this problem to
the public mailing list cygwin@cygwin.com
makefile:650: Warning: SOPC File C:/Users/MATRIX/Desktop/khaste/nios_system.sopcinfo could not be found.
      2 [main] echo 12668 find_fast_cwd: WARNING: Couldn't compute FAST_CWD pointer.  Please report this problem to
Compiling alt_sys_init.c...
the public mailing list cygwin@cygwin.com
      1 [main] mkdir 5108 find_fast_cwd: WARNING: Couldn't compute FAST_CWD pointer.  Please report this problem to
the public mailing list cygwin@cygwin.com
nios2-elf-gcc -xc -MP -MMD -c  -I./HAL/inc -I. -I./drivers/inc -DSYSTEM_BUS_WIDTH=32 -pipe -D__hal__ -DALT_NO_INSTRUCTION_EMULATION -DALT_SINGLE_THREADED    -O0 -g -Wall  -EL -mhw-div -mcustom-fpu-cfg=60-2 -mhw-mul -mno-hw-mulx   -o obj/alt_sys_init.o alt_sys_init.c
      2 [main] echo 12196 find_fast_cwd: WARNING: Couldn't compute FAST_CWD pointer.  Please report this problem to
Compiling altera_up_avalon_ps2.c...
the public mailing list cygwin@cygwin.com
      1 [main] mkdir 20932 find_fast_cwd: WARNING: Couldn't compute FAST_CWD pointer.  Please report this problem to
nios2-elf-gcc -xc -MP -MMD -c  -I./HAL/inc -I. -I./drivers/inc -DSYSTEM_BUS_WIDTH=32 -pipe -D__hal__ -DALT_NO_INSTRUCTION_EMULATION -DALT_SINGLE_THREADED    -O0 -g -Wall  -EL -mhw-div -mcustom-fpu-cfg=60-2 -mhw-mul -mno-hw-mulx   -o obj/drivers/src/altera_up_avalon_ps2.o drivers/src/altera_up_avalon_ps2.c
the public mailing list cygwin@cygwin.com
drivers/src/altera_up_avalon_ps2.c: In function 'alt_up_ps2_read_fd':
drivers/src/altera_up_avalon_ps2.c:232: warning: pointer targets in passing argument 2 of 'alt_up_ps2_read_data_byte_timeout' differ in signedness
Compiling altera_up_ps2_keyboard.c...
      1 [main] echo 10372 find_fast_cwd: WARNING: Couldn't compute FAST_CWD pointer.  Please report this problem to
nios2-elf-gcc -xc -MP -MMD -c  -I./HAL/inc -I. -I./drivers/inc -DSYSTEM_BUS_WIDTH=32 -pipe -D__hal__ -DALT_NO_INSTRUCTION_EMULATION -DALT_SINGLE_THREADED    -O0 -g -Wall  -EL -mhw-div -mcustom-fpu-cfg=60-2 -mhw-mul -mno-hw-mulx   -o obj/drivers/src/altera_up_ps2_keyboard.o drivers/src/altera_up_ps2_keyboard.c
the public mailing list cygwin@cygwin.com
Compiling altera_up_ps2_mouse.c...
      2 [main] mkdir 7428 find_fast_cwd: WARNING: Couldn't compute FAST_CWD pointer.  Please report this problem to
nios2-elf-gcc -xc -MP -MMD -c  -I./HAL/inc -I. -I./drivers/inc -DSYSTEM_BUS_WIDTH=32 -pipe -D__hal__ -DALT_NO_INSTRUCTION_EMULATION -DALT_SINGLE_THREADED    -O0 -g -Wall  -EL -mhw-div -mcustom-fpu-cfg=60-2 -mhw-mul -mno-hw-mulx   -o obj/drivers/src/altera_up_ps2_mouse.o drivers/src/altera_up_ps2_mouse.c
the public mailing list cygwin@cygwin.com
      1 [main] echo 6632 find_fast_cwd: WARNING: Couldn't compute FAST_CWD pointer.  Please report this problem to
Creating libhal_bsp.a...
the public mailing list cygwin@cygwin.com
rm -f -f libhal_bsp.a
      1 [main] mkdir 10948 find_fast_cwd: WARNING: Couldn't compute FAST_CWD pointer.  Please report this problem to
nios2-elf-ar -src libhal_bsp.a obj/HAL/src/alt_alarm_start.o obj/HAL/src/alt_busy_sleep.o obj/HAL/src/alt_close.o obj/HAL/src/alt_dcache_flush.o obj/HAL/src/alt_dcache_flush_all.o obj/HAL/src/alt_dcache_flush_no_writeback.o obj/HAL/src/alt_dev.o obj/HAL/src/alt_dev_llist_insert.o obj/HAL/src/alt_dma_rxchan_open.o obj/HAL/src/alt_dma_txchan_open.o obj/HAL/src/alt_do_ctors.o obj/HAL/src/alt_do_dtors.o obj/HAL/src/alt_env_lock.o obj/HAL/src/alt_environ.o obj/HAL/src/alt_errno.o obj/HAL/src/alt_exception_entry.o obj/HAL/src/alt_exception_muldiv.o obj/HAL/src/alt_exception_trap.o obj/HAL/src/alt_execve.o obj/HAL/src/alt_exit.o obj/HAL/src/alt_fcntl.o obj/HAL/src/alt_fd_lock.o obj/HAL/src/alt_fd_unlock.o obj/HAL/src/alt_find_dev.o obj/HAL/src/alt_find_file.o obj/HAL/src/alt_flash_dev.o obj/HAL/src/alt_fork.o obj/HAL/src/alt_fs_reg.o obj/HAL/src/alt_fstat.o obj/HAL/src/alt_get_fd.o obj/HAL/src/alt_getchar.o obj/HAL/src/alt_getpid.o obj/HAL/src/alt_gettod.o obj/HAL/src/alt_gmon.o obj/HAL/src/alt_icache_flush.o obj/HAL/src/alt_icache_flush_all.o obj/HAL/src/alt_iic.o obj/HAL/src/alt_iic_isr_register.o obj/HAL/src/alt_instruction_exception_entry.o obj/HAL/src/alt_instruction_exception_register.o obj/HAL/src/alt_io_redirect.o obj/HAL/src/alt_ioctl.o obj/HAL/src/alt_irq_entry.o obj/HAL/src/alt_irq_handler.o obj/HAL/src/alt_irq_register.o obj/HAL/src/alt_irq_vars.o obj/HAL/src/alt_isatty.o obj/HAL/src/alt_kill.o obj/HAL/src/alt_link.o obj/HAL/src/alt_load.o obj/HAL/src/alt_log_macro.o obj/HAL/src/alt_log_printf.o obj/HAL/src/alt_lseek.o obj/HAL/src/alt_main.o obj/HAL/src/alt_malloc_lock.o obj/HAL/src/alt_mcount.o obj/HAL/src/alt_open.o obj/HAL/src/alt_printf.o obj/HAL/src/alt_putchar.o obj/HAL/src/alt_putstr.o obj/HAL/src/alt_read.o obj/HAL/src/alt_release_fd.o obj/HAL/src/alt_remap_cached.o obj/HAL/src/alt_remap_uncached.o obj/HAL/src/alt_rename.o obj/HAL/src/alt_sbrk.o obj/HAL/src/alt_settod.o obj/HAL/src/alt_software_exception.o obj/HAL/src/alt_stat.o obj/HAL/src/alt_tick.o obj/HAL/src/alt_times.o obj/HAL/src/alt_uncached_free.o obj/HAL/src/alt_uncached_malloc.o obj/HAL/src/alt_unlink.o obj/HAL/src/alt_usleep.o obj/HAL/src/alt_wait.o obj/HAL/src/alt_write.o obj/HAL/src/altera_nios2_qsys_irq.o obj/HAL/src/crt0.o obj/alt_sys_init.o obj/drivers/src/Altera_UP_SD_Card_Avalon_Interface.o obj/drivers/src/altera_avalon_jtag_uart_fd.o obj/drivers/src/altera_avalon_jtag_uart_init.o obj/drivers/src/altera_avalon_jtag_uart_ioctl.o obj/drivers/src/altera_avalon_jtag_uart_read.o obj/drivers/src/altera_avalon_jtag_uart_write.o obj/drivers/src/altera_avalon_sysid_qsys.o obj/drivers/src/altera_avalon_timer_sc.o obj/drivers/src/altera_avalon_timer_ts.o obj/drivers/src/altera_avalon_timer_vars.o obj/drivers/src/altera_up_avalon_audio.o obj/drivers/src/altera_up_avalon_audio_and_video_config.o obj/drivers/src/altera_up_avalon_character_lcd.o obj/drivers/src/altera_up_avalon_ethernet.o obj/drivers/src/altera_up_avalon_ethernet_high_level_driver.o obj/drivers/src/altera_up_avalon_ethernet_low_level_driver.o obj/drivers/src/altera_up_avalon_irda.o obj/drivers/src/altera_up_avalon_parallel_port.o obj/drivers/src/altera_up_avalon_ps2.o obj/drivers/src/altera_up_avalon_rs232.o obj/drivers/src/altera_up_avalon_usb.o obj/drivers/src/altera_up_avalon_usb_high_level_driver.o obj/drivers/src/altera_up_avalon_usb_low_level_driver.o obj/drivers/src/altera_up_avalon_usb_mouse_driver.o obj/drivers/src/altera_up_avalon_usb_ptd.o obj/drivers/src/altera_up_avalon_video_character_buffer_with_dma.o obj/drivers/src/altera_up_avalon_video_pixel_buffer_dma.o obj/drivers/src/altera_up_ps2_keyboard.o obj/drivers/src/altera_up_ps2_mouse.o
the public mailing list cygwin@cygwin.com
      2 [main] echo 2640 find_fast_cwd: WARNING: Couldn't compute FAST_CWD pointer.  Please report this problem to
the public mailing list cygwin@cygwin.com
      1 [main] rm 19644 find_fast_cwd: WARNING: Couldn't compute FAST_CWD pointer.  Please report this problem to
the public mailing list cygwin@cygwin.com
      1 [main] sh 9012 find_fast_cwd: WARNING: Couldn't compute FAST_CWD pointer.  Please report this problem to
the public mailing list cygwin@cygwin.com
[BSP build complete]
      1 [main] echo 15524 find_fast_cwd: WARNING: Couldn't compute FAST_CWD pointer.  Please report this problem to
Info: Compiling PS2_ISR.c to obj/default/PS2_ISR.o
the public mailing list cygwin@cygwin.com
      2 [main] mkdir 22696 find_fast_cwd: WARNING: Couldn't compute FAST_CWD pointer.  Please report this problem to
the public mailing list cygwin@cygwin.com
nios2-elf-gcc -xc -MP -MMD -c -I../fgaweg_bsp//HAL/inc -I../fgaweg_bsp/ -I../fgaweg_bsp//drivers/inc  -DSYSTEM_BUS_WIDTH=32 -pipe -D__hal__ -DALT_NO_INSTRUCTION_EMULATION -DALT_SINGLE_THREADED    -O0 -g -Wall   -EL -mhw-div -mcustom-fpu-cfg=60-2 -mhw-mul -mno-hw-mulx  -o obj/default/PS2_ISR.o PS2_ISR.c
PS2_ISR.c: In function 'PS2_ISR':
PS2_ISR.c:26: error: 'mouse_isr_flag' undeclared (first use in this function)
PS2_ISR.c:26: error: (Each undeclared identifier is reported only once
PS2_ISR.c:26: error: for each function it appears in.)
make: *** [obj/default/PS2_ISR.o] Error 1

**** Build Finished ****

**** Build of configuration Nios II for project fgaweg ****

make all 
      3 [main] sh 12964 find_fast_cwd: WARNING: Couldn't compute FAST_CWD pointer.  Please report this problem to
the public mailing list cygwin@cygwin.com
      1 [main] sh 5208 find_fast_cwd: WARNING: Couldn't compute FAST_CWD pointer.  Please report this problem to
the public mailing list cygwin@cygwin.com
      1 [main] echo 16476 find_fast_cwd: WARNING: Couldn't compute FAST_CWD pointer.  Please report this problem to
Info: Building ../fgaweg_bsp/
the public mailing list cygwin@cygwin.com
make --no-print-directory -C ../fgaweg_bsp/
      1 [main] pwd 5840 find_fast_cwd: WARNING: Couldn't compute FAST_CWD pointer.  Please report this problem to
the public mailing list cygwin@cygwin.com
      1 [main] sh 3408 find_fast_cwd: WARNING: Couldn't compute FAST_CWD pointer.  Please report this problem to
the public mailing list cygwin@cygwin.com
makefile:650: Warning: SOPC File C:/Users/MATRIX/Desktop/khaste/nios_system.sopcinfo could not be found.
      3 [main] sh 9320 find_fast_cwd: WARNING: Couldn't compute FAST_CWD pointer.  Please report this problem to
the public mailing list cygwin@cygwin.com
[BSP build complete]
      1 [main] echo 2536 find_fast_cwd: WARNING: Couldn't compute FAST_CWD pointer.  Please report this problem to
Info: Compiling PS2_ISR.c to obj/default/PS2_ISR.o
the public mailing list cygwin@cygwin.com
    251 [main] mkdir 17536 find_fast_cwd: WARNING: Couldn't compute FAST_CWD pointer.  Please report this problem to
nios2-elf-gcc -xc -MP -MMD -c -I../fgaweg_bsp//HAL/inc -I../fgaweg_bsp/ -I../fgaweg_bsp//drivers/inc  -DSYSTEM_BUS_WIDTH=32 -pipe -D__hal__ -DALT_NO_INSTRUCTION_EMULATION -DALT_SINGLE_THREADED    -O0 -g -Wall   -EL -mhw-div -mcustom-fpu-cfg=60-2 -mhw-mul -mno-hw-mulx  -o obj/default/PS2_ISR.o PS2_ISR.c
the public mailing list cygwin@cygwin.com
PS2_ISR.c: In function 'PS2_ISR':
PS2_ISR.c:26: error: 'mouse_isr_flag' undeclared (first use in this function)
PS2_ISR.c:26: error: (Each undeclared identifier is reported only once
PS2_ISR.c:26: error: for each function it appears in.)
make: *** [obj/default/PS2_ISR.o] Error 1

**** Build Finished ****

**** Build of configuration Nios II for project fgaweg ****

make all 
      1 [main] sh 4576 find_fast_cwd: WARNING: Couldn't compute FAST_CWD pointer.  Please report this problem to
the public mailing list cygwin@cygwin.com
      1 [main] sh 19788 find_fast_cwd: WARNING: Couldn't compute FAST_CWD pointer.  Please report this problem to
the public mailing list cygwin@cygwin.com
      1 [main] echo 224 find_fast_cwd: WARNING: Couldn't compute FAST_CWD pointer.  Please report this problem to
the public mailing list cygwin@cygwin.com
Info: Building ../fgaweg_bsp/
make --no-print-directory -C ../fgaweg_bsp/
      1 [main] pwd 16460 find_fast_cwd: WARNING: Couldn't compute FAST_CWD pointer.  Please report this problem to
the public mailing list cygwin@cygwin.com
      2 [main] sh 7836 find_fast_cwd: WARNING: Couldn't compute FAST_CWD pointer.  Please report this problem to
the public mailing list cygwin@cygwin.com
makefile:650: Warning: SOPC File C:/Users/MATRIX/Desktop/khaste/nios_system.sopcinfo could not be found.
      1 [main] sh 11392 find_fast_cwd: WARNING: Couldn't compute FAST_CWD pointer.  Please report this problem to
the public mailing list cygwin@cygwin.com
[BSP build complete]
      1 [main] echo 13280 find_fast_cwd: WARNING: Couldn't compute FAST_CWD pointer.  Please report this problem to
Info: Compiling PS2_ISR.c to obj/default/PS2_ISR.o
the public mailing list cygwin@cygwin.com
      1 [main] mkdir 18860 find_fast_cwd: WARNING: Couldn't compute FAST_CWD pointer.  Please report this problem to
nios2-elf-gcc -xc -MP -MMD -c -I../fgaweg_bsp//HAL/inc -I../fgaweg_bsp/ -I../fgaweg_bsp//drivers/inc  -DSYSTEM_BUS_WIDTH=32 -pipe -D__hal__ -DALT_NO_INSTRUCTION_EMULATION -DALT_SINGLE_THREADED    -O0 -g -Wall   -EL -mhw-div -mcustom-fpu-cfg=60-2 -mhw-mul -mno-hw-mulx  -o obj/default/PS2_ISR.o PS2_ISR.c
the public mailing list cygwin@cygwin.com
PS2_ISR.c: In function 'PS2_ISR':
PS2_ISR.c:26: error: 'mouse_isr_flag' undeclared (first use in this function)
PS2_ISR.c:26: error: (Each undeclared identifier is reported only once
PS2_ISR.c:26: error: for each function it appears in.)
make: *** [obj/default/PS2_ISR.o] Error 1

**** Build Finished ****

**** Build of configuration Nios II for project fgaweg ****

make all 
      1 [main] sh 13320 find_fast_cwd: WARNING: Couldn't compute FAST_CWD pointer.  Please report this problem to
the public mailing list cygwin@cygwin.com
      1 [main] sh 2636 find_fast_cwd: WARNING: Couldn't compute FAST_CWD pointer.  Please report this problem to
the public mailing list cygwin@cygwin.com
      1 [main] echo 20528 find_fast_cwd: WARNING: Couldn't compute FAST_CWD pointer.  Please report this problem to
Info: Building ../fgaweg_bsp/
the public mailing list cygwin@cygwin.com
make --no-print-directory -C ../fgaweg_bsp/
      1 [main] pwd 15236 find_fast_cwd: WARNING: Couldn't compute FAST_CWD pointer.  Please report this problem to
the public mailing list cygwin@cygwin.com
      1 [main] sh 21736 find_fast_cwd: WARNING: Couldn't compute FAST_CWD pointer.  Please report this problem to
the public mailing list cygwin@cygwin.com
makefile:650: Warning: SOPC File C:/Users/MATRIX/Desktop/khaste/nios_system.sopcinfo could not be found.
      1 [main] sh 19660 find_fast_cwd: WARNING: Couldn't compute FAST_CWD pointer.  Please report this problem to
the public mailing list cygwin@cygwin.com
[BSP build complete]
      1 [main] echo 18136 find_fast_cwd: WARNING: Couldn't compute FAST_CWD pointer.  Please report this problem to
the public mailing list cygwin@cygwin.com
Info: Compiling PS2_ISR.c to obj/default/PS2_ISR.o
      1 [main] mkdir 8812 find_fast_cwd: WARNING: Couldn't compute FAST_CWD pointer.  Please report this problem to
nios2-elf-gcc -xc -MP -MMD -c -I../fgaweg_bsp//HAL/inc -I../fgaweg_bsp/ -I../fgaweg_bsp//drivers/inc  -DSYSTEM_BUS_WIDTH=32 -pipe -D__hal__ -DALT_NO_INSTRUCTION_EMULATION -DALT_SINGLE_THREADED    -O0 -g -Wall   -EL -mhw-div -mcustom-fpu-cfg=60-2 -mhw-mul -mno-hw-mulx  -o obj/default/PS2_ISR.o PS2_ISR.c
the public mailing list cygwin@cygwin.com
Info: Compiling audio_ISR.c to obj/default/audio_ISR.o
      1 [main] echo 1868 find_fast_cwd: WARNING: Couldn't compute FAST_CWD pointer.  Please report this problem to
nios2-elf-gcc -xc -MP -MMD -c -I../fgaweg_bsp//HAL/inc -I../fgaweg_bsp/ -I../fgaweg_bsp//drivers/inc  -DSYSTEM_BUS_WIDTH=32 -pipe -D__hal__ -DALT_NO_INSTRUCTION_EMULATION -DALT_SINGLE_THREADED    -O0 -g -Wall   -EL -mhw-div -mcustom-fpu-cfg=60-2 -mhw-mul -mno-hw-mulx  -o obj/default/audio_ISR.o audio_ISR.c
the public mailing list cygwin@cygwin.com
      1 [main] mkdir 13208 find_fast_cwd: WARNING: Couldn't compute FAST_CWD pointer.  Please report this problem to
the public mailing list cygwin@cygwin.com
audio_ISR.c: In function 'audio_ISR':
audio_ISR.c:31: warning: pointer targets in passing argument 2 of 'alt_up_audio_record_r' differ in signedness
audio_ISR.c:34: warning: pointer targets in passing argument 2 of 'alt_up_audio_record_l' differ in signedness
audio_ISR.c:56: warning: pointer targets in passing argument 2 of 'alt_up_audio_play_r' differ in signedness
audio_ISR.c:59: warning: pointer targets in passing argument 2 of 'alt_up_audio_play_l' differ in signedness
audio_ISR.c:20: warning: unused variable 'fifospace'
      1 [main] echo 14880 find_fast_cwd: WARNING: Couldn't compute FAST_CWD pointer.  Please report this problem to
the public mailing list cygwin@cygwin.com
Info: Compiling globals.c to obj/default/globals.o
      1 [main] mkdir 18232 find_fast_cwd: WARNING: Couldn't compute FAST_CWD pointer.  Please report this problem to
the public mailing list cygwin@cygwin.com
nios2-elf-gcc -xc -MP -MMD -c -I../fgaweg_bsp//HAL/inc -I../fgaweg_bsp/ -I../fgaweg_bsp//drivers/inc  -DSYSTEM_BUS_WIDTH=32 -pipe -D__hal__ -DALT_NO_INSTRUCTION_EMULATION -DALT_SINGLE_THREADED    -O0 -g -Wall   -EL -mhw-div -mcustom-fpu-cfg=60-2 -mhw-mul -mno-hw-mulx  -o obj/default/globals.o globals.c
      1 [main] echo 19108 find_fast_cwd: WARNING: Couldn't compute FAST_CWD pointer.  Please report this problem to
Info: Compiling interval_timer_ISR.c to obj/default/interval_timer_ISR.o
the public mailing list cygwin@cygwin.com
nios2-elf-gcc -xc -MP -MMD -c -I../fgaweg_bsp//HAL/inc -I../fgaweg_bsp/ -I../fgaweg_bsp//drivers/inc  -DSYSTEM_BUS_WIDTH=32 -pipe -D__hal__ -DALT_NO_INSTRUCTION_EMULATION -DALT_SINGLE_THREADED    -O0 -g -Wall   -EL -mhw-div -mcustom-fpu-cfg=60-2 -mhw-mul -mno-hw-mulx  -o obj/default/interval_timer_ISR.o interval_timer_ISR.c
      2 [main] mkdir 22872 find_fast_cwd: WARNING: Couldn't compute FAST_CWD pointer.  Please report this problem to
Info: Compiling media_interrupt_HAL.c to obj/default/media_interrupt_HAL.o
the public mailing list cygwin@cygwin.com
nios2-elf-gcc -xc -MP -MMD -c -I../fgaweg_bsp//HAL/inc -I../fgaweg_bsp/ -I../fgaweg_bsp//drivers/inc  -DSYSTEM_BUS_WIDTH=32 -pipe -D__hal__ -DALT_NO_INSTRUCTION_EMULATION -DALT_SINGLE_THREADED    -O0 -g -Wall   -EL -mhw-div -mcustom-fpu-cfg=60-2 -mhw-mul -mno-hw-mulx  -o obj/default/media_interrupt_HAL.o media_interrupt_HAL.c
      1 [main] echo 22320 find_fast_cwd: WARNING: Couldn't compute FAST_CWD pointer.  Please report this problem to
the public mailing list cygwin@cygwin.com
      1 [main] mkdir 18152 find_fast_cwd: WARNING: Couldn't compute FAST_CWD pointer.  Please report this problem to
the public mailing list cygwin@cygwin.com
media_interrupt_HAL.c:22: warning: 'mouse_isr_flag' initialized and declared 'extern'
media_interrupt_HAL.c: In function 'main':
media_interrupt_HAL.c:275: warning: passing argument 2 of '__builtin_stwio' makes integer from pointer without a cast
media_interrupt_HAL.c:276: warning: passing argument 2 of '__builtin_stwio' makes integer from pointer without a cast
media_interrupt_HAL.c:277: warning: passing argument 2 of '__builtin_stwio' makes integer from pointer without a cast
media_interrupt_HAL.c:279: warning: implicit declaration of function 'printf'
media_interrupt_HAL.c:279: warning: incompatible implicit declaration of built-in function 'printf'
media_interrupt_HAL.c:290: warning: implicit declaration of function 'drawings'
media_interrupt_HAL.c:309: warning: incompatible implicit declaration of built-in function 'printf'
media_interrupt_HAL.c:323: warning: implicit declaration of function 'getMouseChange'
media_interrupt_HAL.c:324: warning: implicit declaration of function 'mouse_movment'
media_interrupt_HAL.c:325: warning: implicit declaration of function 'mouse_click'
media_interrupt_HAL.c:326: warning: implicit declaration of function 'setMouseBounds'
media_interrupt_HAL.c:327: warning: implicit declaration of function 'mouse_click_actoin'
media_interrupt_HAL.c:200: warning: unused variable 'text_erase'
media_interrupt_HAL.c:196: warning: unused variable 'text_ALTERA'
media_interrupt_HAL.c:86: warning: unused variable 'char_buffer_y'
media_interrupt_HAL.c:86: warning: unused variable 'char_buffer_x'
media_interrupt_HAL.c:84: warning: unused variable 'ALT_inc_y'
media_interrupt_HAL.c:84: warning: unused variable 'ALT_inc_x'
media_interrupt_HAL.c:83: warning: unused variable 'ALT_y'
media_interrupt_HAL.c:83: warning: unused variable 'ALT_x2'
media_interrupt_HAL.c:83: warning: unused variable 'ALT_x1'
media_interrupt_HAL.c:71: warning: unused variable 'i'
media_interrupt_HAL.c: At top level:
media_interrupt_HAL.c:362: warning: conflicting types for 'drawings'
media_interrupt_HAL.c:290: warning: previous implicit declaration of 'drawings' was here
media_interrupt_HAL.c:390: warning: conflicting types for 'getMouseChange'
media_interrupt_HAL.c:323: warning: previous implicit declaration of 'getMouseChange' was here
media_interrupt_HAL.c:407: warning: conflicting types for 'setMouseBounds'
media_interrupt_HAL.c:326: warning: previous implicit declaration of 'setMouseBounds' was here
media_interrupt_HAL.c:429: warning: conflicting types for 'mouse_movment'
media_interrupt_HAL.c:324: warning: previous implicit declaration of 'mouse_movment' was here
media_interrupt_HAL.c: In function 'mouse_movment':
media_interrupt_HAL.c:467: warning: incompatible implicit declaration of built-in function 'printf'
media_interrupt_HAL.c:490: warning: incompatible implicit declaration of built-in function 'printf'
media_interrupt_HAL.c: At top level:
media_interrupt_HAL.c:496: warning: conflicting types for 'mouse_click'
media_interrupt_HAL.c:325: warning: previous implicit declaration of 'mouse_click' was here
media_interrupt_HAL.c:504: warning: conflicting types for 'mouse_click_actoin'
media_interrupt_HAL.c:327: warning: previous implicit declaration of 'mouse_click_actoin' was here
      1 [main] echo 8876 find_fast_cwd: WARNING: Couldn't compute FAST_CWD pointer.  Please report this problem to
Info: Compiling pushbutton_ISR.c to obj/default/pushbutton_ISR.o
the public mailing list cygwin@cygwin.com
      1 [main] mkdir 16756 find_fast_cwd: WARNING: Couldn't compute FAST_CWD pointer.  Please report this problem to
the public mailing list cygwin@cygwin.com
nios2-elf-gcc -xc -MP -MMD -c -I../fgaweg_bsp//HAL/inc -I../fgaweg_bsp/ -I../fgaweg_bsp//drivers/inc  -DSYSTEM_BUS_WIDTH=32 -pipe -D__hal__ -DALT_NO_INSTRUCTION_EMULATION -DALT_SINGLE_THREADED    -O0 -g -Wall   -EL -mhw-div -mcustom-fpu-cfg=60-2 -mhw-mul -mno-hw-mulx  -o obj/default/pushbutton_ISR.o pushbutton_ISR.c
      2 [main] true 10948 find_fast_cwd: WARNING: Couldn't compute FAST_CWD pointer.  Please report this problem to
the public mailing list cygwin@cygwin.com
      2 [main] echo 1400 find_fast_cwd: WARNING: Couldn't compute FAST_CWD pointer.  Please report this problem to
the public mailing list cygwin@cygwin.com
Info: Linking fgaweg.elf
nios2-elf-g++  -T'../fgaweg_bsp//linker.x' -msys-crt0='../fgaweg_bsp//obj/HAL/src/crt0.o' -msys-lib=hal_bsp -L../fgaweg_bsp/  -mcustom-fpu-cfg=60-2  -Wl,-Map=fgaweg.map   -O0 -g -Wall   -EL -mhw-div -mcustom-fpu-cfg=60-2 -mhw-mul -mno-hw-mulx  -o fgaweg.elf obj/default/PS2_ISR.o obj/default/audio_ISR.o obj/default/globals.o obj/default/interval_timer_ISR.o obj/default/media_interrupt_HAL.o obj/default/pushbutton_ISR.o -lm 
nios2-elf-insert fgaweg.elf --thread_model hal --cpu_name CPU --qsys true --simulation_enabled false --id 0 --sidp 0x10002020 --timestamp 1483182349 --stderr_dev JTAG_UART --stdin_dev JTAG_UART --stdout_dev JTAG_UART --sopc_system_name nios_system --quartus_project_dir "C:/Users/microsoft/Documents/UT/FPGA/Lab4/lab4/lab4_hardware"
    120 [main] sh 19032 find_fast_cwd: WARNING: Couldn't compute FAST_CWD pointer.  Please report this problem to
the public mailing list cygwin@cygwin.com
      1 [main] uname 21448 find_fast_cwd: WARNING: Couldn't compute FAST_CWD pointer.  Please report this problem to
the public mailing list cygwin@cygwin.com
      1 [main] sh 6140 find_fast_cwd: WARNING: Couldn't compute FAST_CWD pointer.  Please report this problem to
the public mailing list cygwin@cygwin.com
Info: (fgaweg.elf) 3991 KBytes program size (code + initialized data).
Info:              4194 KBytes free for stack + heap.
      1 [main] echo 3920 find_fast_cwd: WARNING: Couldn't compute FAST_CWD pointer.  Please report this problem to
Info: Creating fgaweg.objdump
the public mailing list cygwin@cygwin.com
nios2-elf-objdump --disassemble --syms --all-header --source fgaweg.elf >fgaweg.objdump
      1 [main] sh 12184 find_fast_cwd: WARNING: Couldn't compute FAST_CWD pointer.  Please report this problem to
the public mailing list cygwin@cygwin.com
      1 [main] sh 4528 find_fast_cwd: WARNING: Couldn't compute FAST_CWD pointer.  Please report this problem to
the public mailing list cygwin@cygwin.com
[fgaweg build complete]

**** Build Finished ****

**** Build of configuration Nios II for project fgaweg ****

make all 
      1 [main] sh 10932 find_fast_cwd: WARNING: Couldn't compute FAST_CWD pointer.  Please report this problem to
the public mailing list cygwin@cygwin.com
      1 [main] sh 18140 find_fast_cwd: WARNING: Couldn't compute FAST_CWD pointer.  Please report this problem to
the public mailing list cygwin@cygwin.com
      2 [main] echo 12136 find_fast_cwd: WARNING: Couldn't compute FAST_CWD pointer.  Please report this problem to
the public mailing list cygwin@cygwin.com
Info: Building ../fgaweg_bsp/
make --no-print-directory -C ../fgaweg_bsp/
      1 [main] pwd 16248 find_fast_cwd: WARNING: Couldn't compute FAST_CWD pointer.  Please report this problem to
the public mailing list cygwin@cygwin.com
      1 [main] sh 16864 find_fast_cwd: WARNING: Couldn't compute FAST_CWD pointer.  Please report this problem to
the public mailing list cygwin@cygwin.com
makefile:650: Warning: SOPC File C:/Users/MATRIX/Desktop/khaste/nios_system.sopcinfo could not be found.
      1 [main] sh 9016 find_fast_cwd: WARNING: Couldn't compute FAST_CWD pointer.  Please report this problem to
the public mailing list cygwin@cygwin.com
[BSP build complete]
      1 [main] echo 10992 find_fast_cwd: WARNING: Couldn't compute FAST_CWD pointer.  Please report this problem to
Info: Compiling media_interrupt_HAL.c to obj/default/media_interrupt_HAL.o
the public mailing list cygwin@cygwin.com
      1 [main] mkdir 21360 find_fast_cwd: WARNING: Couldn't compute FAST_CWD pointer.  Please report this problem to
the public mailing list cygwin@cygwin.com
nios2-elf-gcc -xc -MP -MMD -c -I../fgaweg_bsp//HAL/inc -I../fgaweg_bsp/ -I../fgaweg_bsp//drivers/inc  -DSYSTEM_BUS_WIDTH=32 -pipe -D__hal__ -DALT_NO_INSTRUCTION_EMULATION -DALT_SINGLE_THREADED    -O0 -g -Wall   -EL -mhw-div -mcustom-fpu-cfg=60-2 -mhw-mul -mno-hw-mulx  -o obj/default/media_interrupt_HAL.o media_interrupt_HAL.c
media_interrupt_HAL.c:22: warning: 'mouse_isr_flag' initialized and declared 'extern'
media_interrupt_HAL.c: In function 'main':
media_interrupt_HAL.c:275: warning: passing argument 2 of '__builtin_stwio' makes integer from pointer without a cast
media_interrupt_HAL.c:276: warning: passing argument 2 of '__builtin_stwio' makes integer from pointer without a cast
media_interrupt_HAL.c:277: warning: passing argument 2 of '__builtin_stwio' makes integer from pointer without a cast
media_interrupt_HAL.c:279: warning: implicit declaration of function 'printf'
media_interrupt_HAL.c:279: warning: incompatible implicit declaration of built-in function 'printf'
media_interrupt_HAL.c:290: warning: implicit declaration of function 'drawings'
media_interrupt_HAL.c:309: warning: incompatible implicit declaration of built-in function 'printf'
media_interrupt_HAL.c:323: warning: implicit declaration of function 'getMouseChange'
media_interrupt_HAL.c:324: warning: implicit declaration of function 'mouse_movment'
media_interrupt_HAL.c:325: warning: implicit declaration of function 'mouse_click'
media_interrupt_HAL.c:326: warning: implicit declaration of function 'setMouseBounds'
media_interrupt_HAL.c:327: warning: implicit declaration of function 'mouse_click_actoin'
media_interrupt_HAL.c:200: warning: unused variable 'text_erase'
media_interrupt_HAL.c:196: warning: unused variable 'text_ALTERA'
media_interrupt_HAL.c:86: warning: unused variable 'char_buffer_y'
media_interrupt_HAL.c:86: warning: unused variable 'char_buffer_x'
media_interrupt_HAL.c:84: warning: unused variable 'ALT_inc_y'
media_interrupt_HAL.c:84: warning: unused variable 'ALT_inc_x'
media_interrupt_HAL.c:83: warning: unused variable 'ALT_y'
media_interrupt_HAL.c:83: warning: unused variable 'ALT_x2'
media_interrupt_HAL.c:83: warning: unused variable 'ALT_x1'
media_interrupt_HAL.c:71: warning: unused variable 'i'
media_interrupt_HAL.c: At top level:
media_interrupt_HAL.c:362: warning: conflicting types for 'drawings'
media_interrupt_HAL.c:290: warning: previous implicit declaration of 'drawings' was here
media_interrupt_HAL.c:390: warning: conflicting types for 'getMouseChange'
media_interrupt_HAL.c:323: warning: previous implicit declaration of 'getMouseChange' was here
media_interrupt_HAL.c:407: warning: conflicting types for 'setMouseBounds'
media_interrupt_HAL.c:326: warning: previous implicit declaration of 'setMouseBounds' was here
media_interrupt_HAL.c:429: warning: conflicting types for 'mouse_movment'
media_interrupt_HAL.c:324: warning: previous implicit declaration of 'mouse_movment' was here
media_interrupt_HAL.c: In function 'mouse_movment':
media_interrupt_HAL.c:467: warning: incompatible implicit declaration of built-in function 'printf'
media_interrupt_HAL.c:490: warning: incompatible implicit declaration of built-in function 'printf'
media_interrupt_HAL.c: At top level:
media_interrupt_HAL.c:496: warning: conflicting types for 'mouse_click'
media_interrupt_HAL.c:325: warning: previous implicit declaration of 'mouse_click' was here
media_interrupt_HAL.c:504: warning: conflicting types for 'mouse_click_actoin'
media_interrupt_HAL.c:327: warning: previous implicit declaration of 'mouse_click_actoin' was here
      1 [main] true 16428 find_fast_cwd: WARNING: Couldn't compute FAST_CWD pointer.  Please report this problem to
the public mailing list cygwin@cygwin.com
      1 [main] echo 16412 find_fast_cwd: WARNING: Couldn't compute FAST_CWD pointer.  Please report this problem to
Info: Linking fgaweg.elf
the public mailing list cygwin@cygwin.com
nios2-elf-g++  -T'../fgaweg_bsp//linker.x' -msys-crt0='../fgaweg_bsp//obj/HAL/src/crt0.o' -msys-lib=hal_bsp -L../fgaweg_bsp/  -mcustom-fpu-cfg=60-2  -Wl,-Map=fgaweg.map   -O0 -g -Wall   -EL -mhw-div -mcustom-fpu-cfg=60-2 -mhw-mul -mno-hw-mulx  -o fgaweg.elf obj/default/PS2_ISR.o obj/default/audio_ISR.o obj/default/globals.o obj/default/interval_timer_ISR.o obj/default/media_interrupt_HAL.o obj/default/pushbutton_ISR.o -lm 
nios2-elf-insert fgaweg.elf --thread_model hal --cpu_name CPU --qsys true --simulation_enabled false --id 0 --sidp 0x10002020 --timestamp 1483182349 --stderr_dev JTAG_UART --stdin_dev JTAG_UART --stdout_dev JTAG_UART --sopc_system_name nios_system --quartus_project_dir "C:/Users/microsoft/Documents/UT/FPGA/Lab4/lab4/lab4_hardware"
      1 [main] sh 9628 find_fast_cwd: WARNING: Couldn't compute FAST_CWD pointer.  Please report this problem to
the public mailing list cygwin@cygwin.com
      2 [main] uname 11560 find_fast_cwd: WARNING: Couldn't compute FAST_CWD pointer.  Please report this problem to
the public mailing list cygwin@cygwin.com
      2 [main] sh 23408 find_fast_cwd: WARNING: Couldn't compute FAST_CWD pointer.  Please report this problem to
the public mailing list cygwin@cygwin.com
Info: (fgaweg.elf) 3991 KBytes program size (code + initialized data).
Info:              4194 KBytes free for stack + heap.
      1 [main] echo 17684 find_fast_cwd: WARNING: Couldn't compute FAST_CWD pointer.  Please report this problem to
Info: Creating fgaweg.objdump
the public mailing list cygwin@cygwin.com
nios2-elf-objdump --disassemble --syms --all-header --source fgaweg.elf >fgaweg.objdump
      2 [main] sh 15132 find_fast_cwd: WARNING: Couldn't compute FAST_CWD pointer.  Please report this problem to
the public mailing list cygwin@cygwin.com
      1 [main] sh 7428 find_fast_cwd: WARNING: Couldn't compute FAST_CWD pointer.  Please report this problem to
the public mailing list cygwin@cygwin.com
[fgaweg build complete]

**** Build Finished ****

**** Build of configuration Nios II for project fgaweg ****

make all 
      1 [main] sh 7208 find_fast_cwd: WARNING: Couldn't compute FAST_CWD pointer.  Please report this problem to
the public mailing list cygwin@cygwin.com
      3 [main] sh 18520 find_fast_cwd: WARNING: Couldn't compute FAST_CWD pointer.  Please report this problem to
the public mailing list cygwin@cygwin.com
      1 [main] echo 13528 find_fast_cwd: WARNING: Couldn't compute FAST_CWD pointer.  Please report this problem to
Info: Building ../fgaweg_bsp/
the public mailing list cygwin@cygwin.com
make --no-print-directory -C ../fgaweg_bsp/
      1 [main] pwd 4880 find_fast_cwd: WARNING: Couldn't compute FAST_CWD pointer.  Please report this problem to
the public mailing list cygwin@cygwin.com
      1 [main] sh 15128 find_fast_cwd: WARNING: Couldn't compute FAST_CWD pointer.  Please report this problem to
the public mailing list cygwin@cygwin.com
makefile:650: Warning: SOPC File C:/Users/MATRIX/Desktop/khaste/nios_system.sopcinfo could not be found.
      1 [main] sh 6508 find_fast_cwd: WARNING: Couldn't compute FAST_CWD pointer.  Please report this problem to
the public mailing list cygwin@cygwin.com
[BSP build complete]
      1 [main] echo 16572 find_fast_cwd: WARNING: Couldn't compute FAST_CWD pointer.  Please report this problem to
Info: Compiling media_interrupt_HAL.c to obj/default/media_interrupt_HAL.o
the public mailing list cygwin@cygwin.com
      1 [main] mkdir 12704 find_fast_cwd: WARNING: Couldn't compute FAST_CWD pointer.  Please report this problem to
nios2-elf-gcc -xc -MP -MMD -c -I../fgaweg_bsp//HAL/inc -I../fgaweg_bsp/ -I../fgaweg_bsp//drivers/inc  -DSYSTEM_BUS_WIDTH=32 -pipe -D__hal__ -DALT_NO_INSTRUCTION_EMULATION -DALT_SINGLE_THREADED    -O0 -g -Wall   -EL -mhw-div -mcustom-fpu-cfg=60-2 -mhw-mul -mno-hw-mulx  -o obj/default/media_interrupt_HAL.o media_interrupt_HAL.c
the public mailing list cygwin@cygwin.com
media_interrupt_HAL.c:22: warning: 'mouse_isr_flag' initialized and declared 'extern'
media_interrupt_HAL.c: In function 'main':
media_interrupt_HAL.c:275: warning: passing argument 2 of '__builtin_stwio' makes integer from pointer without a cast
media_interrupt_HAL.c:276: warning: passing argument 2 of '__builtin_stwio' makes integer from pointer without a cast
media_interrupt_HAL.c:277: warning: passing argument 2 of '__builtin_stwio' makes integer from pointer without a cast
media_interrupt_HAL.c:279: warning: implicit declaration of function 'printf'
media_interrupt_HAL.c:279: warning: incompatible implicit declaration of built-in function 'printf'
media_interrupt_HAL.c:290: warning: implicit declaration of function 'drawings'
media_interrupt_HAL.c:309: warning: incompatible implicit declaration of built-in function 'printf'
media_interrupt_HAL.c:323: warning: implicit declaration of function 'getMouseChange'
media_interrupt_HAL.c:324: warning: implicit declaration of function 'mouse_movment'
media_interrupt_HAL.c:325: warning: implicit declaration of function 'mouse_click'
media_interrupt_HAL.c:326: warning: implicit declaration of function 'setMouseBounds'
media_interrupt_HAL.c:327: warning: implicit declaration of function 'mouse_click_actoin'
media_interrupt_HAL.c:200: warning: unused variable 'text_erase'
media_interrupt_HAL.c:196: warning: unused variable 'text_ALTERA'
media_interrupt_HAL.c:86: warning: unused variable 'char_buffer_y'
media_interrupt_HAL.c:86: warning: unused variable 'char_buffer_x'
media_interrupt_HAL.c:84: warning: unused variable 'ALT_inc_y'
media_interrupt_HAL.c:84: warning: unused variable 'ALT_inc_x'
media_interrupt_HAL.c:83: warning: unused variable 'ALT_y'
media_interrupt_HAL.c:83: warning: unused variable 'ALT_x2'
media_interrupt_HAL.c:83: warning: unused variable 'ALT_x1'
media_interrupt_HAL.c:71: warning: unused variable 'i'
media_interrupt_HAL.c: At top level:
media_interrupt_HAL.c:362: warning: conflicting types for 'drawings'
media_interrupt_HAL.c:290: warning: previous implicit declaration of 'drawings' was here
media_interrupt_HAL.c:390: warning: conflicting types for 'getMouseChange'
media_interrupt_HAL.c:323: warning: previous implicit declaration of 'getMouseChange' was here
media_interrupt_HAL.c:407: warning: conflicting types for 'setMouseBounds'
media_interrupt_HAL.c:326: warning: previous implicit declaration of 'setMouseBounds' was here
media_interrupt_HAL.c:429: warning: conflicting types for 'mouse_movment'
media_interrupt_HAL.c:324: warning: previous implicit declaration of 'mouse_movment' was here
media_interrupt_HAL.c: In function 'mouse_movment':
media_interrupt_HAL.c:467: warning: incompatible implicit declaration of built-in function 'printf'
media_interrupt_HAL.c:490: warning: incompatible implicit declaration of built-in function 'printf'
media_interrupt_HAL.c: At top level:
media_interrupt_HAL.c:496: warning: conflicting types for 'mouse_click'
media_interrupt_HAL.c:325: warning: previous implicit declaration of 'mouse_click' was here
media_interrupt_HAL.c:504: warning: conflicting types for 'mouse_click_actoin'
media_interrupt_HAL.c:327: warning: previous implicit declaration of 'mouse_click_actoin' was here
      1 [main] true 23168 find_fast_cwd: WARNING: Couldn't compute FAST_CWD pointer.  Please report this problem to
the public mailing list cygwin@cygwin.com
      1 [main] echo 12800 find_fast_cwd: WARNING: Couldn't compute FAST_CWD pointer.  Please report this problem to
Info: Linking fgaweg.elf
the public mailing list cygwin@cygwin.com
nios2-elf-g++  -T'../fgaweg_bsp//linker.x' -msys-crt0='../fgaweg_bsp//obj/HAL/src/crt0.o' -msys-lib=hal_bsp -L../fgaweg_bsp/  -mcustom-fpu-cfg=60-2  -Wl,-Map=fgaweg.map   -O0 -g -Wall   -EL -mhw-div -mcustom-fpu-cfg=60-2 -mhw-mul -mno-hw-mulx  -o fgaweg.elf obj/default/PS2_ISR.o obj/default/audio_ISR.o obj/default/globals.o obj/default/interval_timer_ISR.o obj/default/media_interrupt_HAL.o obj/default/pushbutton_ISR.o -lm 
      2 [main] sh 988 find_fast_cwd: WARNING: Couldn't compute FAST_CWD pointer.  Please report this problem to
nios2-elf-insert fgaweg.elf --thread_model hal --cpu_name CPU --qsys true --simulation_enabled false --id 0 --sidp 0x10002020 --timestamp 1483182349 --stderr_dev JTAG_UART --stdin_dev JTAG_UART --stdout_dev JTAG_UART --sopc_system_name nios_system --quartus_project_dir "C:/Users/microsoft/Documents/UT/FPGA/Lab4/lab4/lab4_hardware"
the public mailing list cygwin@cygwin.com
      2 [main] uname 19440 find_fast_cwd: WARNING: Couldn't compute FAST_CWD pointer.  Please report this problem to
the public mailing list cygwin@cygwin.com
      1 [main] sh 2628 find_fast_cwd: WARNING: Couldn't compute FAST_CWD pointer.  Please report this problem to
the public mailing list cygwin@cygwin.com
Info: (fgaweg.elf) 3991 KBytes program size (code + initialized data).
Info:              4194 KBytes free for stack + heap.
      1 [main] echo 11476 find_fast_cwd: WARNING: Couldn't compute FAST_CWD pointer.  Please report this problem to
Info: Creating fgaweg.objdump
the public mailing list cygwin@cygwin.com
nios2-elf-objdump --disassemble --syms --all-header --source fgaweg.elf >fgaweg.objdump
      1 [main] sh 19788 find_fast_cwd: WARNING: Couldn't compute FAST_CWD pointer.  Please report this problem to
the public mailing list cygwin@cygwin.com
      1 [main] sh 10044 find_fast_cwd: WARNING: Couldn't compute FAST_CWD pointer.  Please report this problem to
the public mailing list cygwin@cygwin.com
[fgaweg build complete]

**** Build Finished ****

**** Build of configuration Nios II for project fgaweg ****

make all 
      1 [main] sh 20712 find_fast_cwd: WARNING: Couldn't compute FAST_CWD pointer.  Please report this problem to
the public mailing list cygwin@cygwin.com
      1 [main] sh 20320 find_fast_cwd: WARNING: Couldn't compute FAST_CWD pointer.  Please report this problem to
the public mailing list cygwin@cygwin.com
      1 [main] echo 22956 find_fast_cwd: WARNING: Couldn't compute FAST_CWD pointer.  Please report this problem to
Info: Building ../fgaweg_bsp/
the public mailing list cygwin@cygwin.com
make --no-print-directory -C ../fgaweg_bsp/
      1 [main] pwd 19108 find_fast_cwd: WARNING: Couldn't compute FAST_CWD pointer.  Please report this problem to
the public mailing list cygwin@cygwin.com
      1 [main] sh 9084 find_fast_cwd: WARNING: Couldn't compute FAST_CWD pointer.  Please report this problem to
the public mailing list cygwin@cygwin.com
makefile:650: Warning: SOPC File C:/Users/MATRIX/Desktop/khaste/nios_system.sopcinfo could not be found.
      1 [main] sh 12812 find_fast_cwd: WARNING: Couldn't compute FAST_CWD pointer.  Please report this problem to
the public mailing list cygwin@cygwin.com
[BSP build complete]
      1 [main] true 4424 find_fast_cwd: WARNING: Couldn't compute FAST_CWD pointer.  Please report this problem to
the public mailing list cygwin@cygwin.com
      1 [main] sh 5264 find_fast_cwd: WARNING: Couldn't compute FAST_CWD pointer.  Please report this problem to
the public mailing list cygwin@cygwin.com
[fgaweg build complete]

**** Build Finished ****
